<?xml version="1.0" encoding="UTF-8"?>
<testsuite name="com.kestrel.runners.WebTestRunner" tests="16" skipped="0" failures="16" errors="0" timestamp="2025-06-07T21:00:51" hostname="M-DZ" time="347.77">
  <properties/>
  <testcase name="Complete shopping mission - Full checkout flow" classname="com.kestrel.runners.WebTestRunner" time="22.181">
    <failure message="org.openqa.selenium.UnhandledAlertException: unexpected alert open: {Alert text : Sign up successful.}&#10;  (Session info: chrome=137.0.7151.69): Sign up successful.&#10;Build info: version: '4.16.1', revision: '9b4c83354e'&#10;System info: os.name: 'Windows 11', os.arch: 'amd64', os.version: '10.0', java.version: '17.0.12'&#10;Driver info: org.openqa.selenium.chrome.ChromeDriver&#10;Command: [d2d1e4cfb979035e7d3c36d5c4b11fd8, findElement {using=id, value=signInModal}]&#10;Capabilities {acceptInsecureCerts: false, browserName: chrome, browserVersion: 137.0.7151.69, chrome: {chromedriverVersion: 137.0.7151.68 (2989ffee9373..., userDataDir: C:\Users\azka1\AppData\Loca...}, fedcm:accounts: true, goog:chromeOptions: {debuggerAddress: localhost:57228}, networkConnectionEnabled: false, pageLoadStrategy: normal, platformName: windows, proxy: Proxy(), se:cdp: ws://localhost:57228/devtoo..., se:cdpVersion: 137.0.7151.69, setWindowRect: true, strictFileInteractability: false, timeouts: {implicit: 0, pageLoad: 300000, script: 30000}, unhandledPromptBehavior: dismiss and notify, webauthn:extension:credBlob: true, webauthn:extension:largeBlob: true, webauthn:extension:minPinLength: true, webauthn:extension:prf: true, webauthn:virtualAuthenticators: true}&#10;Session ID: d2d1e4cfb979035e7d3c36d5c4b11fd8" type="org.openqa.selenium.UnhandledAlertException">org.openqa.selenium.UnhandledAlertException: unexpected alert open: {Alert text : Sign up successful.}
  (Session info: chrome=137.0.7151.69): Sign up successful.
Build info: version: '4.16.1', revision: '9b4c83354e'
System info: os.name: 'Windows 11', os.arch: 'amd64', os.version: '10.0', java.version: '17.0.12'
Driver info: org.openqa.selenium.chrome.ChromeDriver
Command: [d2d1e4cfb979035e7d3c36d5c4b11fd8, findElement {using=id, value=signInModal}]
Capabilities {acceptInsecureCerts: false, browserName: chrome, browserVersion: 137.0.7151.69, chrome: {chromedriverVersion: 137.0.7151.68 (2989ffee9373..., userDataDir: C:\Users\azka1\AppData\Loca...}, fedcm:accounts: true, goog:chromeOptions: {debuggerAddress: localhost:57228}, networkConnectionEnabled: false, pageLoadStrategy: normal, platformName: windows, proxy: Proxy(), se:cdp: ws://localhost:57228/devtoo..., se:cdpVersion: 137.0.7151.69, setWindowRect: true, strictFileInteractability: false, timeouts: {implicit: 0, pageLoad: 300000, script: 30000}, unhandledPromptBehavior: dismiss and notify, webauthn:extension:credBlob: true, webauthn:extension:largeBlob: true, webauthn:extension:minPinLength: true, webauthn:extension:prf: true, webauthn:virtualAuthenticators: true}
Session ID: d2d1e4cfb979035e7d3c36d5c4b11fd8
	at app//org.openqa.selenium.remote.codec.w3c.W3CHttpResponseCodec.decode(W3CHttpResponseCodec.java:131)
	at app//org.openqa.selenium.remote.codec.w3c.W3CHttpResponseCodec.decode(W3CHttpResponseCodec.java:52)
	at app//org.openqa.selenium.remote.HttpCommandExecutor.execute(HttpCommandExecutor.java:191)
	at app//org.openqa.selenium.remote.service.DriverCommandExecutor.invokeExecute(DriverCommandExecutor.java:200)
	at app//org.openqa.selenium.remote.service.DriverCommandExecutor.execute(DriverCommandExecutor.java:175)
	at app//org.openqa.selenium.remote.RemoteWebDriver.execute(RemoteWebDriver.java:523)
	at app//org.openqa.selenium.remote.ElementLocation$ElementFinder$2.findElement(ElementLocation.java:165)
	at app//org.openqa.selenium.remote.ElementLocation.findElement(ElementLocation.java:59)
	at app//org.openqa.selenium.remote.RemoteWebDriver.findElement(RemoteWebDriver.java:360)
	at app//org.openqa.selenium.remote.RemoteWebDriver.findElement(RemoteWebDriver.java:354)
	at app//org.openqa.selenium.support.pagefactory.DefaultElementLocator.findElement(DefaultElementLocator.java:68)
	at app//org.openqa.selenium.support.pagefactory.internal.LocatingElementHandler.invoke(LocatingElementHandler.java:38)
	at app/jdk.proxy3/jdk.proxy3.$Proxy32.isDisplayed(Unknown Source)
	at app//org.openqa.selenium.support.ui.ExpectedConditions.isInvisible(ExpectedConditions.java:1374)
	at app//org.openqa.selenium.support.ui.ExpectedConditions$48.apply(ExpectedConditions.java:1362)
	at app//org.openqa.selenium.support.ui.ExpectedConditions$48.apply(ExpectedConditions.java:1358)
	at app//org.openqa.selenium.support.ui.FluentWait.until(FluentWait.java:204)
	at app//com.kestrel.web.pages.SignUpPage.signUp(SignUpPage.java:54)
	at app//com.kestrel.web.stepdefs.WebStepDefinitions.iRegisterWithCredentials(WebStepDefinitions.java:176)
	at ✽.I register with credentials &quot;kestrel_shopper&quot; and &quot;mission123&quot;(classpath:features/web/Web%20CheckoutMission.feature:14)
</failure>
  </testcase>
  <testcase name="Guest checkout with product selection" classname="com.kestrel.runners.WebTestRunner" time="18.988">
    <failure message="org.opentest4j.AssertionFailedError: Homepage should be loaded ==&gt; expected: &lt;true&gt; but was: &lt;false&gt;" type="org.opentest4j.AssertionFailedError">org.opentest4j.AssertionFailedError: Homepage should be loaded ==&gt; expected: &lt;true&gt; but was: &lt;false&gt;
	at app//com.kestrel.web.stepdefs.WebStepDefinitions.kestrelAgentIsPositionedAtDemoblazeHomepage(WebStepDefinitions.java:42)
	at ✽.Kestrel agent is positioned at Demoblaze homepage(classpath:features/web/Web%20CheckoutMission.feature:8)
</failure>
  </testcase>
  <testcase name="Incomplete checkout form validation" classname="com.kestrel.runners.WebTestRunner" time="11.789">
    <failure message="io.cucumber.junit.platform.engine.UndefinedStepException: The step 'I attempt purchase with incomplete form' and 4 other step(s) are undefined.&#10;You can implement these steps using the snippet(s) below:&#10;&#10;@When(&quot;I attempt purchase with incomplete form&quot;)&#10;public void i_attempt_purchase_with_incomplete_form(io.cucumber.datatable.DataTable dataTable) {&#10;    // Write code here that turns the phrase above into concrete actions&#10;    // For automatic transformation, change DataTable to one of&#10;    // E, List&lt;E&gt;, List&lt;List&lt;E&gt;&gt;, List&lt;Map&lt;K,V&gt;&gt;, Map&lt;K,V&gt; or&#10;    // Map&lt;K, List&lt;V&gt;&gt;. E,K,V must be a String, Integer, Float,&#10;    // Double, Byte, Short, Long, BigInteger or BigDecimal.&#10;    //&#10;    // For other transformations you can register a DataTableType.&#10;    throw new io.cucumber.java.PendingException();&#10;}&#10;@Then(&quot;form validation should trigger&quot;)&#10;public void form_validation_should_trigger() {&#10;    // Write code here that turns the phrase above into concrete actions&#10;    throw new io.cucumber.java.PendingException();&#10;}&#10;@Then(&quot;required field errors should appear&quot;)&#10;public void required_field_errors_should_appear() {&#10;    // Write code here that turns the phrase above into concrete actions&#10;    throw new io.cucumber.java.PendingException();&#10;}&#10;@Then(&quot;purchase should be prevented&quot;)&#10;public void purchase_should_be_prevented() {&#10;    // Write code here that turns the phrase above into concrete actions&#10;    throw new io.cucumber.java.PendingException();&#10;}&#10;@Then(&quot;form should remain on checkout page&quot;)&#10;public void form_should_remain_on_checkout_page() {&#10;    // Write code here that turns the phrase above into concrete actions&#10;    throw new io.cucumber.java.PendingException();&#10;}&#10;" type="io.cucumber.junit.platform.engine.UndefinedStepException">io.cucumber.junit.platform.engine.UndefinedStepException: The step 'I attempt purchase with incomplete form' and 4 other step(s) are undefined.
You can implement these steps using the snippet(s) below:

@When(&quot;I attempt purchase with incomplete form&quot;)
public void i_attempt_purchase_with_incomplete_form(io.cucumber.datatable.DataTable dataTable) {
    // Write code here that turns the phrase above into concrete actions
    // For automatic transformation, change DataTable to one of
    // E, List&lt;E&gt;, List&lt;List&lt;E&gt;&gt;, List&lt;Map&lt;K,V&gt;&gt;, Map&lt;K,V&gt; or
    // Map&lt;K, List&lt;V&gt;&gt;. E,K,V must be a String, Integer, Float,
    // Double, Byte, Short, Long, BigInteger or BigDecimal.
    //
    // For other transformations you can register a DataTableType.
    throw new io.cucumber.java.PendingException();
}
@Then(&quot;form validation should trigger&quot;)
public void form_validation_should_trigger() {
    // Write code here that turns the phrase above into concrete actions
    throw new io.cucumber.java.PendingException();
}
@Then(&quot;required field errors should appear&quot;)
public void required_field_errors_should_appear() {
    // Write code here that turns the phrase above into concrete actions
    throw new io.cucumber.java.PendingException();
}
@Then(&quot;purchase should be prevented&quot;)
public void purchase_should_be_prevented() {
    // Write code here that turns the phrase above into concrete actions
    throw new io.cucumber.java.PendingException();
}
@Then(&quot;form should remain on checkout page&quot;)
public void form_should_remain_on_checkout_page() {
    // Write code here that turns the phrase above into concrete actions
    throw new io.cucumber.java.PendingException();
}

	at app//io.cucumber.core.runtime.TestCaseResultObserver.assertTestCasePassed(TestCaseResultObserver.java:69)
	at app//io.cucumber.junit.platform.engine.TestCaseResultObserver.assertTestCasePassed(TestCaseResultObserver.java:22)
	at app//io.cucumber.junit.platform.engine.CucumberEngineExecutionContext.lambda$runTestCase$4(CucumberEngineExecutionContext.java:114)
	at app//io.cucumber.core.runtime.CucumberExecutionContext.lambda$runTestCase$5(CucumberExecutionContext.java:137)
	at app//io.cucumber.core.runtime.RethrowingThrowableCollector.executeAndThrow(RethrowingThrowableCollector.java:23)
	at app//io.cucumber.core.runtime.CucumberExecutionContext.runTestCase(CucumberExecutionContext.java:137)
	at app//io.cucumber.junit.platform.engine.CucumberEngineExecutionContext.runTestCase(CucumberEngineExecutionContext.java:109)
	at app//io.cucumber.junit.platform.engine.NodeDescriptor$PickleDescriptor.execute(NodeDescriptor.java:168)
	at app//io.cucumber.junit.platform.engine.NodeDescriptor$PickleDescriptor.execute(NodeDescriptor.java:90)
	at java.base@17.0.12/java.util.ArrayList.forEach(ArrayList.java:1511)
	at java.base@17.0.12/java.util.ArrayList.forEach(ArrayList.java:1511)
</failure>
  </testcase>
  <testcase name="Checkout with invalid payment details" classname="com.kestrel.runners.WebTestRunner" time="18.088">
    <failure message="org.opentest4j.AssertionFailedError: Homepage should be loaded ==&gt; expected: &lt;true&gt; but was: &lt;false&gt;" type="org.opentest4j.AssertionFailedError">org.opentest4j.AssertionFailedError: Homepage should be loaded ==&gt; expected: &lt;true&gt; but was: &lt;false&gt;
	at app//com.kestrel.web.stepdefs.WebStepDefinitions.kestrelAgentIsPositionedAtDemoblazeHomepage(WebStepDefinitions.java:42)
	at ✽.Kestrel agent is positioned at Demoblaze homepage(classpath:features/web/Web%20CheckoutMission.feature:8)
</failure>
  </testcase>
  <testcase name="Product reconnaissance and acquisition" classname="com.kestrel.runners.WebTestRunner" time="16.327">
    <failure message="org.opentest4j.AssertionFailedError: Homepage should be loaded ==&gt; expected: &lt;true&gt; but was: &lt;false&gt;" type="org.opentest4j.AssertionFailedError">org.opentest4j.AssertionFailedError: Homepage should be loaded ==&gt; expected: &lt;true&gt; but was: &lt;false&gt;
	at app//com.kestrel.web.stepdefs.WebStepDefinitions.kestrelAgentIsPositionedAtDemoblazeHomepage(WebStepDefinitions.java:42)
	at ✽.Kestrel agent is positioned at Demoblaze homepage(classpath:features/web/Web%20ShoppingCart.feature:8)
</failure>
  </testcase>
  <testcase name="Multi-product cart assembly" classname="com.kestrel.runners.WebTestRunner" time="8.339">
    <failure message="org.openqa.selenium.UnhandledAlertException: unexpected alert open: {Alert text : Wrong password.}&#10;  (Session info: chrome=137.0.7151.69): Wrong password.&#10;Build info: version: '4.16.1', revision: '9b4c83354e'&#10;System info: os.name: 'Windows 11', os.arch: 'amd64', os.version: '10.0', java.version: '17.0.12'&#10;Driver info: org.openqa.selenium.chrome.ChromeDriver&#10;Command: [36f15a2e5f918319e8d368b2a3502d1e, findElement {using=id, value=logInModal}]&#10;Capabilities {acceptInsecureCerts: false, browserName: chrome, browserVersion: 137.0.7151.69, chrome: {chromedriverVersion: 137.0.7151.68 (2989ffee9373..., userDataDir: C:\Users\azka1\AppData\Loca...}, fedcm:accounts: true, goog:chromeOptions: {debuggerAddress: localhost:57398}, networkConnectionEnabled: false, pageLoadStrategy: normal, platformName: windows, proxy: Proxy(), se:cdp: ws://localhost:57398/devtoo..., se:cdpVersion: 137.0.7151.69, setWindowRect: true, strictFileInteractability: false, timeouts: {implicit: 0, pageLoad: 300000, script: 30000}, unhandledPromptBehavior: dismiss and notify, webauthn:extension:credBlob: true, webauthn:extension:largeBlob: true, webauthn:extension:minPinLength: true, webauthn:extension:prf: true, webauthn:virtualAuthenticators: true}&#10;Session ID: 36f15a2e5f918319e8d368b2a3502d1e" type="org.openqa.selenium.UnhandledAlertException">org.openqa.selenium.UnhandledAlertException: unexpected alert open: {Alert text : Wrong password.}
  (Session info: chrome=137.0.7151.69): Wrong password.
Build info: version: '4.16.1', revision: '9b4c83354e'
System info: os.name: 'Windows 11', os.arch: 'amd64', os.version: '10.0', java.version: '17.0.12'
Driver info: org.openqa.selenium.chrome.ChromeDriver
Command: [36f15a2e5f918319e8d368b2a3502d1e, findElement {using=id, value=logInModal}]
Capabilities {acceptInsecureCerts: false, browserName: chrome, browserVersion: 137.0.7151.69, chrome: {chromedriverVersion: 137.0.7151.68 (2989ffee9373..., userDataDir: C:\Users\azka1\AppData\Loca...}, fedcm:accounts: true, goog:chromeOptions: {debuggerAddress: localhost:57398}, networkConnectionEnabled: false, pageLoadStrategy: normal, platformName: windows, proxy: Proxy(), se:cdp: ws://localhost:57398/devtoo..., se:cdpVersion: 137.0.7151.69, setWindowRect: true, strictFileInteractability: false, timeouts: {implicit: 0, pageLoad: 300000, script: 30000}, unhandledPromptBehavior: dismiss and notify, webauthn:extension:credBlob: true, webauthn:extension:largeBlob: true, webauthn:extension:minPinLength: true, webauthn:extension:prf: true, webauthn:virtualAuthenticators: true}
Session ID: 36f15a2e5f918319e8d368b2a3502d1e
	at app//org.openqa.selenium.remote.codec.w3c.W3CHttpResponseCodec.decode(W3CHttpResponseCodec.java:131)
	at app//org.openqa.selenium.remote.codec.w3c.W3CHttpResponseCodec.decode(W3CHttpResponseCodec.java:52)
	at app//org.openqa.selenium.remote.HttpCommandExecutor.execute(HttpCommandExecutor.java:191)
	at app//org.openqa.selenium.remote.service.DriverCommandExecutor.invokeExecute(DriverCommandExecutor.java:200)
	at app//org.openqa.selenium.remote.service.DriverCommandExecutor.execute(DriverCommandExecutor.java:175)
	at app//org.openqa.selenium.remote.RemoteWebDriver.execute(RemoteWebDriver.java:523)
	at app//org.openqa.selenium.remote.ElementLocation$ElementFinder$2.findElement(ElementLocation.java:165)
	at app//org.openqa.selenium.remote.ElementLocation.findElement(ElementLocation.java:59)
	at app//org.openqa.selenium.remote.RemoteWebDriver.findElement(RemoteWebDriver.java:360)
	at app//org.openqa.selenium.remote.RemoteWebDriver.findElement(RemoteWebDriver.java:354)
	at app//org.openqa.selenium.support.pagefactory.DefaultElementLocator.findElement(DefaultElementLocator.java:68)
	at app//org.openqa.selenium.support.pagefactory.internal.LocatingElementHandler.invoke(LocatingElementHandler.java:38)
	at app/jdk.proxy3/jdk.proxy3.$Proxy32.isDisplayed(Unknown Source)
	at app//org.openqa.selenium.support.ui.ExpectedConditions.isInvisible(ExpectedConditions.java:1374)
	at app//org.openqa.selenium.support.ui.ExpectedConditions$48.apply(ExpectedConditions.java:1362)
	at app//org.openqa.selenium.support.ui.ExpectedConditions$48.apply(ExpectedConditions.java:1358)
	at app//org.openqa.selenium.support.ui.FluentWait.until(FluentWait.java:204)
	at app//com.kestrel.web.pages.LoginPage.clickLoginSubmit(LoginPage.java:103)
	at app//com.kestrel.web.pages.LoginPage.login(LoginPage.java:117)
	at app//com.kestrel.web.stepdefs.WebStepDefinitions.iAmAuthenticatedAs(WebStepDefinitions.java:248)
	at ✽.I am authenticated as &quot;testuser&quot;(classpath:features/web/Web%20ShoppingCart.feature:9)
</failure>
  </testcase>
  <testcase name="Cart modification operations" classname="com.kestrel.runners.WebTestRunner" time="8.75">
    <failure message="org.openqa.selenium.UnhandledAlertException: unexpected alert open: {Alert text : Wrong password.}&#10;  (Session info: chrome=137.0.7151.69): Wrong password.&#10;Build info: version: '4.16.1', revision: '9b4c83354e'&#10;System info: os.name: 'Windows 11', os.arch: 'amd64', os.version: '10.0', java.version: '17.0.12'&#10;Driver info: org.openqa.selenium.chrome.ChromeDriver&#10;Command: [34997ace67bcd52016d9aad43ceed8d8, findElement {using=id, value=logInModal}]&#10;Capabilities {acceptInsecureCerts: false, browserName: chrome, browserVersion: 137.0.7151.69, chrome: {chromedriverVersion: 137.0.7151.68 (2989ffee9373..., userDataDir: C:\Users\azka1\AppData\Loca...}, fedcm:accounts: true, goog:chromeOptions: {debuggerAddress: localhost:57429}, networkConnectionEnabled: false, pageLoadStrategy: normal, platformName: windows, proxy: Proxy(), se:cdp: ws://localhost:57429/devtoo..., se:cdpVersion: 137.0.7151.69, setWindowRect: true, strictFileInteractability: false, timeouts: {implicit: 0, pageLoad: 300000, script: 30000}, unhandledPromptBehavior: dismiss and notify, webauthn:extension:credBlob: true, webauthn:extension:largeBlob: true, webauthn:extension:minPinLength: true, webauthn:extension:prf: true, webauthn:virtualAuthenticators: true}&#10;Session ID: 34997ace67bcd52016d9aad43ceed8d8" type="org.openqa.selenium.UnhandledAlertException">org.openqa.selenium.UnhandledAlertException: unexpected alert open: {Alert text : Wrong password.}
  (Session info: chrome=137.0.7151.69): Wrong password.
Build info: version: '4.16.1', revision: '9b4c83354e'
System info: os.name: 'Windows 11', os.arch: 'amd64', os.version: '10.0', java.version: '17.0.12'
Driver info: org.openqa.selenium.chrome.ChromeDriver
Command: [34997ace67bcd52016d9aad43ceed8d8, findElement {using=id, value=logInModal}]
Capabilities {acceptInsecureCerts: false, browserName: chrome, browserVersion: 137.0.7151.69, chrome: {chromedriverVersion: 137.0.7151.68 (2989ffee9373..., userDataDir: C:\Users\azka1\AppData\Loca...}, fedcm:accounts: true, goog:chromeOptions: {debuggerAddress: localhost:57429}, networkConnectionEnabled: false, pageLoadStrategy: normal, platformName: windows, proxy: Proxy(), se:cdp: ws://localhost:57429/devtoo..., se:cdpVersion: 137.0.7151.69, setWindowRect: true, strictFileInteractability: false, timeouts: {implicit: 0, pageLoad: 300000, script: 30000}, unhandledPromptBehavior: dismiss and notify, webauthn:extension:credBlob: true, webauthn:extension:largeBlob: true, webauthn:extension:minPinLength: true, webauthn:extension:prf: true, webauthn:virtualAuthenticators: true}
Session ID: 34997ace67bcd52016d9aad43ceed8d8
	at app//org.openqa.selenium.remote.codec.w3c.W3CHttpResponseCodec.decode(W3CHttpResponseCodec.java:131)
	at app//org.openqa.selenium.remote.codec.w3c.W3CHttpResponseCodec.decode(W3CHttpResponseCodec.java:52)
	at app//org.openqa.selenium.remote.HttpCommandExecutor.execute(HttpCommandExecutor.java:191)
	at app//org.openqa.selenium.remote.service.DriverCommandExecutor.invokeExecute(DriverCommandExecutor.java:200)
	at app//org.openqa.selenium.remote.service.DriverCommandExecutor.execute(DriverCommandExecutor.java:175)
	at app//org.openqa.selenium.remote.RemoteWebDriver.execute(RemoteWebDriver.java:523)
	at app//org.openqa.selenium.remote.ElementLocation$ElementFinder$2.findElement(ElementLocation.java:165)
	at app//org.openqa.selenium.remote.ElementLocation.findElement(ElementLocation.java:59)
	at app//org.openqa.selenium.remote.RemoteWebDriver.findElement(RemoteWebDriver.java:360)
	at app//org.openqa.selenium.remote.RemoteWebDriver.findElement(RemoteWebDriver.java:354)
	at app//org.openqa.selenium.support.pagefactory.DefaultElementLocator.findElement(DefaultElementLocator.java:68)
	at app//org.openqa.selenium.support.pagefactory.internal.LocatingElementHandler.invoke(LocatingElementHandler.java:38)
	at app/jdk.proxy3/jdk.proxy3.$Proxy32.isDisplayed(Unknown Source)
	at app//org.openqa.selenium.support.ui.ExpectedConditions.isInvisible(ExpectedConditions.java:1374)
	at app//org.openqa.selenium.support.ui.ExpectedConditions$48.apply(ExpectedConditions.java:1362)
	at app//org.openqa.selenium.support.ui.ExpectedConditions$48.apply(ExpectedConditions.java:1358)
	at app//org.openqa.selenium.support.ui.FluentWait.until(FluentWait.java:204)
	at app//com.kestrel.web.pages.LoginPage.clickLoginSubmit(LoginPage.java:103)
	at app//com.kestrel.web.pages.LoginPage.login(LoginPage.java:117)
	at app//com.kestrel.web.stepdefs.WebStepDefinitions.iAmAuthenticatedAs(WebStepDefinitions.java:248)
	at ✽.I am authenticated as &quot;testuser&quot;(classpath:features/web/Web%20ShoppingCart.feature:9)
</failure>
  </testcase>
  <testcase name="Product details verification" classname="com.kestrel.runners.WebTestRunner" time="16.031">
    <failure message="org.opentest4j.AssertionFailedError: Homepage should be loaded ==&gt; expected: &lt;true&gt; but was: &lt;false&gt;" type="org.opentest4j.AssertionFailedError">org.opentest4j.AssertionFailedError: Homepage should be loaded ==&gt; expected: &lt;true&gt; but was: &lt;false&gt;
	at app//com.kestrel.web.stepdefs.WebStepDefinitions.kestrelAgentIsPositionedAtDemoblazeHomepage(WebStepDefinitions.java:42)
	at ✽.Kestrel agent is positioned at Demoblaze homepage(classpath:features/web/Web%20ShoppingCart.feature:8)
</failure>
  </testcase>
  <testcase name="Cart operations without authentication" classname="com.kestrel.runners.WebTestRunner" time="72.37">
    <failure message="org.openqa.selenium.UnhandledAlertException: unexpected alert open: {Alert text : Wrong password.}&#10;  (Session info: chrome=137.0.7151.69): Wrong password.&#10;Build info: version: '4.16.1', revision: '9b4c83354e'&#10;System info: os.name: 'Windows 11', os.arch: 'amd64', os.version: '10.0', java.version: '17.0.12'&#10;Driver info: org.openqa.selenium.chrome.ChromeDriver&#10;Command: [f2a8a9ce5683ebd7a85d734e03acbc98, findElement {using=id, value=logInModal}]&#10;Capabilities {acceptInsecureCerts: false, browserName: chrome, browserVersion: 137.0.7151.69, chrome: {chromedriverVersion: 137.0.7151.68 (2989ffee9373..., userDataDir: C:\Users\azka1\AppData\Loca...}, fedcm:accounts: true, goog:chromeOptions: {debuggerAddress: localhost:57510}, networkConnectionEnabled: false, pageLoadStrategy: normal, platformName: windows, proxy: Proxy(), se:cdp: ws://localhost:57510/devtoo..., se:cdpVersion: 137.0.7151.69, setWindowRect: true, strictFileInteractability: false, timeouts: {implicit: 0, pageLoad: 300000, script: 30000}, unhandledPromptBehavior: dismiss and notify, webauthn:extension:credBlob: true, webauthn:extension:largeBlob: true, webauthn:extension:minPinLength: true, webauthn:extension:prf: true, webauthn:virtualAuthenticators: true}&#10;Session ID: f2a8a9ce5683ebd7a85d734e03acbc98" type="org.openqa.selenium.UnhandledAlertException">org.openqa.selenium.UnhandledAlertException: unexpected alert open: {Alert text : Wrong password.}
  (Session info: chrome=137.0.7151.69): Wrong password.
Build info: version: '4.16.1', revision: '9b4c83354e'
System info: os.name: 'Windows 11', os.arch: 'amd64', os.version: '10.0', java.version: '17.0.12'
Driver info: org.openqa.selenium.chrome.ChromeDriver
Command: [f2a8a9ce5683ebd7a85d734e03acbc98, findElement {using=id, value=logInModal}]
Capabilities {acceptInsecureCerts: false, browserName: chrome, browserVersion: 137.0.7151.69, chrome: {chromedriverVersion: 137.0.7151.68 (2989ffee9373..., userDataDir: C:\Users\azka1\AppData\Loca...}, fedcm:accounts: true, goog:chromeOptions: {debuggerAddress: localhost:57510}, networkConnectionEnabled: false, pageLoadStrategy: normal, platformName: windows, proxy: Proxy(), se:cdp: ws://localhost:57510/devtoo..., se:cdpVersion: 137.0.7151.69, setWindowRect: true, strictFileInteractability: false, timeouts: {implicit: 0, pageLoad: 300000, script: 30000}, unhandledPromptBehavior: dismiss and notify, webauthn:extension:credBlob: true, webauthn:extension:largeBlob: true, webauthn:extension:minPinLength: true, webauthn:extension:prf: true, webauthn:virtualAuthenticators: true}
Session ID: f2a8a9ce5683ebd7a85d734e03acbc98
	at app//org.openqa.selenium.remote.codec.w3c.W3CHttpResponseCodec.decode(W3CHttpResponseCodec.java:131)
	at app//org.openqa.selenium.remote.codec.w3c.W3CHttpResponseCodec.decode(W3CHttpResponseCodec.java:52)
	at app//org.openqa.selenium.remote.HttpCommandExecutor.execute(HttpCommandExecutor.java:191)
	at app//org.openqa.selenium.remote.service.DriverCommandExecutor.invokeExecute(DriverCommandExecutor.java:200)
	at app//org.openqa.selenium.remote.service.DriverCommandExecutor.execute(DriverCommandExecutor.java:175)
	at app//org.openqa.selenium.remote.RemoteWebDriver.execute(RemoteWebDriver.java:523)
	at app//org.openqa.selenium.remote.ElementLocation$ElementFinder$2.findElement(ElementLocation.java:165)
	at app//org.openqa.selenium.remote.ElementLocation.findElement(ElementLocation.java:59)
	at app//org.openqa.selenium.remote.RemoteWebDriver.findElement(RemoteWebDriver.java:360)
	at app//org.openqa.selenium.remote.RemoteWebDriver.findElement(RemoteWebDriver.java:354)
	at app//org.openqa.selenium.support.pagefactory.DefaultElementLocator.findElement(DefaultElementLocator.java:68)
	at app//org.openqa.selenium.support.pagefactory.internal.LocatingElementHandler.invoke(LocatingElementHandler.java:38)
	at app/jdk.proxy3/jdk.proxy3.$Proxy32.isDisplayed(Unknown Source)
	at app//org.openqa.selenium.support.ui.ExpectedConditions.isInvisible(ExpectedConditions.java:1374)
	at app//org.openqa.selenium.support.ui.ExpectedConditions$48.apply(ExpectedConditions.java:1362)
	at app//org.openqa.selenium.support.ui.ExpectedConditions$48.apply(ExpectedConditions.java:1358)
	at app//org.openqa.selenium.support.ui.FluentWait.until(FluentWait.java:204)
	at app//com.kestrel.web.pages.LoginPage.clickLoginSubmit(LoginPage.java:103)
	at app//com.kestrel.web.pages.LoginPage.login(LoginPage.java:117)
	at app//com.kestrel.web.stepdefs.WebStepDefinitions.iAmAuthenticatedAs(WebStepDefinitions.java:248)
	at ✽.I am authenticated as &quot;testuser&quot;(classpath:features/web/Web%20ShoppingCart.feature:9)
</failure>
  </testcase>
  <testcase name="Empty cart checkout attempt" classname="com.kestrel.runners.WebTestRunner" time="96.506">
    <failure message="java.lang.RuntimeException: Web scenario setup failed" type="java.lang.RuntimeException">java.lang.RuntimeException: Web scenario setup failed
	at com.kestrel.utils.Hooks.beforeWebScenario(Hooks.java:94)
Caused by: java.lang.RuntimeException: Navigation failed after retries
	at com.kestrel.utils.DriverManager.navigateTo(DriverManager.java:275)
	at com.kestrel.utils.Hooks.beforeWebScenario(Hooks.java:87)
	at java.base/java.lang.reflect.Method.invoke(Method.java:568)
	at io.cucumber.java.Invoker.doInvoke(Invoker.java:66)
	at io.cucumber.java.Invoker.invoke(Invoker.java:24)
	at io.cucumber.java.AbstractGlueDefinition.invokeMethod(AbstractGlueDefinition.java:47)
	at io.cucumber.java.JavaHookDefinition.execute(JavaHookDefinition.java:64)
	at io.cucumber.core.runner.CoreHookDefinition.execute(CoreHookDefinition.java:46)
	at io.cucumber.core.runner.HookDefinitionMatch.runStep(HookDefinitionMatch.java:21)
	at io.cucumber.core.runner.ExecutionMode$1.execute(ExecutionMode.java:10)
	at io.cucumber.core.runner.TestStep.executeStep(TestStep.java:84)
	at io.cucumber.core.runner.TestStep.run(TestStep.java:56)
	at io.cucumber.core.runner.TestCase.run(TestCase.java:78)
	at io.cucumber.core.runner.Runner.runPickle(Runner.java:75)
	at io.cucumber.junit.platform.engine.CucumberEngineExecutionContext.lambda$runTestCase$4(CucumberEngineExecutionContext.java:112)
	at io.cucumber.core.runtime.CucumberExecutionContext.lambda$runTestCase$5(CucumberExecutionContext.java:137)
	at io.cucumber.core.runtime.RethrowingThrowableCollector.executeAndThrow(RethrowingThrowableCollector.java:23)
	at io.cucumber.core.runtime.CucumberExecutionContext.runTestCase(CucumberExecutionContext.java:137)
	at io.cucumber.junit.platform.engine.CucumberEngineExecutionContext.runTestCase(CucumberEngineExecutionContext.java:109)
	at io.cucumber.junit.platform.engine.NodeDescriptor$PickleDescriptor.execute(NodeDescriptor.java:168)
	at io.cucumber.junit.platform.engine.NodeDescriptor$PickleDescriptor.execute(NodeDescriptor.java:90)
	at java.base/java.util.ArrayList.forEach(ArrayList.java:1511)
	at java.base/java.util.ArrayList.forEach(ArrayList.java:1511)
Caused by: org.openqa.selenium.TimeoutException: timeout: Timed out receiving message from renderer: 30.000
  (Session info: chrome=137.0.7151.69)
Build info: version: '4.16.1', revision: '9b4c83354e'
System info: os.name: 'Windows 11', os.arch: 'amd64', os.version: '10.0', java.version: '17.0.12'
Driver info: org.openqa.selenium.chrome.ChromeDriver
Command: [e0235987f4f8759f11cc6a03be77d95d, get {url=https://www.demoblaze.com}]
Capabilities {acceptInsecureCerts: false, browserName: chrome, browserVersion: 137.0.7151.69, chrome: {chromedriverVersion: 137.0.7151.68 (2989ffee9373..., userDataDir: C:\Users\azka1\AppData\Loca...}, fedcm:accounts: true, goog:chromeOptions: {debuggerAddress: localhost:57562}, networkConnectionEnabled: false, pageLoadStrategy: normal, platformName: windows, proxy: Proxy(), se:cdp: ws://localhost:57562/devtoo..., se:cdpVersion: 137.0.7151.69, setWindowRect: true, strictFileInteractability: false, timeouts: {implicit: 0, pageLoad: 300000, script: 30000}, unhandledPromptBehavior: dismiss and notify, webauthn:extension:credBlob: true, webauthn:extension:largeBlob: true, webauthn:extension:minPinLength: true, webauthn:extension:prf: true, webauthn:virtualAuthenticators: true}
Session ID: e0235987f4f8759f11cc6a03be77d95d
	at java.base@17.0.12/java.lang.reflect.Constructor.newInstanceWithCaller(Constructor.java:499)
	at java.base@17.0.12/java.lang.reflect.Constructor.newInstance(Constructor.java:480)
	at app//org.openqa.selenium.remote.codec.w3c.W3CHttpResponseCodec.createException(W3CHttpResponseCodec.java:200)
	at app//org.openqa.selenium.remote.codec.w3c.W3CHttpResponseCodec.decode(W3CHttpResponseCodec.java:133)
	at app//org.openqa.selenium.remote.codec.w3c.W3CHttpResponseCodec.decode(W3CHttpResponseCodec.java:52)
	at app//org.openqa.selenium.remote.HttpCommandExecutor.execute(HttpCommandExecutor.java:191)
	at app//org.openqa.selenium.remote.service.DriverCommandExecutor.invokeExecute(DriverCommandExecutor.java:200)
	at app//org.openqa.selenium.remote.service.DriverCommandExecutor.execute(DriverCommandExecutor.java:175)
	at app//org.openqa.selenium.remote.RemoteWebDriver.execute(RemoteWebDriver.java:523)
	at app//org.openqa.selenium.remote.RemoteWebDriver.get(RemoteWebDriver.java:305)
	at app//com.kestrel.utils.DriverManager.navigateTo(DriverManager.java:261)
	... 22 more
</failure>
  </testcase>
  <testcase name="Product reconnaissance and acquisition" classname="com.kestrel.runners.WebTestRunner" time="9.146">
    <failure message="org.openqa.selenium.UnhandledAlertException: unexpected alert open: {Alert text : Wrong password.}&#10;  (Session info: chrome=137.0.7151.69): Wrong password.&#10;Build info: version: '4.16.1', revision: '9b4c83354e'&#10;System info: os.name: 'Windows 11', os.arch: 'amd64', os.version: '10.0', java.version: '17.0.12'&#10;Driver info: org.openqa.selenium.chrome.ChromeDriver&#10;Command: [f6fd9451a8e3d05a0a668c69a3f4e7c4, findElement {using=id, value=logInModal}]&#10;Capabilities {acceptInsecureCerts: false, browserName: chrome, browserVersion: 137.0.7151.69, chrome: {chromedriverVersion: 137.0.7151.68 (2989ffee9373..., userDataDir: C:\Users\azka1\AppData\Loca...}, fedcm:accounts: true, goog:chromeOptions: {debuggerAddress: localhost:57605}, networkConnectionEnabled: false, pageLoadStrategy: normal, platformName: windows, proxy: Proxy(), se:cdp: ws://localhost:57605/devtoo..., se:cdpVersion: 137.0.7151.69, setWindowRect: true, strictFileInteractability: false, timeouts: {implicit: 0, pageLoad: 300000, script: 30000}, unhandledPromptBehavior: dismiss and notify, webauthn:extension:credBlob: true, webauthn:extension:largeBlob: true, webauthn:extension:minPinLength: true, webauthn:extension:prf: true, webauthn:virtualAuthenticators: true}&#10;Session ID: f6fd9451a8e3d05a0a668c69a3f4e7c4" type="org.openqa.selenium.UnhandledAlertException">org.openqa.selenium.UnhandledAlertException: unexpected alert open: {Alert text : Wrong password.}
  (Session info: chrome=137.0.7151.69): Wrong password.
Build info: version: '4.16.1', revision: '9b4c83354e'
System info: os.name: 'Windows 11', os.arch: 'amd64', os.version: '10.0', java.version: '17.0.12'
Driver info: org.openqa.selenium.chrome.ChromeDriver
Command: [f6fd9451a8e3d05a0a668c69a3f4e7c4, findElement {using=id, value=logInModal}]
Capabilities {acceptInsecureCerts: false, browserName: chrome, browserVersion: 137.0.7151.69, chrome: {chromedriverVersion: 137.0.7151.68 (2989ffee9373..., userDataDir: C:\Users\azka1\AppData\Loca...}, fedcm:accounts: true, goog:chromeOptions: {debuggerAddress: localhost:57605}, networkConnectionEnabled: false, pageLoadStrategy: normal, platformName: windows, proxy: Proxy(), se:cdp: ws://localhost:57605/devtoo..., se:cdpVersion: 137.0.7151.69, setWindowRect: true, strictFileInteractability: false, timeouts: {implicit: 0, pageLoad: 300000, script: 30000}, unhandledPromptBehavior: dismiss and notify, webauthn:extension:credBlob: true, webauthn:extension:largeBlob: true, webauthn:extension:minPinLength: true, webauthn:extension:prf: true, webauthn:virtualAuthenticators: true}
Session ID: f6fd9451a8e3d05a0a668c69a3f4e7c4
	at app//org.openqa.selenium.remote.codec.w3c.W3CHttpResponseCodec.decode(W3CHttpResponseCodec.java:131)
	at app//org.openqa.selenium.remote.codec.w3c.W3CHttpResponseCodec.decode(W3CHttpResponseCodec.java:52)
	at app//org.openqa.selenium.remote.HttpCommandExecutor.execute(HttpCommandExecutor.java:191)
	at app//org.openqa.selenium.remote.service.DriverCommandExecutor.invokeExecute(DriverCommandExecutor.java:200)
	at app//org.openqa.selenium.remote.service.DriverCommandExecutor.execute(DriverCommandExecutor.java:175)
	at app//org.openqa.selenium.remote.RemoteWebDriver.execute(RemoteWebDriver.java:523)
	at app//org.openqa.selenium.remote.ElementLocation$ElementFinder$2.findElement(ElementLocation.java:165)
	at app//org.openqa.selenium.remote.ElementLocation.findElement(ElementLocation.java:59)
	at app//org.openqa.selenium.remote.RemoteWebDriver.findElement(RemoteWebDriver.java:360)
	at app//org.openqa.selenium.remote.RemoteWebDriver.findElement(RemoteWebDriver.java:354)
	at app//org.openqa.selenium.support.pagefactory.DefaultElementLocator.findElement(DefaultElementLocator.java:68)
	at app//org.openqa.selenium.support.pagefactory.internal.LocatingElementHandler.invoke(LocatingElementHandler.java:38)
	at app/jdk.proxy3/jdk.proxy3.$Proxy32.isDisplayed(Unknown Source)
	at app//org.openqa.selenium.support.ui.ExpectedConditions.isInvisible(ExpectedConditions.java:1374)
	at app//org.openqa.selenium.support.ui.ExpectedConditions$48.apply(ExpectedConditions.java:1362)
	at app//org.openqa.selenium.support.ui.ExpectedConditions$48.apply(ExpectedConditions.java:1358)
	at app//org.openqa.selenium.support.ui.FluentWait.until(FluentWait.java:204)
	at app//com.kestrel.web.pages.LoginPage.clickLoginSubmit(LoginPage.java:103)
	at app//com.kestrel.web.pages.LoginPage.login(LoginPage.java:117)
	at app//com.kestrel.web.stepdefs.WebStepDefinitions.iAmAuthenticatedAs(WebStepDefinitions.java:248)
	at ✽.I am authenticated as &quot;testuser&quot;(classpath:features/web/Web%20authentitcation.feature:9)
</failure>
  </testcase>
  <testcase name="Multi-product cart assembly" classname="com.kestrel.runners.WebTestRunner" time="8.424">
    <failure message="org.openqa.selenium.UnhandledAlertException: unexpected alert open: {Alert text : Wrong password.}&#10;  (Session info: chrome=137.0.7151.69): Wrong password.&#10;Build info: version: '4.16.1', revision: '9b4c83354e'&#10;System info: os.name: 'Windows 11', os.arch: 'amd64', os.version: '10.0', java.version: '17.0.12'&#10;Driver info: org.openqa.selenium.chrome.ChromeDriver&#10;Command: [28eb51e89fdacd6ff21ec5e058c11501, findElement {using=id, value=logInModal}]&#10;Capabilities {acceptInsecureCerts: false, browserName: chrome, browserVersion: 137.0.7151.69, chrome: {chromedriverVersion: 137.0.7151.68 (2989ffee9373..., userDataDir: C:\Users\azka1\AppData\Loca...}, fedcm:accounts: true, goog:chromeOptions: {debuggerAddress: localhost:57630}, networkConnectionEnabled: false, pageLoadStrategy: normal, platformName: windows, proxy: Proxy(), se:cdp: ws://localhost:57630/devtoo..., se:cdpVersion: 137.0.7151.69, setWindowRect: true, strictFileInteractability: false, timeouts: {implicit: 0, pageLoad: 300000, script: 30000}, unhandledPromptBehavior: dismiss and notify, webauthn:extension:credBlob: true, webauthn:extension:largeBlob: true, webauthn:extension:minPinLength: true, webauthn:extension:prf: true, webauthn:virtualAuthenticators: true}&#10;Session ID: 28eb51e89fdacd6ff21ec5e058c11501" type="org.openqa.selenium.UnhandledAlertException">org.openqa.selenium.UnhandledAlertException: unexpected alert open: {Alert text : Wrong password.}
  (Session info: chrome=137.0.7151.69): Wrong password.
Build info: version: '4.16.1', revision: '9b4c83354e'
System info: os.name: 'Windows 11', os.arch: 'amd64', os.version: '10.0', java.version: '17.0.12'
Driver info: org.openqa.selenium.chrome.ChromeDriver
Command: [28eb51e89fdacd6ff21ec5e058c11501, findElement {using=id, value=logInModal}]
Capabilities {acceptInsecureCerts: false, browserName: chrome, browserVersion: 137.0.7151.69, chrome: {chromedriverVersion: 137.0.7151.68 (2989ffee9373..., userDataDir: C:\Users\azka1\AppData\Loca...}, fedcm:accounts: true, goog:chromeOptions: {debuggerAddress: localhost:57630}, networkConnectionEnabled: false, pageLoadStrategy: normal, platformName: windows, proxy: Proxy(), se:cdp: ws://localhost:57630/devtoo..., se:cdpVersion: 137.0.7151.69, setWindowRect: true, strictFileInteractability: false, timeouts: {implicit: 0, pageLoad: 300000, script: 30000}, unhandledPromptBehavior: dismiss and notify, webauthn:extension:credBlob: true, webauthn:extension:largeBlob: true, webauthn:extension:minPinLength: true, webauthn:extension:prf: true, webauthn:virtualAuthenticators: true}
Session ID: 28eb51e89fdacd6ff21ec5e058c11501
	at app//org.openqa.selenium.remote.codec.w3c.W3CHttpResponseCodec.decode(W3CHttpResponseCodec.java:131)
	at app//org.openqa.selenium.remote.codec.w3c.W3CHttpResponseCodec.decode(W3CHttpResponseCodec.java:52)
	at app//org.openqa.selenium.remote.HttpCommandExecutor.execute(HttpCommandExecutor.java:191)
	at app//org.openqa.selenium.remote.service.DriverCommandExecutor.invokeExecute(DriverCommandExecutor.java:200)
	at app//org.openqa.selenium.remote.service.DriverCommandExecutor.execute(DriverCommandExecutor.java:175)
	at app//org.openqa.selenium.remote.RemoteWebDriver.execute(RemoteWebDriver.java:523)
	at app//org.openqa.selenium.remote.ElementLocation$ElementFinder$2.findElement(ElementLocation.java:165)
	at app//org.openqa.selenium.remote.ElementLocation.findElement(ElementLocation.java:59)
	at app//org.openqa.selenium.remote.RemoteWebDriver.findElement(RemoteWebDriver.java:360)
	at app//org.openqa.selenium.remote.RemoteWebDriver.findElement(RemoteWebDriver.java:354)
	at app//org.openqa.selenium.support.pagefactory.DefaultElementLocator.findElement(DefaultElementLocator.java:68)
	at app//org.openqa.selenium.support.pagefactory.internal.LocatingElementHandler.invoke(LocatingElementHandler.java:38)
	at app/jdk.proxy3/jdk.proxy3.$Proxy32.isDisplayed(Unknown Source)
	at app//org.openqa.selenium.support.ui.ExpectedConditions.isInvisible(ExpectedConditions.java:1374)
	at app//org.openqa.selenium.support.ui.ExpectedConditions$48.apply(ExpectedConditions.java:1362)
	at app//org.openqa.selenium.support.ui.ExpectedConditions$48.apply(ExpectedConditions.java:1358)
	at app//org.openqa.selenium.support.ui.FluentWait.until(FluentWait.java:204)
	at app//com.kestrel.web.pages.LoginPage.clickLoginSubmit(LoginPage.java:103)
	at app//com.kestrel.web.pages.LoginPage.login(LoginPage.java:117)
	at app//com.kestrel.web.stepdefs.WebStepDefinitions.iAmAuthenticatedAs(WebStepDefinitions.java:248)
	at ✽.I am authenticated as &quot;testuser&quot;(classpath:features/web/Web%20authentitcation.feature:9)
</failure>
  </testcase>
  <testcase name="Cart modification operations" classname="com.kestrel.runners.WebTestRunner" time="17.148">
    <failure message="org.opentest4j.AssertionFailedError: Homepage should be loaded ==&gt; expected: &lt;true&gt; but was: &lt;false&gt;" type="org.opentest4j.AssertionFailedError">org.opentest4j.AssertionFailedError: Homepage should be loaded ==&gt; expected: &lt;true&gt; but was: &lt;false&gt;
	at app//com.kestrel.web.stepdefs.WebStepDefinitions.kestrelAgentIsPositionedAtDemoblazeHomepage(WebStepDefinitions.java:42)
	at ✽.Kestrel agent is positioned at Demoblaze homepage(classpath:features/web/Web%20authentitcation.feature:8)
</failure>
  </testcase>
  <testcase name="Product details verification" classname="com.kestrel.runners.WebTestRunner" time="8.074">
    <failure message="org.openqa.selenium.UnhandledAlertException: unexpected alert open: {Alert text : Wrong password.}&#10;  (Session info: chrome=137.0.7151.69): Wrong password.&#10;Build info: version: '4.16.1', revision: '9b4c83354e'&#10;System info: os.name: 'Windows 11', os.arch: 'amd64', os.version: '10.0', java.version: '17.0.12'&#10;Driver info: org.openqa.selenium.chrome.ChromeDriver&#10;Command: [23d9272fc241bfabcb63c8df7c554e79, findElement {using=id, value=logInModal}]&#10;Capabilities {acceptInsecureCerts: false, browserName: chrome, browserVersion: 137.0.7151.69, chrome: {chromedriverVersion: 137.0.7151.68 (2989ffee9373..., userDataDir: C:\Users\azka1\AppData\Loca...}, fedcm:accounts: true, goog:chromeOptions: {debuggerAddress: localhost:57679}, networkConnectionEnabled: false, pageLoadStrategy: normal, platformName: windows, proxy: Proxy(), se:cdp: ws://localhost:57679/devtoo..., se:cdpVersion: 137.0.7151.69, setWindowRect: true, strictFileInteractability: false, timeouts: {implicit: 0, pageLoad: 300000, script: 30000}, unhandledPromptBehavior: dismiss and notify, webauthn:extension:credBlob: true, webauthn:extension:largeBlob: true, webauthn:extension:minPinLength: true, webauthn:extension:prf: true, webauthn:virtualAuthenticators: true}&#10;Session ID: 23d9272fc241bfabcb63c8df7c554e79" type="org.openqa.selenium.UnhandledAlertException">org.openqa.selenium.UnhandledAlertException: unexpected alert open: {Alert text : Wrong password.}
  (Session info: chrome=137.0.7151.69): Wrong password.
Build info: version: '4.16.1', revision: '9b4c83354e'
System info: os.name: 'Windows 11', os.arch: 'amd64', os.version: '10.0', java.version: '17.0.12'
Driver info: org.openqa.selenium.chrome.ChromeDriver
Command: [23d9272fc241bfabcb63c8df7c554e79, findElement {using=id, value=logInModal}]
Capabilities {acceptInsecureCerts: false, browserName: chrome, browserVersion: 137.0.7151.69, chrome: {chromedriverVersion: 137.0.7151.68 (2989ffee9373..., userDataDir: C:\Users\azka1\AppData\Loca...}, fedcm:accounts: true, goog:chromeOptions: {debuggerAddress: localhost:57679}, networkConnectionEnabled: false, pageLoadStrategy: normal, platformName: windows, proxy: Proxy(), se:cdp: ws://localhost:57679/devtoo..., se:cdpVersion: 137.0.7151.69, setWindowRect: true, strictFileInteractability: false, timeouts: {implicit: 0, pageLoad: 300000, script: 30000}, unhandledPromptBehavior: dismiss and notify, webauthn:extension:credBlob: true, webauthn:extension:largeBlob: true, webauthn:extension:minPinLength: true, webauthn:extension:prf: true, webauthn:virtualAuthenticators: true}
Session ID: 23d9272fc241bfabcb63c8df7c554e79
	at app//org.openqa.selenium.remote.codec.w3c.W3CHttpResponseCodec.decode(W3CHttpResponseCodec.java:131)
	at app//org.openqa.selenium.remote.codec.w3c.W3CHttpResponseCodec.decode(W3CHttpResponseCodec.java:52)
	at app//org.openqa.selenium.remote.HttpCommandExecutor.execute(HttpCommandExecutor.java:191)
	at app//org.openqa.selenium.remote.service.DriverCommandExecutor.invokeExecute(DriverCommandExecutor.java:200)
	at app//org.openqa.selenium.remote.service.DriverCommandExecutor.execute(DriverCommandExecutor.java:175)
	at app//org.openqa.selenium.remote.RemoteWebDriver.execute(RemoteWebDriver.java:523)
	at app//org.openqa.selenium.remote.ElementLocation$ElementFinder$2.findElement(ElementLocation.java:165)
	at app//org.openqa.selenium.remote.ElementLocation.findElement(ElementLocation.java:59)
	at app//org.openqa.selenium.remote.RemoteWebDriver.findElement(RemoteWebDriver.java:360)
	at app//org.openqa.selenium.remote.RemoteWebDriver.findElement(RemoteWebDriver.java:354)
	at app//org.openqa.selenium.support.pagefactory.DefaultElementLocator.findElement(DefaultElementLocator.java:68)
	at app//org.openqa.selenium.support.pagefactory.internal.LocatingElementHandler.invoke(LocatingElementHandler.java:38)
	at app/jdk.proxy3/jdk.proxy3.$Proxy32.isDisplayed(Unknown Source)
	at app//org.openqa.selenium.support.ui.ExpectedConditions.isInvisible(ExpectedConditions.java:1374)
	at app//org.openqa.selenium.support.ui.ExpectedConditions$48.apply(ExpectedConditions.java:1362)
	at app//org.openqa.selenium.support.ui.ExpectedConditions$48.apply(ExpectedConditions.java:1358)
	at app//org.openqa.selenium.support.ui.FluentWait.until(FluentWait.java:204)
	at app//com.kestrel.web.pages.LoginPage.clickLoginSubmit(LoginPage.java:103)
	at app//com.kestrel.web.pages.LoginPage.login(LoginPage.java:117)
	at app//com.kestrel.web.stepdefs.WebStepDefinitions.iAmAuthenticatedAs(WebStepDefinitions.java:248)
	at ✽.I am authenticated as &quot;testuser&quot;(classpath:features/web/Web%20authentitcation.feature:9)
</failure>
  </testcase>
  <testcase name="Cart operations without authentication" classname="com.kestrel.runners.WebTestRunner" time="7.74">
    <failure message="org.openqa.selenium.UnhandledAlertException: unexpected alert open: {Alert text : Wrong password.}&#10;  (Session info: chrome=137.0.7151.69): Wrong password.&#10;Build info: version: '4.16.1', revision: '9b4c83354e'&#10;System info: os.name: 'Windows 11', os.arch: 'amd64', os.version: '10.0', java.version: '17.0.12'&#10;Driver info: org.openqa.selenium.chrome.ChromeDriver&#10;Command: [a9a19f6dfd70e08c4ddd15e28aeea309, findElement {using=id, value=logInModal}]&#10;Capabilities {acceptInsecureCerts: false, browserName: chrome, browserVersion: 137.0.7151.69, chrome: {chromedriverVersion: 137.0.7151.68 (2989ffee9373..., userDataDir: C:\Users\azka1\AppData\Loca...}, fedcm:accounts: true, goog:chromeOptions: {debuggerAddress: localhost:57701}, networkConnectionEnabled: false, pageLoadStrategy: normal, platformName: windows, proxy: Proxy(), se:cdp: ws://localhost:57701/devtoo..., se:cdpVersion: 137.0.7151.69, setWindowRect: true, strictFileInteractability: false, timeouts: {implicit: 0, pageLoad: 300000, script: 30000}, unhandledPromptBehavior: dismiss and notify, webauthn:extension:credBlob: true, webauthn:extension:largeBlob: true, webauthn:extension:minPinLength: true, webauthn:extension:prf: true, webauthn:virtualAuthenticators: true}&#10;Session ID: a9a19f6dfd70e08c4ddd15e28aeea309" type="org.openqa.selenium.UnhandledAlertException">org.openqa.selenium.UnhandledAlertException: unexpected alert open: {Alert text : Wrong password.}
  (Session info: chrome=137.0.7151.69): Wrong password.
Build info: version: '4.16.1', revision: '9b4c83354e'
System info: os.name: 'Windows 11', os.arch: 'amd64', os.version: '10.0', java.version: '17.0.12'
Driver info: org.openqa.selenium.chrome.ChromeDriver
Command: [a9a19f6dfd70e08c4ddd15e28aeea309, findElement {using=id, value=logInModal}]
Capabilities {acceptInsecureCerts: false, browserName: chrome, browserVersion: 137.0.7151.69, chrome: {chromedriverVersion: 137.0.7151.68 (2989ffee9373..., userDataDir: C:\Users\azka1\AppData\Loca...}, fedcm:accounts: true, goog:chromeOptions: {debuggerAddress: localhost:57701}, networkConnectionEnabled: false, pageLoadStrategy: normal, platformName: windows, proxy: Proxy(), se:cdp: ws://localhost:57701/devtoo..., se:cdpVersion: 137.0.7151.69, setWindowRect: true, strictFileInteractability: false, timeouts: {implicit: 0, pageLoad: 300000, script: 30000}, unhandledPromptBehavior: dismiss and notify, webauthn:extension:credBlob: true, webauthn:extension:largeBlob: true, webauthn:extension:minPinLength: true, webauthn:extension:prf: true, webauthn:virtualAuthenticators: true}
Session ID: a9a19f6dfd70e08c4ddd15e28aeea309
	at app//org.openqa.selenium.remote.codec.w3c.W3CHttpResponseCodec.decode(W3CHttpResponseCodec.java:131)
	at app//org.openqa.selenium.remote.codec.w3c.W3CHttpResponseCodec.decode(W3CHttpResponseCodec.java:52)
	at app//org.openqa.selenium.remote.HttpCommandExecutor.execute(HttpCommandExecutor.java:191)
	at app//org.openqa.selenium.remote.service.DriverCommandExecutor.invokeExecute(DriverCommandExecutor.java:200)
	at app//org.openqa.selenium.remote.service.DriverCommandExecutor.execute(DriverCommandExecutor.java:175)
	at app//org.openqa.selenium.remote.RemoteWebDriver.execute(RemoteWebDriver.java:523)
	at app//org.openqa.selenium.remote.ElementLocation$ElementFinder$2.findElement(ElementLocation.java:165)
	at app//org.openqa.selenium.remote.ElementLocation.findElement(ElementLocation.java:59)
	at app//org.openqa.selenium.remote.RemoteWebDriver.findElement(RemoteWebDriver.java:360)
	at app//org.openqa.selenium.remote.RemoteWebDriver.findElement(RemoteWebDriver.java:354)
	at app//org.openqa.selenium.support.pagefactory.DefaultElementLocator.findElement(DefaultElementLocator.java:68)
	at app//org.openqa.selenium.support.pagefactory.internal.LocatingElementHandler.invoke(LocatingElementHandler.java:38)
	at app/jdk.proxy3/jdk.proxy3.$Proxy32.isDisplayed(Unknown Source)
	at app//org.openqa.selenium.support.ui.ExpectedConditions.isInvisible(ExpectedConditions.java:1374)
	at app//org.openqa.selenium.support.ui.ExpectedConditions$48.apply(ExpectedConditions.java:1362)
	at app//org.openqa.selenium.support.ui.ExpectedConditions$48.apply(ExpectedConditions.java:1358)
	at app//org.openqa.selenium.support.ui.FluentWait.until(FluentWait.java:204)
	at app//com.kestrel.web.pages.LoginPage.clickLoginSubmit(LoginPage.java:103)
	at app//com.kestrel.web.pages.LoginPage.login(LoginPage.java:117)
	at app//com.kestrel.web.stepdefs.WebStepDefinitions.iAmAuthenticatedAs(WebStepDefinitions.java:248)
	at ✽.I am authenticated as &quot;testuser&quot;(classpath:features/web/Web%20authentitcation.feature:9)
</failure>
  </testcase>
  <testcase name="Empty cart checkout attempt" classname="com.kestrel.runners.WebTestRunner" time="7.844">
    <failure message="org.openqa.selenium.UnhandledAlertException: unexpected alert open: {Alert text : Wrong password.}&#10;  (Session info: chrome=137.0.7151.69): Wrong password.&#10;Build info: version: '4.16.1', revision: '9b4c83354e'&#10;System info: os.name: 'Windows 11', os.arch: 'amd64', os.version: '10.0', java.version: '17.0.12'&#10;Driver info: org.openqa.selenium.chrome.ChromeDriver&#10;Command: [53845b590f7465cfb38c6da83b610fe5, findElement {using=id, value=logInModal}]&#10;Capabilities {acceptInsecureCerts: false, browserName: chrome, browserVersion: 137.0.7151.69, chrome: {chromedriverVersion: 137.0.7151.68 (2989ffee9373..., userDataDir: C:\Users\azka1\AppData\Loca...}, fedcm:accounts: true, goog:chromeOptions: {debuggerAddress: localhost:57723}, networkConnectionEnabled: false, pageLoadStrategy: normal, platformName: windows, proxy: Proxy(), se:cdp: ws://localhost:57723/devtoo..., se:cdpVersion: 137.0.7151.69, setWindowRect: true, strictFileInteractability: false, timeouts: {implicit: 0, pageLoad: 300000, script: 30000}, unhandledPromptBehavior: dismiss and notify, webauthn:extension:credBlob: true, webauthn:extension:largeBlob: true, webauthn:extension:minPinLength: true, webauthn:extension:prf: true, webauthn:virtualAuthenticators: true}&#10;Session ID: 53845b590f7465cfb38c6da83b610fe5" type="org.openqa.selenium.UnhandledAlertException">org.openqa.selenium.UnhandledAlertException: unexpected alert open: {Alert text : Wrong password.}
  (Session info: chrome=137.0.7151.69): Wrong password.
Build info: version: '4.16.1', revision: '9b4c83354e'
System info: os.name: 'Windows 11', os.arch: 'amd64', os.version: '10.0', java.version: '17.0.12'
Driver info: org.openqa.selenium.chrome.ChromeDriver
Command: [53845b590f7465cfb38c6da83b610fe5, findElement {using=id, value=logInModal}]
Capabilities {acceptInsecureCerts: false, browserName: chrome, browserVersion: 137.0.7151.69, chrome: {chromedriverVersion: 137.0.7151.68 (2989ffee9373..., userDataDir: C:\Users\azka1\AppData\Loca...}, fedcm:accounts: true, goog:chromeOptions: {debuggerAddress: localhost:57723}, networkConnectionEnabled: false, pageLoadStrategy: normal, platformName: windows, proxy: Proxy(), se:cdp: ws://localhost:57723/devtoo..., se:cdpVersion: 137.0.7151.69, setWindowRect: true, strictFileInteractability: false, timeouts: {implicit: 0, pageLoad: 300000, script: 30000}, unhandledPromptBehavior: dismiss and notify, webauthn:extension:credBlob: true, webauthn:extension:largeBlob: true, webauthn:extension:minPinLength: true, webauthn:extension:prf: true, webauthn:virtualAuthenticators: true}
Session ID: 53845b590f7465cfb38c6da83b610fe5
	at app//org.openqa.selenium.remote.codec.w3c.W3CHttpResponseCodec.decode(W3CHttpResponseCodec.java:131)
	at app//org.openqa.selenium.remote.codec.w3c.W3CHttpResponseCodec.decode(W3CHttpResponseCodec.java:52)
	at app//org.openqa.selenium.remote.HttpCommandExecutor.execute(HttpCommandExecutor.java:191)
	at app//org.openqa.selenium.remote.service.DriverCommandExecutor.invokeExecute(DriverCommandExecutor.java:200)
	at app//org.openqa.selenium.remote.service.DriverCommandExecutor.execute(DriverCommandExecutor.java:175)
	at app//org.openqa.selenium.remote.RemoteWebDriver.execute(RemoteWebDriver.java:523)
	at app//org.openqa.selenium.remote.ElementLocation$ElementFinder$2.findElement(ElementLocation.java:165)
	at app//org.openqa.selenium.remote.ElementLocation.findElement(ElementLocation.java:59)
	at app//org.openqa.selenium.remote.RemoteWebDriver.findElement(RemoteWebDriver.java:360)
	at app//org.openqa.selenium.remote.RemoteWebDriver.findElement(RemoteWebDriver.java:354)
	at app//org.openqa.selenium.support.pagefactory.DefaultElementLocator.findElement(DefaultElementLocator.java:68)
	at app//org.openqa.selenium.support.pagefactory.internal.LocatingElementHandler.invoke(LocatingElementHandler.java:38)
	at app/jdk.proxy3/jdk.proxy3.$Proxy32.isDisplayed(Unknown Source)
	at app//org.openqa.selenium.support.ui.ExpectedConditions.isInvisible(ExpectedConditions.java:1374)
	at app//org.openqa.selenium.support.ui.ExpectedConditions$48.apply(ExpectedConditions.java:1362)
	at app//org.openqa.selenium.support.ui.ExpectedConditions$48.apply(ExpectedConditions.java:1358)
	at app//org.openqa.selenium.support.ui.FluentWait.until(FluentWait.java:204)
	at app//com.kestrel.web.pages.LoginPage.clickLoginSubmit(LoginPage.java:103)
	at app//com.kestrel.web.pages.LoginPage.login(LoginPage.java:117)
	at app//com.kestrel.web.stepdefs.WebStepDefinitions.iAmAuthenticatedAs(WebStepDefinitions.java:248)
	at ✽.I am authenticated as &quot;testuser&quot;(classpath:features/web/Web%20authentitcation.feature:9)
</failure>
  </testcase>
  <system-out><![CDATA[? Kestrel Engine loaded: dev environment
? Config source: FILE SYSTEM (config/dev.properties)
? Basic configuration validation passed
   API URL: https://jsonplaceholder.typicode.com
   Base URL: https://www.demoblaze.com

? ================================
   KESTREL ENGINE CONFIGURATION
================================
Environment: dev
Base URL: https://www.demoblaze.com
API URL: https://jsonplaceholder.typicode.com
API Auth Required: false
App ID: Not required (JSONPlaceholder)
Browser: chrome
Headless: false
Implicit Wait: 10s
Explicit Wait: 15s
Page Load Timeout: 30s
Screenshot on Failure: true
Screenshot Path: build/screenshots
Report Path: build/reports/cucumber
Allure Results: build/allure-results
================================

? API authentication not required (JSONPlaceholder mode)
? Kestrel Engine configuration validated successfully

@web @e2e @critical @e2e
Scenario: Complete shopping mission - Full checkout flow             ?[90m# features/web/Web CheckoutMission.feature:11?[0m
  ?[32mGiven ?[0m?[32mKestrel agent is positioned at Demoblaze homepage?[0m            ?[90m# com.kestrel.web.stepdefs.WebStepDefinitions.kestrelAgentIsPositionedAtDemoblazeHomepage()?[0m
  ?[32mGiven ?[0m?[32mI am on the homepage?[0m                                         ?[90m# com.kestrel.web.stepdefs.WebStepDefinitions.iAmOnTheHomepage()?[0m
  ?[32mWhen ?[0m?[32mI navigate to sign up?[0m                                         ?[90m# com.kestrel.web.stepdefs.WebStepDefinitions.iNavigateToSignUp()?[0m
  ?[31mAnd ?[0m?[31mI register with credentials ?[0m?[31m?[1m"kestrel_shopper"?[0m?[31m and ?[0m?[31m?[1m"mission123"?[0m ?[90m# com.kestrel.web.stepdefs.WebStepDefinitions.iRegisterWithCredentials(java.lang.String,java.lang.String)?[0m
      ?[31morg.openqa.selenium.UnhandledAlertException: unexpected alert open: {Alert text : Sign up successful.}
  (Session info: chrome=137.0.7151.69): Sign up successful.
Build info: version: '4.16.1', revision: '9b4c83354e'
System info: os.name: 'Windows 11', os.arch: 'amd64', os.version: '10.0', java.version: '17.0.12'
Driver info: org.openqa.selenium.chrome.ChromeDriver
Command: [d2d1e4cfb979035e7d3c36d5c4b11fd8, findElement {using=id, value=signInModal}]
Capabilities {acceptInsecureCerts: false, browserName: chrome, browserVersion: 137.0.7151.69, chrome: {chromedriverVersion: 137.0.7151.68 (2989ffee9373..., userDataDir: C:\Users\azka1\AppData\Loca...}, fedcm:accounts: true, goog:chromeOptions: {debuggerAddress: localhost:57228}, networkConnectionEnabled: false, pageLoadStrategy: normal, platformName: windows, proxy: Proxy(), se:cdp: ws://localhost:57228/devtoo..., se:cdpVersion: 137.0.7151.69, setWindowRect: true, strictFileInteractability: false, timeouts: {implicit: 0, pageLoad: 300000, script: 30000}, unhandledPromptBehavior: dismiss and notify, webauthn:extension:credBlob: true, webauthn:extension:largeBlob: true, webauthn:extension:minPinLength: true, webauthn:extension:prf: true, webauthn:virtualAuthenticators: true}
Session ID: d2d1e4cfb979035e7d3c36d5c4b11fd8
	at org.openqa.selenium.remote.codec.w3c.W3CHttpResponseCodec.decode(W3CHttpResponseCodec.java:131)
	at org.openqa.selenium.remote.codec.w3c.W3CHttpResponseCodec.decode(W3CHttpResponseCodec.java:52)
	at org.openqa.selenium.remote.HttpCommandExecutor.execute(HttpCommandExecutor.java:191)
	at org.openqa.selenium.remote.service.DriverCommandExecutor.invokeExecute(DriverCommandExecutor.java:200)
	at org.openqa.selenium.remote.service.DriverCommandExecutor.execute(DriverCommandExecutor.java:175)
	at org.openqa.selenium.remote.RemoteWebDriver.execute(RemoteWebDriver.java:523)
	at org.openqa.selenium.remote.ElementLocation$ElementFinder$2.findElement(ElementLocation.java:165)
	at org.openqa.selenium.remote.ElementLocation.findElement(ElementLocation.java:59)
	at org.openqa.selenium.remote.RemoteWebDriver.findElement(RemoteWebDriver.java:360)
	at org.openqa.selenium.remote.RemoteWebDriver.findElement(RemoteWebDriver.java:354)
	at org.openqa.selenium.support.pagefactory.DefaultElementLocator.findElement(DefaultElementLocator.java:68)
	at org.openqa.selenium.support.pagefactory.internal.LocatingElementHandler.invoke(LocatingElementHandler.java:38)
	at jdk.proxy3/jdk.proxy3.$Proxy32.isDisplayed(Unknown Source)
	at org.openqa.selenium.support.ui.ExpectedConditions.isInvisible(ExpectedConditions.java:1374)
	at org.openqa.selenium.support.ui.ExpectedConditions$48.apply(ExpectedConditions.java:1362)
	at org.openqa.selenium.support.ui.ExpectedConditions$48.apply(ExpectedConditions.java:1358)
	at org.openqa.selenium.support.ui.FluentWait.until(FluentWait.java:204)
	at com.kestrel.web.pages.SignUpPage.signUp(SignUpPage.java:54)
	at com.kestrel.web.stepdefs.WebStepDefinitions.iRegisterWithCredentials(WebStepDefinitions.java:176)
	at âœ½.I register with credentials "kestrel_shopper" and "mission123"(classpath:features/web/Web%20CheckoutMission.feature:14)
?[0m

    Embedding Failure Evidence [image/png 503760 bytes]


    Embedding Page Source [text/html 50404 bytes]

  ?[36mThen ?[0m?[36mregistration should be successful?[0m                             ?[90m# com.kestrel.web.stepdefs.WebStepDefinitions.registrationShouldBeSuccessful()?[0m
  ?[36mWhen ?[0m?[36mI login with credentials ?[0m?[36m?[1m"kestrel_shopper"?[0m?[36m and ?[0m?[36m?[1m"mission123"?[0m   ?[90m# com.kestrel.web.stepdefs.WebStepDefinitions.iLoginWithCredentials(java.lang.String,java.lang.String)?[0m
  ?[36mThen ?[0m?[36mI should be successfully authenticated?[0m                        ?[90m# com.kestrel.web.stepdefs.WebStepDefinitions.iShouldBeSuccessfullyAuthenticated()?[0m
  ?[36mWhen ?[0m?[36mI browse to ?[0m?[36m?[1m"Phones"?[0m?[36m category?[0m                                 ?[90m# com.kestrel.web.stepdefs.WebStepDefinitions.iBrowseToCategory(java.lang.String)?[0m
  ?[36mAnd ?[0m?[36mI select product ?[0m?[36m?[1m"Samsung galaxy s6"?[0m                           ?[90m# com.kestrel.web.stepdefs.WebStepDefinitions.iSelectProduct(java.lang.String)?[0m
  ?[36mAnd ?[0m?[36mI add product to cart?[0m                                          ?[90m# com.kestrel.web.stepdefs.WebStepDefinitions.iAddProductToCart()?[0m
  ?[36mThen ?[0m?[36mproduct should be added to cart?[0m                               ?[90m# com.kestrel.web.stepdefs.WebStepDefinitions.productShouldBeAddedToCart()?[0m
  ?[36mWhen ?[0m?[36mI browse to ?[0m?[36m?[1m"Laptops"?[0m?[36m category?[0m                                ?[90m# com.kestrel.web.stepdefs.WebStepDefinitions.iBrowseToCategory(java.lang.String)?[0m
  ?[36mAnd ?[0m?[36mI select product ?[0m?[36m?[1m"Sony vaio i5"?[0m                                ?[90m# com.kestrel.web.stepdefs.WebStepDefinitions.iSelectProduct(java.lang.String)?[0m
  ?[36mAnd ?[0m?[36mI add product to cart?[0m                                          ?[90m# com.kestrel.web.stepdefs.WebStepDefinitions.iAddProductToCart()?[0m
  ?[36mThen ?[0m?[36msecond product should be added to cart?[0m                        ?[90m# com.kestrel.web.stepdefs.WebStepDefinitions.secondProductShouldBeAddedToCart()?[0m
  ?[36mWhen ?[0m?[36mI navigate to cart?[0m                                            ?[90m# com.kestrel.web.stepdefs.WebStepDefinitions.iNavigateToCart()?[0m
  ?[36mThen ?[0m?[36mI should see both products in cart?[0m                            ?[90m# com.kestrel.web.stepdefs.WebStepDefinitions.iShouldSeeBothProductsInCart()?[0m
  ?[36mAnd ?[0m?[36mcart total should be calculated?[0m                                ?[90m# com.kestrel.web.stepdefs.WebStepDefinitions.cartTotalShouldBeCalculated()?[0m
  ?[36mWhen ?[0m?[36mI proceed to checkout?[0m                                         ?[90m# com.kestrel.web.stepdefs.WebStepDefinitions.iProceedToCheckout()?[0m
  ?[36mAnd ?[0m?[36mI fill checkout form with mission details?[0m
    | name          | country   | city    | card             | month | year |
    | Kestrel Agent | Indonesia | Jakarta | 4111111111111111 | 12    | 2025 |
  ?[36mAnd ?[0m?[36mI complete the purchase?[0m
  ?[36mThen ?[0m?[36morder should be confirmed?[0m
  ?[36mAnd ?[0m?[36mconfirmation message should appear?[0m                             ?[90m# com.kestrel.web.stepdefs.WebStepDefinitions.confirmationMessageShouldAppear()?[0m
  ?[36mAnd ?[0m?[36morder ID should be generated?[0m

@web @e2e @e2e @positive
Scenario: Guest checkout with product selection           ?[90m# features/web/Web CheckoutMission.feature:44?[0m
  ?[31mGiven ?[0m?[31mKestrel agent is positioned at Demoblaze homepage?[0m ?[90m# com.kestrel.web.stepdefs.WebStepDefinitions.kestrelAgentIsPositionedAtDemoblazeHomepage()?[0m
      ?[31morg.opentest4j.AssertionFailedError: Homepage should be loaded ==> expected: <true> but was: <false>
	at org.junit.jupiter.api.AssertionFailureBuilder.build(AssertionFailureBuilder.java:151)
	at org.junit.jupiter.api.AssertionFailureBuilder.buildAndThrow(AssertionFailureBuilder.java:132)
	at org.junit.jupiter.api.AssertTrue.failNotTrue(AssertTrue.java:63)
	at org.junit.jupiter.api.AssertTrue.assertTrue(AssertTrue.java:36)
	at org.junit.jupiter.api.Assertions.assertTrue(Assertions.java:214)
	at com.kestrel.web.stepdefs.WebStepDefinitions.kestrelAgentIsPositionedAtDemoblazeHomepage(WebStepDefinitions.java:42)
	at âœ½.Kestrel agent is positioned at Demoblaze homepage(classpath:features/web/Web%20CheckoutMission.feature:8)
?[0m

    Embedding Failure Evidence [image/png 450252 bytes]


    Embedding Page Source [text/html 45527 bytes]

  ?[36mGiven ?[0m?[36mI am browsing as guest user?[0m                       ?[90m# com.kestrel.web.stepdefs.WebStepDefinitions.iAmBrowsingAsGuestUser()?[0m
  ?[36mWhen ?[0m?[36mI select product ?[0m?[36m?[1m"Nokia lumia 1520"?[0m                ?[90m# com.kestrel.web.stepdefs.WebStepDefinitions.iSelectProduct(java.lang.String)?[0m
  ?[36mAnd ?[0m?[36mI add product to cart?[0m                               ?[90m# com.kestrel.web.stepdefs.WebStepDefinitions.iAddProductToCart()?[0m
  ?[36mAnd ?[0m?[36mI proceed to checkout as guest?[0m                      ?[90m# com.kestrel.web.stepdefs.WebStepDefinitions.iProceedToCheckoutAsGuest()?[0m
  ?[36mAnd ?[0m?[36mI fill guest checkout form?[0m
    | name        | country   | city     | card             |
    | Guest Buyer | Indonesia | Surabaya | 5555555555554444 |
  ?[36mAnd ?[0m?[36mI complete guest purchase?[0m
  ?[36mThen ?[0m?[36mguest order should be confirmed?[0m
  ?[36mAnd ?[0m?[36mguest confirmation should appear?[0m

@web @e2e @e2e @negative
Scenario: Incomplete checkout form validation             ?[90m# features/web/Web CheckoutMission.feature:57?[0m
  ?[32mGiven ?[0m?[32mKestrel agent is positioned at Demoblaze homepage?[0m ?[90m# com.kestrel.web.stepdefs.WebStepDefinitions.kestrelAgentIsPositionedAtDemoblazeHomepage()?[0m
  ?[32mGiven ?[0m?[32mI have products in cart ready for checkout?[0m        ?[90m# com.kestrel.web.stepdefs.WebStepDefinitions.iHaveProductsInCartReadyForCheckout()?[0m
  ?[32mWhen ?[0m?[32mI proceed to checkout?[0m                              ?[90m# com.kestrel.web.stepdefs.WebStepDefinitions.iProceedToCheckout()?[0m
  ?[33mAnd ?[0m?[33mI attempt purchase with incomplete form?[0m
    | name    | country | city    | card    |
    | Kestrel | [empty] | [empty] | [empty] |
  ?[36mThen ?[0m?[36mform validation should trigger?[0m
  ?[36mAnd ?[0m?[36mrequired field errors should appear?[0m
  ?[36mAnd ?[0m?[36mpurchase should be prevented?[0m
  ?[36mAnd ?[0m?[36mform should remain on checkout page?[0m

@web @e2e @e2e @boundary
Scenario: Checkout with invalid payment details           ?[90m# features/web/Web CheckoutMission.feature:69?[0m
  ?[31mGiven ?[0m?[31mKestrel agent is positioned at Demoblaze homepage?[0m ?[90m# com.kestrel.web.stepdefs.WebStepDefinitions.kestrelAgentIsPositionedAtDemoblazeHomepage()?[0m
      ?[31morg.opentest4j.AssertionFailedError: Homepage should be loaded ==> expected: <true> but was: <false>
	at org.junit.jupiter.api.AssertionFailureBuilder.build(AssertionFailureBuilder.java:151)
	at org.junit.jupiter.api.AssertionFailureBuilder.buildAndThrow(AssertionFailureBuilder.java:132)
	at org.junit.jupiter.api.AssertTrue.failNotTrue(AssertTrue.java:63)
	at org.junit.jupiter.api.AssertTrue.assertTrue(AssertTrue.java:36)
	at org.junit.jupiter.api.Assertions.assertTrue(Assertions.java:214)
	at com.kestrel.web.stepdefs.WebStepDefinitions.kestrelAgentIsPositionedAtDemoblazeHomepage(WebStepDefinitions.java:42)
	at âœ½.Kestrel agent is positioned at Demoblaze homepage(classpath:features/web/Web%20CheckoutMission.feature:8)
?[0m

    Embedding Failure Evidence [image/png 450539 bytes]


    Embedding Page Source [text/html 45527 bytes]

  ?[36mGiven ?[0m?[36mI have completed shopping cart setup?[0m              ?[90m# com.kestrel.web.stepdefs.WebStepDefinitions.iHaveCompletedShoppingCartSetup()?[0m
  ?[36mWhen ?[0m?[36mI proceed to checkout?[0m                              ?[90m# com.kestrel.web.stepdefs.WebStepDefinitions.iProceedToCheckout()?[0m
  ?[36mAnd ?[0m?[36mI fill form with invalid payment details?[0m
    | name          | country   | city    | card       |
    | Kestrel Agent | Indonesia | Jakarta | 1234567890 |
  ?[36mAnd ?[0m?[36mI attempt purchase?[0m
  ?[36mThen ?[0m?[36mpayment validation should fail?[0m
  ?[36mAnd ?[0m?[36merror message should indicate invalid card?[0m
  ?[36mAnd ?[0m?[36mcheckout should remain on payment page?[0m

@web @smoke @positive
Scenario: Product reconnaissance and acquisition          ?[90m# features/web/Web ShoppingCart.feature:12?[0m
  ?[31mGiven ?[0m?[31mKestrel agent is positioned at Demoblaze homepage?[0m ?[90m# com.kestrel.web.stepdefs.WebStepDefinitions.kestrelAgentIsPositionedAtDemoblazeHomepage()?[0m
      ?[31morg.opentest4j.AssertionFailedError: Homepage should be loaded ==> expected: <true> but was: <false>
	at org.junit.jupiter.api.AssertionFailureBuilder.build(AssertionFailureBuilder.java:151)
	at org.junit.jupiter.api.AssertionFailureBuilder.buildAndThrow(AssertionFailureBuilder.java:132)
	at org.junit.jupiter.api.AssertTrue.failNotTrue(AssertTrue.java:63)
	at org.junit.jupiter.api.AssertTrue.assertTrue(AssertTrue.java:36)
	at org.junit.jupiter.api.Assertions.assertTrue(Assertions.java:214)
	at com.kestrel.web.stepdefs.WebStepDefinitions.kestrelAgentIsPositionedAtDemoblazeHomepage(WebStepDefinitions.java:42)
	at âœ½.Kestrel agent is positioned at Demoblaze homepage(classpath:features/web/Web%20ShoppingCart.feature:8)
?[0m

    Embedding Failure Evidence [image/png 491293 bytes]


    Embedding Page Source [text/html 45527 bytes]

  ?[36mAnd ?[0m?[36mI am authenticated as ?[0m?[36m?[1m"testuser"?[0m                    ?[90m# com.kestrel.web.stepdefs.WebStepDefinitions.iAmAuthenticatedAs(java.lang.String)?[0m
  ?[36mGiven ?[0m?[36mI am browsing the product catalog?[0m                 ?[90m# com.kestrel.web.stepdefs.WebStepDefinitions.iAmBrowsingTheProductCatalog()?[0m
  ?[36mWhen ?[0m?[36mI select a product ?[0m?[36m?[1m"Samsung galaxy s6"?[0m             ?[90m# com.kestrel.web.stepdefs.WebStepDefinitions.iSelectAProduct(java.lang.String)?[0m
  ?[36mAnd ?[0m?[36mI add the product to cart?[0m                           ?[90m# com.kestrel.web.stepdefs.WebStepDefinitions.iAddTheProductToCart()?[0m
  ?[36mThen ?[0m?[36mproduct should be added successfully?[0m               ?[90m# com.kestrel.web.stepdefs.WebStepDefinitions.productShouldBeAddedSuccessfully()?[0m
  ?[36mAnd ?[0m?[36mcart counter should be updated?[0m                      ?[90m# com.kestrel.web.stepdefs.WebStepDefinitions.cartCounterShouldBeUpdated()?[0m
  ?[36mAnd ?[0m?[36mproduct should appear in cart?[0m                       ?[90m# com.kestrel.web.stepdefs.WebStepDefinitions.productShouldAppearInCart()?[0m

@web @positive
Scenario: Multi-product cart assembly                     ?[90m# features/web/Web ShoppingCart.feature:21?[0m
  ?[32mGiven ?[0m?[32mKestrel agent is positioned at Demoblaze homepage?[0m ?[90m# com.kestrel.web.stepdefs.WebStepDefinitions.kestrelAgentIsPositionedAtDemoblazeHomepage()?[0m
  ?[31mAnd ?[0m?[31mI am authenticated as ?[0m?[31m?[1m"testuser"?[0m                    ?[90m# com.kestrel.web.stepdefs.WebStepDefinitions.iAmAuthenticatedAs(java.lang.String)?[0m
      ?[31morg.openqa.selenium.UnhandledAlertException: unexpected alert open: {Alert text : Wrong password.}
  (Session info: chrome=137.0.7151.69): Wrong password.
Build info: version: '4.16.1', revision: '9b4c83354e'
System info: os.name: 'Windows 11', os.arch: 'amd64', os.version: '10.0', java.version: '17.0.12'
Driver info: org.openqa.selenium.chrome.ChromeDriver
Command: [36f15a2e5f918319e8d368b2a3502d1e, findElement {using=id, value=logInModal}]
Capabilities {acceptInsecureCerts: false, browserName: chrome, browserVersion: 137.0.7151.69, chrome: {chromedriverVersion: 137.0.7151.68 (2989ffee9373..., userDataDir: C:\Users\azka1\AppData\Loca...}, fedcm:accounts: true, goog:chromeOptions: {debuggerAddress: localhost:57398}, networkConnectionEnabled: false, pageLoadStrategy: normal, platformName: windows, proxy: Proxy(), se:cdp: ws://localhost:57398/devtoo..., se:cdpVersion: 137.0.7151.69, setWindowRect: true, strictFileInteractability: false, timeouts: {implicit: 0, pageLoad: 300000, script: 30000}, unhandledPromptBehavior: dismiss and notify, webauthn:extension:credBlob: true, webauthn:extension:largeBlob: true, webauthn:extension:minPinLength: true, webauthn:extension:prf: true, webauthn:virtualAuthenticators: true}
Session ID: 36f15a2e5f918319e8d368b2a3502d1e
	at org.openqa.selenium.remote.codec.w3c.W3CHttpResponseCodec.decode(W3CHttpResponseCodec.java:131)
	at org.openqa.selenium.remote.codec.w3c.W3CHttpResponseCodec.decode(W3CHttpResponseCodec.java:52)
	at org.openqa.selenium.remote.HttpCommandExecutor.execute(HttpCommandExecutor.java:191)
	at org.openqa.selenium.remote.service.DriverCommandExecutor.invokeExecute(DriverCommandExecutor.java:200)
	at org.openqa.selenium.remote.service.DriverCommandExecutor.execute(DriverCommandExecutor.java:175)
	at org.openqa.selenium.remote.RemoteWebDriver.execute(RemoteWebDriver.java:523)
	at org.openqa.selenium.remote.ElementLocation$ElementFinder$2.findElement(ElementLocation.java:165)
	at org.openqa.selenium.remote.ElementLocation.findElement(ElementLocation.java:59)
	at org.openqa.selenium.remote.RemoteWebDriver.findElement(RemoteWebDriver.java:360)
	at org.openqa.selenium.remote.RemoteWebDriver.findElement(RemoteWebDriver.java:354)
	at org.openqa.selenium.support.pagefactory.DefaultElementLocator.findElement(DefaultElementLocator.java:68)
	at org.openqa.selenium.support.pagefactory.internal.LocatingElementHandler.invoke(LocatingElementHandler.java:38)
	at jdk.proxy3/jdk.proxy3.$Proxy32.isDisplayed(Unknown Source)
	at org.openqa.selenium.support.ui.ExpectedConditions.isInvisible(ExpectedConditions.java:1374)
	at org.openqa.selenium.support.ui.ExpectedConditions$48.apply(ExpectedConditions.java:1362)
	at org.openqa.selenium.support.ui.ExpectedConditions$48.apply(ExpectedConditions.java:1358)
	at org.openqa.selenium.support.ui.FluentWait.until(FluentWait.java:204)
	at com.kestrel.web.pages.LoginPage.clickLoginSubmit(LoginPage.java:103)
	at com.kestrel.web.pages.LoginPage.login(LoginPage.java:117)
	at com.kestrel.web.stepdefs.WebStepDefinitions.iAmAuthenticatedAs(WebStepDefinitions.java:248)
	at âœ½.I am authenticated as "testuser"(classpath:features/web/Web%20ShoppingCart.feature:9)
?[0m

    Embedding Failure Evidence [image/png 241216 bytes]


    Embedding Page Source [text/html 50465 bytes]

  ?[36mGiven ?[0m?[36mI am browsing the product catalog?[0m                 ?[90m# com.kestrel.web.stepdefs.WebStepDefinitions.iAmBrowsingTheProductCatalog()?[0m
  ?[36mWhen ?[0m?[36mI add multiple products to cart?[0m                    ?[90m# com.kestrel.web.stepdefs.WebStepDefinitions.iAddMultipleProductsToCart(io.cucumber.datatable.DataTable)?[0m
    | productName       | category |
    | Samsung galaxy s6 | Phones   |
    | Sony vaio i5      | Laptops  |
  ?[36mThen ?[0m?[36mall products should be in cart?[0m                     ?[90m# com.kestrel.web.stepdefs.WebStepDefinitions.allProductsShouldBeInCart()?[0m
  ?[36mAnd ?[0m?[36mcart total should be calculated correctly?[0m           ?[90m# com.kestrel.web.stepdefs.WebStepDefinitions.cartTotalShouldBeCalculatedCorrectly()?[0m
  ?[36mAnd ?[0m?[36mproduct details should be preserved?[0m                 ?[90m# com.kestrel.web.stepdefs.WebStepDefinitions.productDetailsShouldBePreserved()?[0m

@web @positive
Scenario: Cart modification operations                    ?[90m# features/web/Web ShoppingCart.feature:32?[0m
  ?[32mGiven ?[0m?[32mKestrel agent is positioned at Demoblaze homepage?[0m ?[90m# com.kestrel.web.stepdefs.WebStepDefinitions.kestrelAgentIsPositionedAtDemoblazeHomepage()?[0m
  ?[31mAnd ?[0m?[31mI am authenticated as ?[0m?[31m?[1m"testuser"?[0m                    ?[90m# com.kestrel.web.stepdefs.WebStepDefinitions.iAmAuthenticatedAs(java.lang.String)?[0m
      ?[31morg.openqa.selenium.UnhandledAlertException: unexpected alert open: {Alert text : Wrong password.}
  (Session info: chrome=137.0.7151.69): Wrong password.
Build info: version: '4.16.1', revision: '9b4c83354e'
System info: os.name: 'Windows 11', os.arch: 'amd64', os.version: '10.0', java.version: '17.0.12'
Driver info: org.openqa.selenium.chrome.ChromeDriver
Command: [34997ace67bcd52016d9aad43ceed8d8, findElement {using=id, value=logInModal}]
Capabilities {acceptInsecureCerts: false, browserName: chrome, browserVersion: 137.0.7151.69, chrome: {chromedriverVersion: 137.0.7151.68 (2989ffee9373..., userDataDir: C:\Users\azka1\AppData\Loca...}, fedcm:accounts: true, goog:chromeOptions: {debuggerAddress: localhost:57429}, networkConnectionEnabled: false, pageLoadStrategy: normal, platformName: windows, proxy: Proxy(), se:cdp: ws://localhost:57429/devtoo..., se:cdpVersion: 137.0.7151.69, setWindowRect: true, strictFileInteractability: false, timeouts: {implicit: 0, pageLoad: 300000, script: 30000}, unhandledPromptBehavior: dismiss and notify, webauthn:extension:credBlob: true, webauthn:extension:largeBlob: true, webauthn:extension:minPinLength: true, webauthn:extension:prf: true, webauthn:virtualAuthenticators: true}
Session ID: 34997ace67bcd52016d9aad43ceed8d8
	at org.openqa.selenium.remote.codec.w3c.W3CHttpResponseCodec.decode(W3CHttpResponseCodec.java:131)
	at org.openqa.selenium.remote.codec.w3c.W3CHttpResponseCodec.decode(W3CHttpResponseCodec.java:52)
	at org.openqa.selenium.remote.HttpCommandExecutor.execute(HttpCommandExecutor.java:191)
	at org.openqa.selenium.remote.service.DriverCommandExecutor.invokeExecute(DriverCommandExecutor.java:200)
	at org.openqa.selenium.remote.service.DriverCommandExecutor.execute(DriverCommandExecutor.java:175)
	at org.openqa.selenium.remote.RemoteWebDriver.execute(RemoteWebDriver.java:523)
	at org.openqa.selenium.remote.ElementLocation$ElementFinder$2.findElement(ElementLocation.java:165)
	at org.openqa.selenium.remote.ElementLocation.findElement(ElementLocation.java:59)
	at org.openqa.selenium.remote.RemoteWebDriver.findElement(RemoteWebDriver.java:360)
	at org.openqa.selenium.remote.RemoteWebDriver.findElement(RemoteWebDriver.java:354)
	at org.openqa.selenium.support.pagefactory.DefaultElementLocator.findElement(DefaultElementLocator.java:68)
	at org.openqa.selenium.support.pagefactory.internal.LocatingElementHandler.invoke(LocatingElementHandler.java:38)
	at jdk.proxy3/jdk.proxy3.$Proxy32.isDisplayed(Unknown Source)
	at org.openqa.selenium.support.ui.ExpectedConditions.isInvisible(ExpectedConditions.java:1374)
	at org.openqa.selenium.support.ui.ExpectedConditions$48.apply(ExpectedConditions.java:1362)
	at org.openqa.selenium.support.ui.ExpectedConditions$48.apply(ExpectedConditions.java:1358)
	at org.openqa.selenium.support.ui.FluentWait.until(FluentWait.java:204)
	at com.kestrel.web.pages.LoginPage.clickLoginSubmit(LoginPage.java:103)
	at com.kestrel.web.pages.LoginPage.login(LoginPage.java:117)
	at com.kestrel.web.stepdefs.WebStepDefinitions.iAmAuthenticatedAs(WebStepDefinitions.java:248)
	at âœ½.I am authenticated as "testuser"(classpath:features/web/Web%20ShoppingCart.feature:9)
?[0m

    Embedding Failure Evidence [image/png 241216 bytes]


    Embedding Page Source [text/html 50465 bytes]

  ?[36mGiven ?[0m?[36mI have products in my cart?[0m                        ?[90m# com.kestrel.web.stepdefs.WebStepDefinitions.iHaveProductsInMyCart(io.cucumber.datatable.DataTable)?[0m
    | productName       | quantity |
    | Samsung galaxy s6 | 1        |
    | Sony vaio i5      | 1        |
  ?[36mWhen ?[0m?[36mI remove ?[0m?[36m?[1m"Sony vaio i5"?[0m?[36m from cart?[0m                  ?[90m# com.kestrel.web.stepdefs.WebStepDefinitions.iRemoveFromCart(java.lang.String)?[0m
  ?[36mThen ?[0m?[36mproduct should be removed successfully?[0m             ?[90m# com.kestrel.web.stepdefs.WebStepDefinitions.productShouldBeRemovedSuccessfully()?[0m
  ?[36mAnd ?[0m?[36mcart total should be recalculated?[0m                   ?[90m# com.kestrel.web.stepdefs.WebStepDefinitions.cartTotalShouldBeRecalculated()?[0m
  ?[36mAnd ?[0m?[36mremaining products should be intact?[0m                 ?[90m# com.kestrel.web.stepdefs.WebStepDefinitions.remainingProductsShouldBeIntact()?[0m

@web @positive
Scenario: Product details verification                    ?[90m# features/web/Web ShoppingCart.feature:43?[0m
  ?[31mGiven ?[0m?[31mKestrel agent is positioned at Demoblaze homepage?[0m ?[90m# com.kestrel.web.stepdefs.WebStepDefinitions.kestrelAgentIsPositionedAtDemoblazeHomepage()?[0m
      ?[31morg.opentest4j.AssertionFailedError: Homepage should be loaded ==> expected: <true> but was: <false>
	at org.junit.jupiter.api.AssertionFailureBuilder.build(AssertionFailureBuilder.java:151)
	at org.junit.jupiter.api.AssertionFailureBuilder.buildAndThrow(AssertionFailureBuilder.java:132)
	at org.junit.jupiter.api.AssertTrue.failNotTrue(AssertTrue.java:63)
	at org.junit.jupiter.api.AssertTrue.assertTrue(AssertTrue.java:36)
	at org.junit.jupiter.api.Assertions.assertTrue(Assertions.java:214)
	at com.kestrel.web.stepdefs.WebStepDefinitions.kestrelAgentIsPositionedAtDemoblazeHomepage(WebStepDefinitions.java:42)
	at âœ½.Kestrel agent is positioned at Demoblaze homepage(classpath:features/web/Web%20ShoppingCart.feature:8)
?[0m

    Embedding Failure Evidence [image/png 501552 bytes]


    Embedding Page Source [text/html 45527 bytes]

  ?[36mAnd ?[0m?[36mI am authenticated as ?[0m?[36m?[1m"testuser"?[0m                    ?[90m# com.kestrel.web.stepdefs.WebStepDefinitions.iAmAuthenticatedAs(java.lang.String)?[0m
  ?[36mGiven ?[0m?[36mI am viewing product ?[0m?[36m?[1m"Samsung galaxy s6"?[0m          ?[90m# com.kestrel.web.stepdefs.WebStepDefinitions.iAmViewingProduct(java.lang.String)?[0m
  ?[36mWhen ?[0m?[36mI examine product specifications?[0m                   ?[90m# com.kestrel.web.stepdefs.WebStepDefinitions.iExamineProductSpecifications()?[0m
  ?[36mThen ?[0m?[36mproduct price should be displayed?[0m                  ?[90m# com.kestrel.web.stepdefs.WebStepDefinitions.productPriceShouldBeDisplayed()?[0m
  ?[36mAnd ?[0m?[36mproduct description should be available?[0m             ?[90m# com.kestrel.web.stepdefs.WebStepDefinitions.productDescriptionShouldBeAvailable()?[0m
  ?[36mAnd ?[0m?[36mproduct images should be loaded?[0m                     ?[90m# com.kestrel.web.stepdefs.WebStepDefinitions.productImagesShouldBeLoaded()?[0m
  ?[36mAnd ?[0m?[36m?[0m?[36m?[1m"Add to cart"?[0m?[36m button should be functional?[0m           ?[90m# com.kestrel.web.stepdefs.WebStepDefinitions.buttonShouldBeFunctional(java.lang.String)?[0m

@web @negative
Scenario: Cart operations without authentication          ?[90m# features/web/Web ShoppingCart.feature:52?[0m
  ?[32mGiven ?[0m?[32mKestrel agent is positioned at Demoblaze homepage?[0m ?[90m# com.kestrel.web.stepdefs.WebStepDefinitions.kestrelAgentIsPositionedAtDemoblazeHomepage()?[0m
  ?[31mAnd ?[0m?[31mI am authenticated as ?[0m?[31m?[1m"testuser"?[0m                    ?[90m# com.kestrel.web.stepdefs.WebStepDefinitions.iAmAuthenticatedAs(java.lang.String)?[0m
      ?[31morg.openqa.selenium.UnhandledAlertException: unexpected alert open: {Alert text : Wrong password.}
  (Session info: chrome=137.0.7151.69): Wrong password.
Build info: version: '4.16.1', revision: '9b4c83354e'
System info: os.name: 'Windows 11', os.arch: 'amd64', os.version: '10.0', java.version: '17.0.12'
Driver info: org.openqa.selenium.chrome.ChromeDriver
Command: [f2a8a9ce5683ebd7a85d734e03acbc98, findElement {using=id, value=logInModal}]
Capabilities {acceptInsecureCerts: false, browserName: chrome, browserVersion: 137.0.7151.69, chrome: {chromedriverVersion: 137.0.7151.68 (2989ffee9373..., userDataDir: C:\Users\azka1\AppData\Loca...}, fedcm:accounts: true, goog:chromeOptions: {debuggerAddress: localhost:57510}, networkConnectionEnabled: false, pageLoadStrategy: normal, platformName: windows, proxy: Proxy(), se:cdp: ws://localhost:57510/devtoo..., se:cdpVersion: 137.0.7151.69, setWindowRect: true, strictFileInteractability: false, timeouts: {implicit: 0, pageLoad: 300000, script: 30000}, unhandledPromptBehavior: dismiss and notify, webauthn:extension:credBlob: true, webauthn:extension:largeBlob: true, webauthn:extension:minPinLength: true, webauthn:extension:prf: true, webauthn:virtualAuthenticators: true}
Session ID: f2a8a9ce5683ebd7a85d734e03acbc98
	at org.openqa.selenium.remote.codec.w3c.W3CHttpResponseCodec.decode(W3CHttpResponseCodec.java:131)
	at org.openqa.selenium.remote.codec.w3c.W3CHttpResponseCodec.decode(W3CHttpResponseCodec.java:52)
	at org.openqa.selenium.remote.HttpCommandExecutor.execute(HttpCommandExecutor.java:191)
	at org.openqa.selenium.remote.service.DriverCommandExecutor.invokeExecute(DriverCommandExecutor.java:200)
	at org.openqa.selenium.remote.service.DriverCommandExecutor.execute(DriverCommandExecutor.java:175)
	at org.openqa.selenium.remote.RemoteWebDriver.execute(RemoteWebDriver.java:523)
	at org.openqa.selenium.remote.ElementLocation$ElementFinder$2.findElement(ElementLocation.java:165)
	at org.openqa.selenium.remote.ElementLocation.findElement(ElementLocation.java:59)
	at org.openqa.selenium.remote.RemoteWebDriver.findElement(RemoteWebDriver.java:360)
	at org.openqa.selenium.remote.RemoteWebDriver.findElement(RemoteWebDriver.java:354)
	at org.openqa.selenium.support.pagefactory.DefaultElementLocator.findElement(DefaultElementLocator.java:68)
	at org.openqa.selenium.support.pagefactory.internal.LocatingElementHandler.invoke(LocatingElementHandler.java:38)
	at jdk.proxy3/jdk.proxy3.$Proxy32.isDisplayed(Unknown Source)
	at org.openqa.selenium.support.ui.ExpectedConditions.isInvisible(ExpectedConditions.java:1374)
	at org.openqa.selenium.support.ui.ExpectedConditions$48.apply(ExpectedConditions.java:1362)
	at org.openqa.selenium.support.ui.ExpectedConditions$48.apply(ExpectedConditions.java:1358)
	at org.openqa.selenium.support.ui.FluentWait.until(FluentWait.java:204)
	at com.kestrel.web.pages.LoginPage.clickLoginSubmit(LoginPage.java:103)
	at com.kestrel.web.pages.LoginPage.login(LoginPage.java:117)
	at com.kestrel.web.stepdefs.WebStepDefinitions.iAmAuthenticatedAs(WebStepDefinitions.java:248)
	at âœ½.I am authenticated as "testuser"(classpath:features/web/Web%20ShoppingCart.feature:9)
?[0m

    Embedding Failure Evidence [image/png 241216 bytes]


    Embedding Page Source [text/html 50465 bytes]

  ?[36mGiven ?[0m?[36mI am not authenticated?[0m                            ?[90m# com.kestrel.web.stepdefs.WebStepDefinitions.iAmNotAuthenticated()?[0m
  ?[36mWhen ?[0m?[36mI attempt to add product to cart?[0m                   ?[90m# com.kestrel.web.stepdefs.WebStepDefinitions.iAttemptToAddProductToCart()?[0m
  ?[36mThen ?[0m?[36mauthentication prompt should appear?[0m                ?[90m# com.kestrel.web.stepdefs.WebStepDefinitions.authenticationPromptShouldAppear()?[0m
  ?[36mAnd ?[0m?[36mproduct should not be added?[0m                         ?[90m# com.kestrel.web.stepdefs.WebStepDefinitions.productShouldNotBeAdded()?[0m
  ?[36mAnd ?[0m?[36mcart should remain empty?[0m                            ?[90m# com.kestrel.web.stepdefs.WebStepDefinitions.cartShouldRemainEmpty()?[0m

@web @negative
Scenario: Empty cart checkout attempt                     ?[90m# features/web/Web ShoppingCart.feature:60?[0m

    Embedding Web Setup Error [text/plain 31 bytes]

      ?[31mjava.lang.RuntimeException: Web scenario setup failed
	at com.kestrel.utils.Hooks.beforeWebScenario(Hooks.java:94)
Caused by: java.lang.RuntimeException: Navigation failed after retries
	at com.kestrel.utils.DriverManager.navigateTo(DriverManager.java:275)
	at com.kestrel.utils.Hooks.beforeWebScenario(Hooks.java:87)
	at java.base/jdk.internal.reflect.NativeMethodAccessorImpl.invoke0(Native Method)
	at java.base/jdk.internal.reflect.NativeMethodAccessorImpl.invoke(NativeMethodAccessorImpl.java:77)
	at java.base/jdk.internal.reflect.DelegatingMethodAccessorImpl.invoke(DelegatingMethodAccessorImpl.java:43)
	at java.base/java.lang.reflect.Method.invoke(Method.java:568)
	at io.cucumber.java.Invoker.doInvoke(Invoker.java:66)
	at io.cucumber.java.Invoker.invoke(Invoker.java:24)
	at io.cucumber.java.AbstractGlueDefinition.invokeMethod(AbstractGlueDefinition.java:47)
	at io.cucumber.java.JavaHookDefinition.execute(JavaHookDefinition.java:64)
	at io.cucumber.core.runner.CoreHookDefinition.execute(CoreHookDefinition.java:46)
	at io.cucumber.core.runner.HookDefinitionMatch.runStep(HookDefinitionMatch.java:21)
	at io.cucumber.core.runner.ExecutionMode$1.execute(ExecutionMode.java:10)
	at io.cucumber.core.runner.TestStep.executeStep(TestStep.java:84)
	at io.cucumber.core.runner.TestStep.run(TestStep.java:56)
	at io.cucumber.core.runner.TestCase.run(TestCase.java:78)
	at io.cucumber.core.runner.Runner.runPickle(Runner.java:75)
	at io.cucumber.junit.platform.engine.CucumberEngineExecutionContext.lambda$runTestCase$4(CucumberEngineExecutionContext.java:112)
	at io.cucumber.core.runtime.CucumberExecutionContext.lambda$runTestCase$5(CucumberExecutionContext.java:137)
	at io.cucumber.core.runtime.RethrowingThrowableCollector.executeAndThrow(RethrowingThrowableCollector.java:23)
	at io.cucumber.core.runtime.CucumberExecutionContext.runTestCase(CucumberExecutionContext.java:137)
	at io.cucumber.junit.platform.engine.CucumberEngineExecutionContext.runTestCase(CucumberEngineExecutionContext.java:109)
	at io.cucumber.junit.platform.engine.NodeDescriptor$PickleDescriptor.execute(NodeDescriptor.java:168)
	at io.cucumber.junit.platform.engine.NodeDescriptor$PickleDescriptor.execute(NodeDescriptor.java:90)
	at org.junit.platform.engine.support.hierarchical.NodeTestTask.lambda$executeRecursively$6(NodeTestTask.java:151)
	at org.junit.platform.engine.support.hierarchical.ThrowableCollector.execute(ThrowableCollector.java:73)
	at org.junit.platform.engine.support.hierarchical.NodeTestTask.lambda$executeRecursively$8(NodeTestTask.java:141)
	at org.junit.platform.engine.support.hierarchical.Node.around(Node.java:137)
	at org.junit.platform.engine.support.hierarchical.NodeTestTask.lambda$executeRecursively$9(NodeTestTask.java:139)
	at org.junit.platform.engine.support.hierarchical.ThrowableCollector.execute(ThrowableCollector.java:73)
	at org.junit.platform.engine.support.hierarchical.NodeTestTask.executeRecursively(NodeTestTask.java:138)
	at org.junit.platform.engine.support.hierarchical.NodeTestTask.execute(NodeTestTask.java:95)
	at java.base/java.util.ArrayList.forEach(ArrayList.java:1511)
	at org.junit.platform.engine.support.hierarchical.SameThreadHierarchicalTestExecutorService.invokeAll(SameThreadHierarchicalTestExecutorService.java:41)
	at org.junit.platform.engine.support.hierarchical.NodeTestTask.lambda$executeRecursively$6(NodeTestTask.java:155)
	at org.junit.platform.engine.support.hierarchical.ThrowableCollector.execute(ThrowableCollector.java:73)
	at org.junit.platform.engine.support.hierarchical.NodeTestTask.lambda$executeRecursively$8(NodeTestTask.java:141)
	at org.junit.platform.engine.support.hierarchical.Node.around(Node.java:137)
	at org.junit.platform.engine.support.hierarchical.NodeTestTask.lambda$executeRecursively$9(NodeTestTask.java:139)
	at org.junit.platform.engine.support.hierarchical.ThrowableCollector.execute(ThrowableCollector.java:73)
	at org.junit.platform.engine.support.hierarchical.NodeTestTask.executeRecursively(NodeTestTask.java:138)
	at org.junit.platform.engine.support.hierarchical.NodeTestTask.execute(NodeTestTask.java:95)
	at java.base/java.util.ArrayList.forEach(ArrayList.java:1511)
	at org.junit.platform.engine.support.hierarchical.SameThreadHierarchicalTestExecutorService.invokeAll(SameThreadHierarchicalTestExecutorService.java:41)
	at org.junit.platform.engine.support.hierarchical.NodeTestTask.lambda$executeRecursively$6(NodeTestTask.java:155)
	at org.junit.platform.engine.support.hierarchical.ThrowableCollector.execute(ThrowableCollector.java:73)
	at org.junit.platform.engine.support.hierarchical.NodeTestTask.lambda$executeRecursively$8(NodeTestTask.java:141)
	at org.junit.platform.engine.support.hierarchical.Node.around(Node.java:137)
	at org.junit.platform.engine.support.hierarchical.NodeTestTask.lambda$executeRecursively$9(NodeTestTask.java:139)
	at org.junit.platform.engine.support.hierarchical.ThrowableCollector.execute(ThrowableCollector.java:73)
	at org.junit.platform.engine.support.hierarchical.NodeTestTask.executeRecursively(NodeTestTask.java:138)
	at org.junit.platform.engine.support.hierarchical.NodeTestTask.execute(NodeTestTask.java:95)
	at org.junit.platform.engine.support.hierarchical.SameThreadHierarchicalTestExecutorService.submit(SameThreadHierarchicalTestExecutorService.java:35)
	at org.junit.platform.engine.support.hierarchical.HierarchicalTestExecutor.execute(HierarchicalTestExecutor.java:57)
	at org.junit.platform.engine.support.hierarchical.HierarchicalTestEngine.execute(HierarchicalTestEngine.java:54)
	at org.junit.platform.launcher.core.EngineExecutionOrchestrator.execute(EngineExecutionOrchestrator.java:198)
	at org.junit.platform.launcher.core.EngineExecutionOrchestrator.execute(EngineExecutionOrchestrator.java:169)
	at org.junit.platform.launcher.core.EngineExecutionOrchestrator.execute(EngineExecutionOrchestrator.java:93)
	at org.junit.platform.launcher.core.EngineExecutionOrchestrator.execute(EngineExecutionOrchestrator.java:76)
	at org.junit.platform.suite.engine.SuiteLauncher.execute(SuiteLauncher.java:63)
	at org.junit.platform.suite.engine.SuiteTestDescriptor.execute(SuiteTestDescriptor.java:128)
	at org.junit.platform.suite.engine.SuiteTestEngine.lambda$execute$0(SuiteTestEngine.java:73)
	at java.base/java.util.stream.ForEachOps$ForEachOp$OfRef.accept(ForEachOps.java:183)
	at java.base/java.util.stream.ReferencePipeline$3$1.accept(ReferencePipeline.java:197)
	at java.base/java.util.Iterator.forEachRemaining(Iterator.java:133)
	at java.base/java.util.Spliterators$IteratorSpliterator.forEachRemaining(Spliterators.java:1845)
	at java.base/java.util.stream.AbstractPipeline.copyInto(AbstractPipeline.java:509)
	at java.base/java.util.stream.AbstractPipeline.wrapAndCopyInto(AbstractPipeline.java:499)
	at java.base/java.util.stream.ForEachOps$ForEachOp.evaluateSequential(ForEachOps.java:150)
	at java.base/java.util.stream.ForEachOps$ForEachOp$OfRef.evaluateSequential(ForEachOps.java:173)
	at java.base/java.util.stream.AbstractPipeline.evaluate(AbstractPipeline.java:234)
	at java.base/java.util.stream.ReferencePipeline.forEach(ReferencePipeline.java:596)
	at org.junit.platform.suite.engine.SuiteTestEngine.execute(SuiteTestEngine.java:73)
	at org.junit.platform.launcher.core.EngineExecutionOrchestrator.execute(EngineExecutionOrchestrator.java:198)
	at org.junit.platform.launcher.core.EngineExecutionOrchestrator.execute(EngineExecutionOrchestrator.java:169)
	at org.junit.platform.launcher.core.EngineExecutionOrchestrator.execute(EngineExecutionOrchestrator.java:93)
	at org.junit.platform.launcher.core.EngineExecutionOrchestrator.lambda$execute$0(EngineExecutionOrchestrator.java:58)
	at org.junit.platform.launcher.core.EngineExecutionOrchestrator.withInterceptedStreams(EngineExecutionOrchestrator.java:141)
	at org.junit.platform.launcher.core.EngineExecutionOrchestrator.execute(EngineExecutionOrchestrator.java:57)
	at org.junit.platform.launcher.core.DefaultLauncher.execute(DefaultLauncher.java:103)
	at org.junit.platform.launcher.core.DefaultLauncher.execute(DefaultLauncher.java:85)
	at org.junit.platform.launcher.core.DelegatingLauncher.execute(DelegatingLauncher.java:47)
	at org.gradle.api.internal.tasks.testing.junitplatform.JUnitPlatformTestClassProcessor$CollectAllTestClassesExecutor.processAllTestClasses(JUnitPlatformTestClassProcessor.java:119)
	at org.gradle.api.internal.tasks.testing.junitplatform.JUnitPlatformTestClassProcessor$CollectAllTestClassesExecutor.access$000(JUnitPlatformTestClassProcessor.java:94)
	at org.gradle.api.internal.tasks.testing.junitplatform.JUnitPlatformTestClassProcessor.stop(JUnitPlatformTestClassProcessor.java:89)
	at org.gradle.api.internal.tasks.testing.SuiteTestClassProcessor.stop(SuiteTestClassProcessor.java:62)
	at java.base/jdk.internal.reflect.NativeMethodAccessorImpl.invoke0(Native Method)
	at java.base/jdk.internal.reflect.NativeMethodAccessorImpl.invoke(NativeMethodAccessorImpl.java:77)
	at java.base/jdk.internal.reflect.DelegatingMethodAccessorImpl.invoke(DelegatingMethodAccessorImpl.java:43)
	at java.base/java.lang.reflect.Method.invoke(Method.java:568)
	at org.gradle.internal.dispatch.ReflectionDispatch.dispatch(ReflectionDispatch.java:36)
	at org.gradle.internal.dispatch.ReflectionDispatch.dispatch(ReflectionDispatch.java:24)
	at org.gradle.internal.dispatch.ContextClassLoaderDispatch.dispatch(ContextClassLoaderDispatch.java:33)
	at org.gradle.internal.dispatch.ProxyDispatchAdapter$DispatchingInvocationHandler.invoke(ProxyDispatchAdapter.java:94)
	at jdk.proxy1/jdk.proxy1.$Proxy2.stop(Unknown Source)
	at org.gradle.api.internal.tasks.testing.worker.TestWorker$3.run(TestWorker.java:193)
	at org.gradle.api.internal.tasks.testing.worker.TestWorker.executeAndMaintainThreadName(TestWorker.java:129)
	at org.gradle.api.internal.tasks.testing.worker.TestWorker.execute(TestWorker.java:100)
	at org.gradle.api.internal.tasks.testing.worker.TestWorker.execute(TestWorker.java:60)
	at org.gradle.process.internal.worker.child.ActionExecutionWorker.execute(ActionExecutionWorker.java:56)
	at org.gradle.process.internal.worker.child.SystemApplicationClassLoaderWorker.call(SystemApplicationClassLoaderWorker.java:113)
	at org.gradle.process.internal.worker.child.SystemApplicationClassLoaderWorker.call(SystemApplicationClassLoaderWorker.java:65)
	at worker.org.gradle.process.internal.worker.GradleWorkerMain.run(GradleWorkerMain.java:69)
	at worker.org.gradle.process.internal.worker.GradleWorkerMain.main(GradleWorkerMain.java:74)
Caused by: org.openqa.selenium.TimeoutException: timeout: Timed out receiving message from renderer: 30.000
  (Session info: chrome=137.0.7151.69)
Build info: version: '4.16.1', revision: '9b4c83354e'
System info: os.name: 'Windows 11', os.arch: 'amd64', os.version: '10.0', java.version: '17.0.12'
Driver info: org.openqa.selenium.chrome.ChromeDriver
Command: [e0235987f4f8759f11cc6a03be77d95d, get {url=https://www.demoblaze.com}]
Capabilities {acceptInsecureCerts: false, browserName: chrome, browserVersion: 137.0.7151.69, chrome: {chromedriverVersion: 137.0.7151.68 (2989ffee9373..., userDataDir: C:\Users\azka1\AppData\Loca...}, fedcm:accounts: true, goog:chromeOptions: {debuggerAddress: localhost:57562}, networkConnectionEnabled: false, pageLoadStrategy: normal, platformName: windows, proxy: Proxy(), se:cdp: ws://localhost:57562/devtoo..., se:cdpVersion: 137.0.7151.69, setWindowRect: true, strictFileInteractability: false, timeouts: {implicit: 0, pageLoad: 300000, script: 30000}, unhandledPromptBehavior: dismiss and notify, webauthn:extension:credBlob: true, webauthn:extension:largeBlob: true, webauthn:extension:minPinLength: true, webauthn:extension:prf: true, webauthn:virtualAuthenticators: true}
Session ID: e0235987f4f8759f11cc6a03be77d95d
	at java.base/jdk.internal.reflect.NativeConstructorAccessorImpl.newInstance0(Native Method)
	at java.base/jdk.internal.reflect.NativeConstructorAccessorImpl.newInstance(NativeConstructorAccessorImpl.java:77)
	at java.base/jdk.internal.reflect.DelegatingConstructorAccessorImpl.newInstance(DelegatingConstructorAccessorImpl.java:45)
	at java.base/java.lang.reflect.Constructor.newInstanceWithCaller(Constructor.java:499)
	at java.base/java.lang.reflect.Constructor.newInstance(Constructor.java:480)
	at org.openqa.selenium.remote.codec.w3c.W3CHttpResponseCodec.createException(W3CHttpResponseCodec.java:200)
	at org.openqa.selenium.remote.codec.w3c.W3CHttpResponseCodec.decode(W3CHttpResponseCodec.java:133)
	at org.openqa.selenium.remote.codec.w3c.W3CHttpResponseCodec.decode(W3CHttpResponseCodec.java:52)
	at org.openqa.selenium.remote.HttpCommandExecutor.execute(HttpCommandExecutor.java:191)
	at org.openqa.selenium.remote.service.DriverCommandExecutor.invokeExecute(DriverCommandExecutor.java:200)
	at org.openqa.selenium.remote.service.DriverCommandExecutor.execute(DriverCommandExecutor.java:175)
	at org.openqa.selenium.remote.RemoteWebDriver.execute(RemoteWebDriver.java:523)
	at org.openqa.selenium.remote.RemoteWebDriver.get(RemoteWebDriver.java:305)
	at com.kestrel.utils.DriverManager.navigateTo(DriverManager.java:261)
	... 103 more
?[0m
  ?[36mGiven ?[0m?[36mKestrel agent is positioned at Demoblaze homepage?[0m ?[90m# com.kestrel.web.stepdefs.WebStepDefinitions.kestrelAgentIsPositionedAtDemoblazeHomepage()?[0m
  ?[36mAnd ?[0m?[36mI am authenticated as ?[0m?[36m?[1m"testuser"?[0m                    ?[90m# com.kestrel.web.stepdefs.WebStepDefinitions.iAmAuthenticatedAs(java.lang.String)?[0m
  ?[36mGiven ?[0m?[36mmy cart is empty?[0m                                  ?[90m# com.kestrel.web.stepdefs.WebStepDefinitions.myCartIsEmpty()?[0m
  ?[36mWhen ?[0m?[36mI attempt to proceed to checkout?[0m                   ?[90m# com.kestrel.web.stepdefs.WebStepDefinitions.iAttemptToProceedToCheckout()?[0m
  ?[36mThen ?[0m?[36mempty cart warning should appear?[0m                   ?[90m# com.kestrel.web.stepdefs.WebStepDefinitions.emptyCartWarningShouldAppear()?[0m
  ?[36mAnd ?[0m?[36mcheckout should be prevented?[0m                        ?[90m# com.kestrel.web.stepdefs.WebStepDefinitions.checkoutShouldBePrevented()?[0m
  ?[36mAnd ?[0m?[36mcart page should remain visible?[0m                     ?[90m# com.kestrel.web.stepdefs.WebStepDefinitions.cartPageShouldRemainVisible()?[0m

@web @smoke @positive
Scenario: Product reconnaissance and acquisition          ?[90m# features/web/Web authentitcation.feature:12?[0m
  ?[32mGiven ?[0m?[32mKestrel agent is positioned at Demoblaze homepage?[0m ?[90m# com.kestrel.web.stepdefs.WebStepDefinitions.kestrelAgentIsPositionedAtDemoblazeHomepage()?[0m
  ?[31mAnd ?[0m?[31mI am authenticated as ?[0m?[31m?[1m"testuser"?[0m                    ?[90m# com.kestrel.web.stepdefs.WebStepDefinitions.iAmAuthenticatedAs(java.lang.String)?[0m
      ?[31morg.openqa.selenium.UnhandledAlertException: unexpected alert open: {Alert text : Wrong password.}
  (Session info: chrome=137.0.7151.69): Wrong password.
Build info: version: '4.16.1', revision: '9b4c83354e'
System info: os.name: 'Windows 11', os.arch: 'amd64', os.version: '10.0', java.version: '17.0.12'
Driver info: org.openqa.selenium.chrome.ChromeDriver
Command: [f6fd9451a8e3d05a0a668c69a3f4e7c4, findElement {using=id, value=logInModal}]
Capabilities {acceptInsecureCerts: false, browserName: chrome, browserVersion: 137.0.7151.69, chrome: {chromedriverVersion: 137.0.7151.68 (2989ffee9373..., userDataDir: C:\Users\azka1\AppData\Loca...}, fedcm:accounts: true, goog:chromeOptions: {debuggerAddress: localhost:57605}, networkConnectionEnabled: false, pageLoadStrategy: normal, platformName: windows, proxy: Proxy(), se:cdp: ws://localhost:57605/devtoo..., se:cdpVersion: 137.0.7151.69, setWindowRect: true, strictFileInteractability: false, timeouts: {implicit: 0, pageLoad: 300000, script: 30000}, unhandledPromptBehavior: dismiss and notify, webauthn:extension:credBlob: true, webauthn:extension:largeBlob: true, webauthn:extension:minPinLength: true, webauthn:extension:prf: true, webauthn:virtualAuthenticators: true}
Session ID: f6fd9451a8e3d05a0a668c69a3f4e7c4
	at org.openqa.selenium.remote.codec.w3c.W3CHttpResponseCodec.decode(W3CHttpResponseCodec.java:131)
	at org.openqa.selenium.remote.codec.w3c.W3CHttpResponseCodec.decode(W3CHttpResponseCodec.java:52)
	at org.openqa.selenium.remote.HttpCommandExecutor.execute(HttpCommandExecutor.java:191)
	at org.openqa.selenium.remote.service.DriverCommandExecutor.invokeExecute(DriverCommandExecutor.java:200)
	at org.openqa.selenium.remote.service.DriverCommandExecutor.execute(DriverCommandExecutor.java:175)
	at org.openqa.selenium.remote.RemoteWebDriver.execute(RemoteWebDriver.java:523)
	at org.openqa.selenium.remote.ElementLocation$ElementFinder$2.findElement(ElementLocation.java:165)
	at org.openqa.selenium.remote.ElementLocation.findElement(ElementLocation.java:59)
	at org.openqa.selenium.remote.RemoteWebDriver.findElement(RemoteWebDriver.java:360)
	at org.openqa.selenium.remote.RemoteWebDriver.findElement(RemoteWebDriver.java:354)
	at org.openqa.selenium.support.pagefactory.DefaultElementLocator.findElement(DefaultElementLocator.java:68)
	at org.openqa.selenium.support.pagefactory.internal.LocatingElementHandler.invoke(LocatingElementHandler.java:38)
	at jdk.proxy3/jdk.proxy3.$Proxy32.isDisplayed(Unknown Source)
	at org.openqa.selenium.support.ui.ExpectedConditions.isInvisible(ExpectedConditions.java:1374)
	at org.openqa.selenium.support.ui.ExpectedConditions$48.apply(ExpectedConditions.java:1362)
	at org.openqa.selenium.support.ui.ExpectedConditions$48.apply(ExpectedConditions.java:1358)
	at org.openqa.selenium.support.ui.FluentWait.until(FluentWait.java:204)
	at com.kestrel.web.pages.LoginPage.clickLoginSubmit(LoginPage.java:103)
	at com.kestrel.web.pages.LoginPage.login(LoginPage.java:117)
	at com.kestrel.web.stepdefs.WebStepDefinitions.iAmAuthenticatedAs(WebStepDefinitions.java:248)
	at âœ½.I am authenticated as "testuser"(classpath:features/web/Web%20authentitcation.feature:9)
?[0m

    Embedding Failure Evidence [image/png 242294 bytes]


    Embedding Page Source [text/html 50465 bytes]

  ?[36mGiven ?[0m?[36mI am browsing the product catalog?[0m                 ?[90m# com.kestrel.web.stepdefs.WebStepDefinitions.iAmBrowsingTheProductCatalog()?[0m
  ?[36mWhen ?[0m?[36mI select a product ?[0m?[36m?[1m"Samsung galaxy s6"?[0m             ?[90m# com.kestrel.web.stepdefs.WebStepDefinitions.iSelectAProduct(java.lang.String)?[0m
  ?[36mAnd ?[0m?[36mI add the product to cart?[0m                           ?[90m# com.kestrel.web.stepdefs.WebStepDefinitions.iAddTheProductToCart()?[0m
  ?[36mThen ?[0m?[36mproduct should be added successfully?[0m               ?[90m# com.kestrel.web.stepdefs.WebStepDefinitions.productShouldBeAddedSuccessfully()?[0m
  ?[36mAnd ?[0m?[36mcart counter should be updated?[0m                      ?[90m# com.kestrel.web.stepdefs.WebStepDefinitions.cartCounterShouldBeUpdated()?[0m
  ?[36mAnd ?[0m?[36mproduct should appear in cart?[0m                       ?[90m# com.kestrel.web.stepdefs.WebStepDefinitions.productShouldAppearInCart()?[0m

@web @positive
Scenario: Multi-product cart assembly                     ?[90m# features/web/Web authentitcation.feature:21?[0m
  ?[32mGiven ?[0m?[32mKestrel agent is positioned at Demoblaze homepage?[0m ?[90m# com.kestrel.web.stepdefs.WebStepDefinitions.kestrelAgentIsPositionedAtDemoblazeHomepage()?[0m
  ?[31mAnd ?[0m?[31mI am authenticated as ?[0m?[31m?[1m"testuser"?[0m                    ?[90m# com.kestrel.web.stepdefs.WebStepDefinitions.iAmAuthenticatedAs(java.lang.String)?[0m
      ?[31morg.openqa.selenium.UnhandledAlertException: unexpected alert open: {Alert text : Wrong password.}
  (Session info: chrome=137.0.7151.69): Wrong password.
Build info: version: '4.16.1', revision: '9b4c83354e'
System info: os.name: 'Windows 11', os.arch: 'amd64', os.version: '10.0', java.version: '17.0.12'
Driver info: org.openqa.selenium.chrome.ChromeDriver
Command: [28eb51e89fdacd6ff21ec5e058c11501, findElement {using=id, value=logInModal}]
Capabilities {acceptInsecureCerts: false, browserName: chrome, browserVersion: 137.0.7151.69, chrome: {chromedriverVersion: 137.0.7151.68 (2989ffee9373..., userDataDir: C:\Users\azka1\AppData\Loca...}, fedcm:accounts: true, goog:chromeOptions: {debuggerAddress: localhost:57630}, networkConnectionEnabled: false, pageLoadStrategy: normal, platformName: windows, proxy: Proxy(), se:cdp: ws://localhost:57630/devtoo..., se:cdpVersion: 137.0.7151.69, setWindowRect: true, strictFileInteractability: false, timeouts: {implicit: 0, pageLoad: 300000, script: 30000}, unhandledPromptBehavior: dismiss and notify, webauthn:extension:credBlob: true, webauthn:extension:largeBlob: true, webauthn:extension:minPinLength: true, webauthn:extension:prf: true, webauthn:virtualAuthenticators: true}
Session ID: 28eb51e89fdacd6ff21ec5e058c11501
	at org.openqa.selenium.remote.codec.w3c.W3CHttpResponseCodec.decode(W3CHttpResponseCodec.java:131)
	at org.openqa.selenium.remote.codec.w3c.W3CHttpResponseCodec.decode(W3CHttpResponseCodec.java:52)
	at org.openqa.selenium.remote.HttpCommandExecutor.execute(HttpCommandExecutor.java:191)
	at org.openqa.selenium.remote.service.DriverCommandExecutor.invokeExecute(DriverCommandExecutor.java:200)
	at org.openqa.selenium.remote.service.DriverCommandExecutor.execute(DriverCommandExecutor.java:175)
	at org.openqa.selenium.remote.RemoteWebDriver.execute(RemoteWebDriver.java:523)
	at org.openqa.selenium.remote.ElementLocation$ElementFinder$2.findElement(ElementLocation.java:165)
	at org.openqa.selenium.remote.ElementLocation.findElement(ElementLocation.java:59)
	at org.openqa.selenium.remote.RemoteWebDriver.findElement(RemoteWebDriver.java:360)
	at org.openqa.selenium.remote.RemoteWebDriver.findElement(RemoteWebDriver.java:354)
	at org.openqa.selenium.support.pagefactory.DefaultElementLocator.findElement(DefaultElementLocator.java:68)
	at org.openqa.selenium.support.pagefactory.internal.LocatingElementHandler.invoke(LocatingElementHandler.java:38)
	at jdk.proxy3/jdk.proxy3.$Proxy32.isDisplayed(Unknown Source)
	at org.openqa.selenium.support.ui.ExpectedConditions.isInvisible(ExpectedConditions.java:1374)
	at org.openqa.selenium.support.ui.ExpectedConditions$48.apply(ExpectedConditions.java:1362)
	at org.openqa.selenium.support.ui.ExpectedConditions$48.apply(ExpectedConditions.java:1358)
	at org.openqa.selenium.support.ui.FluentWait.until(FluentWait.java:204)
	at com.kestrel.web.pages.LoginPage.clickLoginSubmit(LoginPage.java:103)
	at com.kestrel.web.pages.LoginPage.login(LoginPage.java:117)
	at com.kestrel.web.stepdefs.WebStepDefinitions.iAmAuthenticatedAs(WebStepDefinitions.java:248)
	at âœ½.I am authenticated as "testuser"(classpath:features/web/Web%20authentitcation.feature:9)
?[0m

    Embedding Failure Evidence [image/png 241216 bytes]


    Embedding Page Source [text/html 50465 bytes]

  ?[36mGiven ?[0m?[36mI am browsing the product catalog?[0m                 ?[90m# com.kestrel.web.stepdefs.WebStepDefinitions.iAmBrowsingTheProductCatalog()?[0m
  ?[36mWhen ?[0m?[36mI add multiple products to cart?[0m                    ?[90m# com.kestrel.web.stepdefs.WebStepDefinitions.iAddMultipleProductsToCart(io.cucumber.datatable.DataTable)?[0m
    | productName       | category |
    | Samsung galaxy s6 | Phones   |
    | Sony vaio i5      | Laptops  |
  ?[36mThen ?[0m?[36mall products should be in cart?[0m                     ?[90m# com.kestrel.web.stepdefs.WebStepDefinitions.allProductsShouldBeInCart()?[0m
  ?[36mAnd ?[0m?[36mcart total should be calculated correctly?[0m           ?[90m# com.kestrel.web.stepdefs.WebStepDefinitions.cartTotalShouldBeCalculatedCorrectly()?[0m
  ?[36mAnd ?[0m?[36mproduct details should be preserved?[0m                 ?[90m# com.kestrel.web.stepdefs.WebStepDefinitions.productDetailsShouldBePreserved()?[0m

@web @positive
Scenario: Cart modification operations                    ?[90m# features/web/Web authentitcation.feature:32?[0m
  ?[31mGiven ?[0m?[31mKestrel agent is positioned at Demoblaze homepage?[0m ?[90m# com.kestrel.web.stepdefs.WebStepDefinitions.kestrelAgentIsPositionedAtDemoblazeHomepage()?[0m
      ?[31morg.opentest4j.AssertionFailedError: Homepage should be loaded ==> expected: <true> but was: <false>
	at org.junit.jupiter.api.AssertionFailureBuilder.build(AssertionFailureBuilder.java:151)
	at org.junit.jupiter.api.AssertionFailureBuilder.buildAndThrow(AssertionFailureBuilder.java:132)
	at org.junit.jupiter.api.AssertTrue.failNotTrue(AssertTrue.java:63)
	at org.junit.jupiter.api.AssertTrue.assertTrue(AssertTrue.java:36)
	at org.junit.jupiter.api.Assertions.assertTrue(Assertions.java:214)
	at com.kestrel.web.stepdefs.WebStepDefinitions.kestrelAgentIsPositionedAtDemoblazeHomepage(WebStepDefinitions.java:42)
	at âœ½.Kestrel agent is positioned at Demoblaze homepage(classpath:features/web/Web%20authentitcation.feature:8)
?[0m

    Embedding Failure Evidence [image/png 473134 bytes]


    Embedding Page Source [text/html 45527 bytes]

  ?[36mAnd ?[0m?[36mI am authenticated as ?[0m?[36m?[1m"testuser"?[0m                    ?[90m# com.kestrel.web.stepdefs.WebStepDefinitions.iAmAuthenticatedAs(java.lang.String)?[0m
  ?[36mGiven ?[0m?[36mI have products in my cart?[0m                        ?[90m# com.kestrel.web.stepdefs.WebStepDefinitions.iHaveProductsInMyCart(io.cucumber.datatable.DataTable)?[0m
    | productName       | quantity |
    | Samsung galaxy s6 | 1        |
    | Sony vaio i5      | 1        |
  ?[36mWhen ?[0m?[36mI remove ?[0m?[36m?[1m"Sony vaio i5"?[0m?[36m from cart?[0m                  ?[90m# com.kestrel.web.stepdefs.WebStepDefinitions.iRemoveFromCart(java.lang.String)?[0m
  ?[36mThen ?[0m?[36mproduct should be removed successfully?[0m             ?[90m# com.kestrel.web.stepdefs.WebStepDefinitions.productShouldBeRemovedSuccessfully()?[0m
  ?[36mAnd ?[0m?[36mcart total should be recalculated?[0m                   ?[90m# com.kestrel.web.stepdefs.WebStepDefinitions.cartTotalShouldBeRecalculated()?[0m
  ?[36mAnd ?[0m?[36mremaining products should be intact?[0m                 ?[90m# com.kestrel.web.stepdefs.WebStepDefinitions.remainingProductsShouldBeIntact()?[0m

@web @positive
Scenario: Product details verification                    ?[90m# features/web/Web authentitcation.feature:43?[0m
  ?[32mGiven ?[0m?[32mKestrel agent is positioned at Demoblaze homepage?[0m ?[90m# com.kestrel.web.stepdefs.WebStepDefinitions.kestrelAgentIsPositionedAtDemoblazeHomepage()?[0m
  ?[31mAnd ?[0m?[31mI am authenticated as ?[0m?[31m?[1m"testuser"?[0m                    ?[90m# com.kestrel.web.stepdefs.WebStepDefinitions.iAmAuthenticatedAs(java.lang.String)?[0m
      ?[31morg.openqa.selenium.UnhandledAlertException: unexpected alert open: {Alert text : Wrong password.}
  (Session info: chrome=137.0.7151.69): Wrong password.
Build info: version: '4.16.1', revision: '9b4c83354e'
System info: os.name: 'Windows 11', os.arch: 'amd64', os.version: '10.0', java.version: '17.0.12'
Driver info: org.openqa.selenium.chrome.ChromeDriver
Command: [23d9272fc241bfabcb63c8df7c554e79, findElement {using=id, value=logInModal}]
Capabilities {acceptInsecureCerts: false, browserName: chrome, browserVersion: 137.0.7151.69, chrome: {chromedriverVersion: 137.0.7151.68 (2989ffee9373..., userDataDir: C:\Users\azka1\AppData\Loca...}, fedcm:accounts: true, goog:chromeOptions: {debuggerAddress: localhost:57679}, networkConnectionEnabled: false, pageLoadStrategy: normal, platformName: windows, proxy: Proxy(), se:cdp: ws://localhost:57679/devtoo..., se:cdpVersion: 137.0.7151.69, setWindowRect: true, strictFileInteractability: false, timeouts: {implicit: 0, pageLoad: 300000, script: 30000}, unhandledPromptBehavior: dismiss and notify, webauthn:extension:credBlob: true, webauthn:extension:largeBlob: true, webauthn:extension:minPinLength: true, webauthn:extension:prf: true, webauthn:virtualAuthenticators: true}
Session ID: 23d9272fc241bfabcb63c8df7c554e79
	at org.openqa.selenium.remote.codec.w3c.W3CHttpResponseCodec.decode(W3CHttpResponseCodec.java:131)
	at org.openqa.selenium.remote.codec.w3c.W3CHttpResponseCodec.decode(W3CHttpResponseCodec.java:52)
	at org.openqa.selenium.remote.HttpCommandExecutor.execute(HttpCommandExecutor.java:191)
	at org.openqa.selenium.remote.service.DriverCommandExecutor.invokeExecute(DriverCommandExecutor.java:200)
	at org.openqa.selenium.remote.service.DriverCommandExecutor.execute(DriverCommandExecutor.java:175)
	at org.openqa.selenium.remote.RemoteWebDriver.execute(RemoteWebDriver.java:523)
	at org.openqa.selenium.remote.ElementLocation$ElementFinder$2.findElement(ElementLocation.java:165)
	at org.openqa.selenium.remote.ElementLocation.findElement(ElementLocation.java:59)
	at org.openqa.selenium.remote.RemoteWebDriver.findElement(RemoteWebDriver.java:360)
	at org.openqa.selenium.remote.RemoteWebDriver.findElement(RemoteWebDriver.java:354)
	at org.openqa.selenium.support.pagefactory.DefaultElementLocator.findElement(DefaultElementLocator.java:68)
	at org.openqa.selenium.support.pagefactory.internal.LocatingElementHandler.invoke(LocatingElementHandler.java:38)
	at jdk.proxy3/jdk.proxy3.$Proxy32.isDisplayed(Unknown Source)
	at org.openqa.selenium.support.ui.ExpectedConditions.isInvisible(ExpectedConditions.java:1374)
	at org.openqa.selenium.support.ui.ExpectedConditions$48.apply(ExpectedConditions.java:1362)
	at org.openqa.selenium.support.ui.ExpectedConditions$48.apply(ExpectedConditions.java:1358)
	at org.openqa.selenium.support.ui.FluentWait.until(FluentWait.java:204)
	at com.kestrel.web.pages.LoginPage.clickLoginSubmit(LoginPage.java:103)
	at com.kestrel.web.pages.LoginPage.login(LoginPage.java:117)
	at com.kestrel.web.stepdefs.WebStepDefinitions.iAmAuthenticatedAs(WebStepDefinitions.java:248)
	at âœ½.I am authenticated as "testuser"(classpath:features/web/Web%20authentitcation.feature:9)
?[0m

    Embedding Failure Evidence [image/png 241216 bytes]


    Embedding Page Source [text/html 50465 bytes]

  ?[36mGiven ?[0m?[36mI am viewing product ?[0m?[36m?[1m"Samsung galaxy s6"?[0m          ?[90m# com.kestrel.web.stepdefs.WebStepDefinitions.iAmViewingProduct(java.lang.String)?[0m
  ?[36mWhen ?[0m?[36mI examine product specifications?[0m                   ?[90m# com.kestrel.web.stepdefs.WebStepDefinitions.iExamineProductSpecifications()?[0m
  ?[36mThen ?[0m?[36mproduct price should be displayed?[0m                  ?[90m# com.kestrel.web.stepdefs.WebStepDefinitions.productPriceShouldBeDisplayed()?[0m
  ?[36mAnd ?[0m?[36mproduct description should be available?[0m             ?[90m# com.kestrel.web.stepdefs.WebStepDefinitions.productDescriptionShouldBeAvailable()?[0m
  ?[36mAnd ?[0m?[36mproduct images should be loaded?[0m                     ?[90m# com.kestrel.web.stepdefs.WebStepDefinitions.productImagesShouldBeLoaded()?[0m
  ?[36mAnd ?[0m?[36m?[0m?[36m?[1m"Add to cart"?[0m?[36m button should be functional?[0m           ?[90m# com.kestrel.web.stepdefs.WebStepDefinitions.buttonShouldBeFunctional(java.lang.String)?[0m

@web @negative
Scenario: Cart operations without authentication          ?[90m# features/web/Web authentitcation.feature:52?[0m
  ?[32mGiven ?[0m?[32mKestrel agent is positioned at Demoblaze homepage?[0m ?[90m# com.kestrel.web.stepdefs.WebStepDefinitions.kestrelAgentIsPositionedAtDemoblazeHomepage()?[0m
  ?[31mAnd ?[0m?[31mI am authenticated as ?[0m?[31m?[1m"testuser"?[0m                    ?[90m# com.kestrel.web.stepdefs.WebStepDefinitions.iAmAuthenticatedAs(java.lang.String)?[0m
      ?[31morg.openqa.selenium.UnhandledAlertException: unexpected alert open: {Alert text : Wrong password.}
  (Session info: chrome=137.0.7151.69): Wrong password.
Build info: version: '4.16.1', revision: '9b4c83354e'
System info: os.name: 'Windows 11', os.arch: 'amd64', os.version: '10.0', java.version: '17.0.12'
Driver info: org.openqa.selenium.chrome.ChromeDriver
Command: [a9a19f6dfd70e08c4ddd15e28aeea309, findElement {using=id, value=logInModal}]
Capabilities {acceptInsecureCerts: false, browserName: chrome, browserVersion: 137.0.7151.69, chrome: {chromedriverVersion: 137.0.7151.68 (2989ffee9373..., userDataDir: C:\Users\azka1\AppData\Loca...}, fedcm:accounts: true, goog:chromeOptions: {debuggerAddress: localhost:57701}, networkConnectionEnabled: false, pageLoadStrategy: normal, platformName: windows, proxy: Proxy(), se:cdp: ws://localhost:57701/devtoo..., se:cdpVersion: 137.0.7151.69, setWindowRect: true, strictFileInteractability: false, timeouts: {implicit: 0, pageLoad: 300000, script: 30000}, unhandledPromptBehavior: dismiss and notify, webauthn:extension:credBlob: true, webauthn:extension:largeBlob: true, webauthn:extension:minPinLength: true, webauthn:extension:prf: true, webauthn:virtualAuthenticators: true}
Session ID: a9a19f6dfd70e08c4ddd15e28aeea309
	at org.openqa.selenium.remote.codec.w3c.W3CHttpResponseCodec.decode(W3CHttpResponseCodec.java:131)
	at org.openqa.selenium.remote.codec.w3c.W3CHttpResponseCodec.decode(W3CHttpResponseCodec.java:52)
	at org.openqa.selenium.remote.HttpCommandExecutor.execute(HttpCommandExecutor.java:191)
	at org.openqa.selenium.remote.service.DriverCommandExecutor.invokeExecute(DriverCommandExecutor.java:200)
	at org.openqa.selenium.remote.service.DriverCommandExecutor.execute(DriverCommandExecutor.java:175)
	at org.openqa.selenium.remote.RemoteWebDriver.execute(RemoteWebDriver.java:523)
	at org.openqa.selenium.remote.ElementLocation$ElementFinder$2.findElement(ElementLocation.java:165)
	at org.openqa.selenium.remote.ElementLocation.findElement(ElementLocation.java:59)
	at org.openqa.selenium.remote.RemoteWebDriver.findElement(RemoteWebDriver.java:360)
	at org.openqa.selenium.remote.RemoteWebDriver.findElement(RemoteWebDriver.java:354)
	at org.openqa.selenium.support.pagefactory.DefaultElementLocator.findElement(DefaultElementLocator.java:68)
	at org.openqa.selenium.support.pagefactory.internal.LocatingElementHandler.invoke(LocatingElementHandler.java:38)
	at jdk.proxy3/jdk.proxy3.$Proxy32.isDisplayed(Unknown Source)
	at org.openqa.selenium.support.ui.ExpectedConditions.isInvisible(ExpectedConditions.java:1374)
	at org.openqa.selenium.support.ui.ExpectedConditions$48.apply(ExpectedConditions.java:1362)
	at org.openqa.selenium.support.ui.ExpectedConditions$48.apply(ExpectedConditions.java:1358)
	at org.openqa.selenium.support.ui.FluentWait.until(FluentWait.java:204)
	at com.kestrel.web.pages.LoginPage.clickLoginSubmit(LoginPage.java:103)
	at com.kestrel.web.pages.LoginPage.login(LoginPage.java:117)
	at com.kestrel.web.stepdefs.WebStepDefinitions.iAmAuthenticatedAs(WebStepDefinitions.java:248)
	at âœ½.I am authenticated as "testuser"(classpath:features/web/Web%20authentitcation.feature:9)
?[0m

    Embedding Failure Evidence [image/png 241216 bytes]


    Embedding Page Source [text/html 50465 bytes]

  ?[36mGiven ?[0m?[36mI am not authenticated?[0m                            ?[90m# com.kestrel.web.stepdefs.WebStepDefinitions.iAmNotAuthenticated()?[0m
  ?[36mWhen ?[0m?[36mI attempt to add product to cart?[0m                   ?[90m# com.kestrel.web.stepdefs.WebStepDefinitions.iAttemptToAddProductToCart()?[0m
  ?[36mThen ?[0m?[36mauthentication prompt should appear?[0m                ?[90m# com.kestrel.web.stepdefs.WebStepDefinitions.authenticationPromptShouldAppear()?[0m
  ?[36mAnd ?[0m?[36mproduct should not be added?[0m                         ?[90m# com.kestrel.web.stepdefs.WebStepDefinitions.productShouldNotBeAdded()?[0m
  ?[36mAnd ?[0m?[36mcart should remain empty?[0m                            ?[90m# com.kestrel.web.stepdefs.WebStepDefinitions.cartShouldRemainEmpty()?[0m

@web @negative
Scenario: Empty cart checkout attempt                     ?[90m# features/web/Web authentitcation.feature:60?[0m
  ?[32mGiven ?[0m?[32mKestrel agent is positioned at Demoblaze homepage?[0m ?[90m# com.kestrel.web.stepdefs.WebStepDefinitions.kestrelAgentIsPositionedAtDemoblazeHomepage()?[0m
  ?[31mAnd ?[0m?[31mI am authenticated as ?[0m?[31m?[1m"testuser"?[0m                    ?[90m# com.kestrel.web.stepdefs.WebStepDefinitions.iAmAuthenticatedAs(java.lang.String)?[0m
      ?[31morg.openqa.selenium.UnhandledAlertException: unexpected alert open: {Alert text : Wrong password.}
  (Session info: chrome=137.0.7151.69): Wrong password.
Build info: version: '4.16.1', revision: '9b4c83354e'
System info: os.name: 'Windows 11', os.arch: 'amd64', os.version: '10.0', java.version: '17.0.12'
Driver info: org.openqa.selenium.chrome.ChromeDriver
Command: [53845b590f7465cfb38c6da83b610fe5, findElement {using=id, value=logInModal}]
Capabilities {acceptInsecureCerts: false, browserName: chrome, browserVersion: 137.0.7151.69, chrome: {chromedriverVersion: 137.0.7151.68 (2989ffee9373..., userDataDir: C:\Users\azka1\AppData\Loca...}, fedcm:accounts: true, goog:chromeOptions: {debuggerAddress: localhost:57723}, networkConnectionEnabled: false, pageLoadStrategy: normal, platformName: windows, proxy: Proxy(), se:cdp: ws://localhost:57723/devtoo..., se:cdpVersion: 137.0.7151.69, setWindowRect: true, strictFileInteractability: false, timeouts: {implicit: 0, pageLoad: 300000, script: 30000}, unhandledPromptBehavior: dismiss and notify, webauthn:extension:credBlob: true, webauthn:extension:largeBlob: true, webauthn:extension:minPinLength: true, webauthn:extension:prf: true, webauthn:virtualAuthenticators: true}
Session ID: 53845b590f7465cfb38c6da83b610fe5
	at org.openqa.selenium.remote.codec.w3c.W3CHttpResponseCodec.decode(W3CHttpResponseCodec.java:131)
	at org.openqa.selenium.remote.codec.w3c.W3CHttpResponseCodec.decode(W3CHttpResponseCodec.java:52)
	at org.openqa.selenium.remote.HttpCommandExecutor.execute(HttpCommandExecutor.java:191)
	at org.openqa.selenium.remote.service.DriverCommandExecutor.invokeExecute(DriverCommandExecutor.java:200)
	at org.openqa.selenium.remote.service.DriverCommandExecutor.execute(DriverCommandExecutor.java:175)
	at org.openqa.selenium.remote.RemoteWebDriver.execute(RemoteWebDriver.java:523)
	at org.openqa.selenium.remote.ElementLocation$ElementFinder$2.findElement(ElementLocation.java:165)
	at org.openqa.selenium.remote.ElementLocation.findElement(ElementLocation.java:59)
	at org.openqa.selenium.remote.RemoteWebDriver.findElement(RemoteWebDriver.java:360)
	at org.openqa.selenium.remote.RemoteWebDriver.findElement(RemoteWebDriver.java:354)
	at org.openqa.selenium.support.pagefactory.DefaultElementLocator.findElement(DefaultElementLocator.java:68)
	at org.openqa.selenium.support.pagefactory.internal.LocatingElementHandler.invoke(LocatingElementHandler.java:38)
	at jdk.proxy3/jdk.proxy3.$Proxy32.isDisplayed(Unknown Source)
	at org.openqa.selenium.support.ui.ExpectedConditions.isInvisible(ExpectedConditions.java:1374)
	at org.openqa.selenium.support.ui.ExpectedConditions$48.apply(ExpectedConditions.java:1362)
	at org.openqa.selenium.support.ui.ExpectedConditions$48.apply(ExpectedConditions.java:1358)
	at org.openqa.selenium.support.ui.FluentWait.until(FluentWait.java:204)
	at com.kestrel.web.pages.LoginPage.clickLoginSubmit(LoginPage.java:103)
	at com.kestrel.web.pages.LoginPage.login(LoginPage.java:117)
	at com.kestrel.web.stepdefs.WebStepDefinitions.iAmAuthenticatedAs(WebStepDefinitions.java:248)
	at âœ½.I am authenticated as "testuser"(classpath:features/web/Web%20authentitcation.feature:9)
?[0m

    Embedding Failure Evidence [image/png 241216 bytes]


    Embedding Page Source [text/html 50465 bytes]

  ?[36mGiven ?[0m?[36mmy cart is empty?[0m                                  ?[90m# com.kestrel.web.stepdefs.WebStepDefinitions.myCartIsEmpty()?[0m
  ?[36mWhen ?[0m?[36mI attempt to proceed to checkout?[0m                   ?[90m# com.kestrel.web.stepdefs.WebStepDefinitions.iAttemptToProceedToCheckout()?[0m
  ?[36mThen ?[0m?[36mempty cart warning should appear?[0m                   ?[90m# com.kestrel.web.stepdefs.WebStepDefinitions.emptyCartWarningShouldAppear()?[0m
  ?[36mAnd ?[0m?[36mcheckout should be prevented?[0m                        ?[90m# com.kestrel.web.stepdefs.WebStepDefinitions.checkoutShouldBePrevented()?[0m
  ?[36mAnd ?[0m?[36mcart page should remain visible?[0m                     ?[90m# com.kestrel.web.stepdefs.WebStepDefinitions.cartPageShouldRemainVisible()?[0m
]]></system-out>
  <system-err><![CDATA[[Test worker] INFO com.kestrel.utils.Hooks - ? ================================
[Test worker] INFO com.kestrel.utils.Hooks -    KESTREL ENGINE HUNT BEGINS
[Test worker] INFO com.kestrel.utils.Hooks - ================================
[Test worker] INFO com.kestrel.utils.Hooks - ? Kestrel Engine global setup complete
[Test worker] INFO com.kestrel.utils.Hooks - ? Kestrel Web Hunt Starting: Complete shopping mission - Full checkout flow [Thread: Test worker]
[Test worker] INFO com.kestrel.utils.DriverManager - ? Kestrel initializing chrome driver (headless: false, env: dev)
[Test worker] INFO io.github.bonigarcia.wdm.WebDriverManager - Using chromedriver 137.0.7151.68 (resolved driver for Chrome 137)
[Test worker] INFO io.github.bonigarcia.wdm.WebDriverManager - Exporting webdriver.chrome.driver as C:\Users\azka1\.cache\selenium\chromedriver\win64\137.0.7151.68\chromedriver.exe
[Test worker] INFO com.kestrel.utils.DriverManager - ? Chrome binary path set to: C:\Program Files\Google\Chrome\Application\chrome.exe
Jun 08, 2025 4:00:58 AM org.openqa.selenium.devtools.CdpVersionFinder findNearestMatch
WARNING: Unable to find CDP implementation matching 137
Jun 08, 2025 4:00:58 AM org.openqa.selenium.chromium.ChromiumDriver lambda$new$5
WARNING: Unable to find version of CDP to use for 137.0.7151.69. You may need to include a dependency on a specific version of the CDP using something similar to `org.seleniumhq.selenium:selenium-devtools-v86:4.16.1` where the version ("v86") matches the version of the chromium-based browser you're using and the version number of the artifact is the same as Selenium's.
[Test worker] INFO com.kestrel.utils.DriverManager - ? Kestrel driver ready for hunt on thread: Test worker
[Test worker] INFO com.kestrel.utils.DriverManager - ? Kestrel navigating to: https://www.demoblaze.com (attempt: 1)
[Test worker] INFO com.kestrel.utils.Hooks - ? Web hunt initiated at: https://www.demoblaze.com
[Test worker] INFO com.kestrel.utils.Hooks - ? Kestrel E2E Hunt Starting: Complete shopping mission - Full checkout flow [Thread: Test worker]
[Test worker] INFO com.kestrel.utils.Hooks - ? Kestrel Web Hunt Starting: Complete shopping mission - Full checkout flow [Thread: Test worker]
[Test worker] WARN com.kestrel.utils.DriverManager - ? Driver already initialized for thread: Test worker
[Test worker] INFO com.kestrel.utils.DriverManager - ? Kestrel navigating to: https://www.demoblaze.com (attempt: 1)
[Test worker] INFO com.kestrel.utils.Hooks - ? Web hunt initiated at: https://www.demoblaze.com
[Test worker] INFO com.kestrel.utils.Hooks - ? End-to-End hunt preparation complete
[Test worker] INFO com.kestrel.web.stepdefs.WebStepDefinitions - ? Kestrel Web Hunt: Positioning at Demoblaze homepage
[Test worker] INFO com.kestrel.web.pages.HomePage - ? Navigated to Demoblaze homepage
[Test worker] INFO com.kestrel.web.stepdefs.WebStepDefinitions - ? Kestrel positioned and ready for web hunt
[Test worker] INFO com.kestrel.utils.ScreenshotCapture - ? Kestrel captured evidence at: 2025-06-08_04-01-05
[Test worker] INFO com.kestrel.web.stepdefs.WebStepDefinitions - ? Kestrel Web Hunt: Positioning at Demoblaze homepage
[Test worker] INFO com.kestrel.web.pages.HomePage - ? Navigated to Demoblaze homepage
[Test worker] INFO com.kestrel.web.stepdefs.WebStepDefinitions - ? Kestrel positioned and ready for web hunt
[Test worker] INFO com.kestrel.utils.ScreenshotCapture - ? Kestrel captured evidence at: 2025-06-08_04-01-06
[Test worker] INFO com.kestrel.web.stepdefs.WebStepDefinitions - ? Opening sign up interface
[Test worker] INFO com.kestrel.web.pages.HomePage - ? Sign up button clicked
[Test worker] INFO com.kestrel.utils.ScreenshotCapture - ? Kestrel captured evidence at: 2025-06-08_04-01-07
[Test worker] INFO com.kestrel.web.stepdefs.WebStepDefinitions - ? Registering with credentials: kestrel_shopper
[Test worker] WARN com.kestrel.utils.Hooks - ? Target missed! Capturing failure evidence...
[Test worker] INFO com.kestrel.utils.ScreenshotCapture - ? Kestrel captured evidence at: 2025-06-08_04-01-09
[Test worker] INFO com.kestrel.utils.ScreenshotCapture - ? Kestrel captured evidence at: 2025-06-08_04-01-09
[Test worker] INFO com.kestrel.utils.ScreenshotCapture - ? Kestrel captured evidence at: 2025-06-08_04-01-10
[Test worker] INFO com.kestrel.utils.ScreenshotCapture - ? Screenshot saved: C:\Users\azka1\Projects\kestrel-engine\build\screenshots\FAILURE_Complete_shopping_mission_-_Full_checkout_flow_2025-06-08_04-01-10.png
[Test worker] ERROR com.kestrel.utils.Hooks - ? E2E hunt failed: Complete shopping mission - Full checkout flow [Thread: Test worker]
[Test worker] INFO com.kestrel.utils.ScreenshotCapture - ? Kestrel captured evidence at: 2025-06-08_04-01-10
[Test worker] INFO com.kestrel.utils.Hooks - ? End-to-End hunt complete for: Complete shopping mission - Full checkout flow
[Test worker] ERROR com.kestrel.utils.Hooks - ? Web hunt failed: Complete shopping mission - Full checkout flow [Thread: Test worker]
[Test worker] INFO com.kestrel.utils.ScreenshotCapture - ? Kestrel captured evidence at: 2025-06-08_04-01-11
[Test worker] INFO com.kestrel.utils.ScreenshotCapture - ? Kestrel captured evidence at: 2025-06-08_04-01-11
[Test worker] INFO com.kestrel.utils.ScreenshotCapture - ? Screenshot saved: C:\Users\azka1\Projects\kestrel-engine\build\screenshots\FAILURE_FINAL_Complete_shopping_mission_-_Full_checkout_flow_2025-06-08_04-01-11.png
[Test worker] INFO com.kestrel.utils.DriverManager - ? Kestrel driver mission complete on thread: Test worker, shutting down
Jun 08, 2025 4:01:12 AM org.openqa.selenium.remote.http.WebSocket$Listener onError
WARNING: Connection reset
java.net.SocketException: Connection reset
	at java.base/sun.nio.ch.SocketChannelImpl.throwConnectionReset(SocketChannelImpl.java:394)
	at java.base/sun.nio.ch.SocketChannelImpl.read(SocketChannelImpl.java:426)
	at java.net.http/jdk.internal.net.http.SocketTube.readAvailable(SocketTube.java:1170)
	at java.net.http/jdk.internal.net.http.SocketTube$InternalReadPublisher$InternalReadSubscription.read(SocketTube.java:833)
	at java.net.http/jdk.internal.net.http.SocketTube$SocketFlowTask.run(SocketTube.java:181)
	at java.net.http/jdk.internal.net.http.common.SequentialScheduler$SchedulableTask.run(SequentialScheduler.java:230)
	at java.net.http/jdk.internal.net.http.common.SequentialScheduler.runOrSchedule(SequentialScheduler.java:303)
	at java.net.http/jdk.internal.net.http.common.SequentialScheduler.runOrSchedule(SequentialScheduler.java:256)
	at java.net.http/jdk.internal.net.http.SocketTube$InternalReadPublisher$InternalReadSubscription.signalReadable(SocketTube.java:774)
	at java.net.http/jdk.internal.net.http.SocketTube$InternalReadPublisher$ReadEvent.signalEvent(SocketTube.java:957)
	at java.net.http/jdk.internal.net.http.SocketTube$SocketFlowEvent.handle(SocketTube.java:253)
	at java.net.http/jdk.internal.net.http.HttpClientImpl$SelectorManager.handleEvent(HttpClientImpl.java:982)
	at java.net.http/jdk.internal.net.http.HttpClientImpl$SelectorManager.lambda$run$3(HttpClientImpl.java:937)
	at java.base/java.util.ArrayList.forEach(ArrayList.java:1511)
	at java.net.http/jdk.internal.net.http.HttpClientImpl$SelectorManager.run(HttpClientImpl.java:937)

[Test worker] INFO com.kestrel.utils.Hooks - ? Kestrel Web Hunt Starting: Guest checkout with product selection [Thread: Test worker]
[Test worker] INFO com.kestrel.utils.DriverManager - ? Kestrel initializing chrome driver (headless: false, env: dev)
[Test worker] INFO io.github.bonigarcia.wdm.WebDriverManager - Using chromedriver 137.0.7151.68 (resolved driver for Chrome 137)
[Test worker] INFO io.github.bonigarcia.wdm.WebDriverManager - Exporting webdriver.chrome.driver as C:\Users\azka1\.cache\selenium\chromedriver\win64\137.0.7151.68\chromedriver.exe
[Test worker] INFO com.kestrel.utils.DriverManager - ? Chrome binary path set to: C:\Program Files\Google\Chrome\Application\chrome.exe
Jun 08, 2025 4:01:15 AM org.openqa.selenium.devtools.CdpVersionFinder findNearestMatch
WARNING: Unable to find CDP implementation matching 137
Jun 08, 2025 4:01:15 AM org.openqa.selenium.chromium.ChromiumDriver lambda$new$5
WARNING: Unable to find version of CDP to use for 137.0.7151.69. You may need to include a dependency on a specific version of the CDP using something similar to `org.seleniumhq.selenium:selenium-devtools-v86:4.16.1` where the version ("v86") matches the version of the chromium-based browser you're using and the version number of the artifact is the same as Selenium's.
[Test worker] INFO com.kestrel.utils.DriverManager - ? Kestrel driver ready for hunt on thread: Test worker
[Test worker] INFO com.kestrel.utils.DriverManager - ? Kestrel navigating to: https://www.demoblaze.com (attempt: 1)
[Test worker] INFO com.kestrel.utils.Hooks - ? Web hunt initiated at: https://www.demoblaze.com
[Test worker] INFO com.kestrel.utils.Hooks - ? Kestrel E2E Hunt Starting: Guest checkout with product selection [Thread: Test worker]
[Test worker] INFO com.kestrel.utils.Hooks - ? Kestrel Web Hunt Starting: Guest checkout with product selection [Thread: Test worker]
[Test worker] WARN com.kestrel.utils.DriverManager - ? Driver already initialized for thread: Test worker
[Test worker] INFO com.kestrel.utils.DriverManager - ? Kestrel navigating to: https://www.demoblaze.com (attempt: 1)
[Test worker] INFO com.kestrel.utils.Hooks - ? Web hunt initiated at: https://www.demoblaze.com
[Test worker] INFO com.kestrel.utils.Hooks - ? End-to-End hunt preparation complete
[Test worker] INFO com.kestrel.web.stepdefs.WebStepDefinitions - ? Kestrel Web Hunt: Positioning at Demoblaze homepage
[Test worker] INFO com.kestrel.web.pages.HomePage - ? Navigated to Demoblaze homepage
[Test worker] WARN com.kestrel.utils.Hooks - ? Target missed! Capturing failure evidence...
[Test worker] INFO com.kestrel.utils.ScreenshotCapture - ? Kestrel captured evidence at: 2025-06-08_04-01-29
[Test worker] INFO com.kestrel.utils.ScreenshotCapture - ? Kestrel captured evidence at: 2025-06-08_04-01-30
[Test worker] INFO com.kestrel.utils.ScreenshotCapture - ? Kestrel captured evidence at: 2025-06-08_04-01-30
[Test worker] INFO com.kestrel.utils.ScreenshotCapture - ? Screenshot saved: C:\Users\azka1\Projects\kestrel-engine\build\screenshots\FAILURE_Guest_checkout_with_product_selection_2025-06-08_04-01-30.png
[Test worker] ERROR com.kestrel.utils.Hooks - ? E2E hunt failed: Guest checkout with product selection [Thread: Test worker]
[Test worker] INFO com.kestrel.utils.ScreenshotCapture - ? Kestrel captured evidence at: 2025-06-08_04-01-31
[Test worker] INFO com.kestrel.utils.Hooks - ? End-to-End hunt complete for: Guest checkout with product selection
[Test worker] ERROR com.kestrel.utils.Hooks - ? Web hunt failed: Guest checkout with product selection [Thread: Test worker]
[Test worker] INFO com.kestrel.utils.ScreenshotCapture - ? Kestrel captured evidence at: 2025-06-08_04-01-31
[Test worker] INFO com.kestrel.utils.ScreenshotCapture - ? Kestrel captured evidence at: 2025-06-08_04-01-31
[Test worker] INFO com.kestrel.utils.ScreenshotCapture - ? Screenshot saved: C:\Users\azka1\Projects\kestrel-engine\build\screenshots\FAILURE_FINAL_Guest_checkout_with_product_selection_2025-06-08_04-01-31.png
[Test worker] INFO com.kestrel.utils.DriverManager - ? Kestrel driver mission complete on thread: Test worker, shutting down
Jun 08, 2025 4:01:32 AM org.openqa.selenium.remote.http.WebSocket$Listener onError
WARNING: Connection reset
java.net.SocketException: Connection reset
	at java.base/sun.nio.ch.SocketChannelImpl.throwConnectionReset(SocketChannelImpl.java:394)
	at java.base/sun.nio.ch.SocketChannelImpl.read(SocketChannelImpl.java:426)
	at java.net.http/jdk.internal.net.http.SocketTube.readAvailable(SocketTube.java:1170)
	at java.net.http/jdk.internal.net.http.SocketTube$InternalReadPublisher$InternalReadSubscription.read(SocketTube.java:833)
	at java.net.http/jdk.internal.net.http.SocketTube$SocketFlowTask.run(SocketTube.java:181)
	at java.net.http/jdk.internal.net.http.common.SequentialScheduler$SchedulableTask.run(SequentialScheduler.java:230)
	at java.net.http/jdk.internal.net.http.common.SequentialScheduler.runOrSchedule(SequentialScheduler.java:303)
	at java.net.http/jdk.internal.net.http.common.SequentialScheduler.runOrSchedule(SequentialScheduler.java:256)
	at java.net.http/jdk.internal.net.http.SocketTube$InternalReadPublisher$InternalReadSubscription.signalReadable(SocketTube.java:774)
	at java.net.http/jdk.internal.net.http.SocketTube$InternalReadPublisher$ReadEvent.signalEvent(SocketTube.java:957)
	at java.net.http/jdk.internal.net.http.SocketTube$SocketFlowEvent.handle(SocketTube.java:253)
	at java.net.http/jdk.internal.net.http.HttpClientImpl$SelectorManager.handleEvent(HttpClientImpl.java:982)
	at java.net.http/jdk.internal.net.http.HttpClientImpl$SelectorManager.lambda$run$3(HttpClientImpl.java:937)
	at java.base/java.util.ArrayList.forEach(ArrayList.java:1511)
	at java.net.http/jdk.internal.net.http.HttpClientImpl$SelectorManager.run(HttpClientImpl.java:937)

[Test worker] INFO com.kestrel.utils.Hooks - ? Kestrel Web Hunt Starting: Incomplete checkout form validation [Thread: Test worker]
[Test worker] INFO com.kestrel.utils.DriverManager - ? Kestrel initializing chrome driver (headless: false, env: dev)
[Test worker] INFO io.github.bonigarcia.wdm.WebDriverManager - Using chromedriver 137.0.7151.68 (resolved driver for Chrome 137)
[Test worker] INFO io.github.bonigarcia.wdm.WebDriverManager - Exporting webdriver.chrome.driver as C:\Users\azka1\.cache\selenium\chromedriver\win64\137.0.7151.68\chromedriver.exe
[Test worker] INFO com.kestrel.utils.DriverManager - ? Chrome binary path set to: C:\Program Files\Google\Chrome\Application\chrome.exe
Jun 08, 2025 4:01:33 AM org.openqa.selenium.devtools.CdpVersionFinder findNearestMatch
WARNING: Unable to find CDP implementation matching 137
Jun 08, 2025 4:01:33 AM org.openqa.selenium.chromium.ChromiumDriver lambda$new$5
WARNING: Unable to find version of CDP to use for 137.0.7151.69. You may need to include a dependency on a specific version of the CDP using something similar to `org.seleniumhq.selenium:selenium-devtools-v86:4.16.1` where the version ("v86") matches the version of the chromium-based browser you're using and the version number of the artifact is the same as Selenium's.
[Test worker] INFO com.kestrel.utils.DriverManager - ? Kestrel driver ready for hunt on thread: Test worker
[Test worker] INFO com.kestrel.utils.DriverManager - ? Kestrel navigating to: https://www.demoblaze.com (attempt: 1)
[Test worker] INFO com.kestrel.utils.Hooks - ? Web hunt initiated at: https://www.demoblaze.com
[Test worker] INFO com.kestrel.utils.Hooks - ? Kestrel E2E Hunt Starting: Incomplete checkout form validation [Thread: Test worker]
[Test worker] INFO com.kestrel.utils.Hooks - ? Kestrel Web Hunt Starting: Incomplete checkout form validation [Thread: Test worker]
[Test worker] WARN com.kestrel.utils.DriverManager - ? Driver already initialized for thread: Test worker
[Test worker] INFO com.kestrel.utils.DriverManager - ? Kestrel navigating to: https://www.demoblaze.com (attempt: 1)
[Test worker] INFO com.kestrel.utils.Hooks - ? Web hunt initiated at: https://www.demoblaze.com
[Test worker] INFO com.kestrel.utils.Hooks - ? End-to-End hunt preparation complete
[Test worker] INFO com.kestrel.web.stepdefs.WebStepDefinitions - ? Kestrel Web Hunt: Positioning at Demoblaze homepage
[Test worker] INFO com.kestrel.web.pages.HomePage - ? Navigated to Demoblaze homepage
[Test worker] INFO com.kestrel.web.stepdefs.WebStepDefinitions - ? Kestrel positioned and ready for web hunt
[Test worker] INFO com.kestrel.utils.ScreenshotCapture - ? Kestrel captured evidence at: 2025-06-08_04-01-38
[Test worker] INFO com.kestrel.web.pages.HomePage - ? Selected product: Samsung galaxy s6
[Test worker] INFO com.kestrel.web.stepdefs.WebStepDefinitions - ? Products ready for checkout
[Test worker] INFO com.kestrel.utils.ScreenshotCapture - ? Kestrel captured evidence at: 2025-06-08_04-01-41
[Test worker] INFO com.kestrel.web.pages.HomePage - ? Cart link clicked
[Test worker] INFO com.kestrel.web.stepdefs.WebStepDefinitions - ? Proceeding to checkout
[Test worker] INFO com.kestrel.utils.ScreenshotCapture - ? Kestrel captured evidence at: 2025-06-08_04-01-43
[Test worker] INFO com.kestrel.utils.ScreenshotCapture - ? Kestrel captured evidence at: 2025-06-08_04-01-43
[Test worker] INFO com.kestrel.utils.Hooks - ? E2E hunt successful: Incomplete checkout form validation [Thread: Test worker]
[Test worker] INFO com.kestrel.utils.Hooks - ? End-to-End hunt complete for: Incomplete checkout form validation
[Test worker] INFO com.kestrel.utils.Hooks - ? Web hunt successful: Incomplete checkout form validation [Thread: Test worker]
[Test worker] INFO com.kestrel.utils.ScreenshotCapture - ? Kestrel captured evidence at: 2025-06-08_04-01-43
[Test worker] INFO com.kestrel.utils.DriverManager - ? Kestrel driver mission complete on thread: Test worker, shutting down
Jun 08, 2025 4:01:43 AM org.openqa.selenium.remote.http.WebSocket$Listener onError
WARNING: Connection reset
java.net.SocketException: Connection reset
	at java.base/sun.nio.ch.SocketChannelImpl.throwConnectionReset(SocketChannelImpl.java:394)
	at java.base/sun.nio.ch.SocketChannelImpl.read(SocketChannelImpl.java:426)
	at java.net.http/jdk.internal.net.http.SocketTube.readAvailable(SocketTube.java:1170)
	at java.net.http/jdk.internal.net.http.SocketTube$InternalReadPublisher$InternalReadSubscription.read(SocketTube.java:833)
	at java.net.http/jdk.internal.net.http.SocketTube$SocketFlowTask.run(SocketTube.java:181)
	at java.net.http/jdk.internal.net.http.common.SequentialScheduler$SchedulableTask.run(SequentialScheduler.java:230)
	at java.net.http/jdk.internal.net.http.common.SequentialScheduler.runOrSchedule(SequentialScheduler.java:303)
	at java.net.http/jdk.internal.net.http.common.SequentialScheduler.runOrSchedule(SequentialScheduler.java:256)
	at java.net.http/jdk.internal.net.http.SocketTube$InternalReadPublisher$InternalReadSubscription.signalReadable(SocketTube.java:774)
	at java.net.http/jdk.internal.net.http.SocketTube$InternalReadPublisher$ReadEvent.signalEvent(SocketTube.java:957)
	at java.net.http/jdk.internal.net.http.SocketTube$SocketFlowEvent.handle(SocketTube.java:253)
	at java.net.http/jdk.internal.net.http.HttpClientImpl$SelectorManager.handleEvent(HttpClientImpl.java:982)
	at java.net.http/jdk.internal.net.http.HttpClientImpl$SelectorManager.lambda$run$3(HttpClientImpl.java:937)
	at java.base/java.util.ArrayList.forEach(ArrayList.java:1511)
	at java.net.http/jdk.internal.net.http.HttpClientImpl$SelectorManager.run(HttpClientImpl.java:937)

[Test worker] INFO com.kestrel.utils.Hooks - ? Kestrel Web Hunt Starting: Checkout with invalid payment details [Thread: Test worker]
[Test worker] INFO com.kestrel.utils.DriverManager - ? Kestrel initializing chrome driver (headless: false, env: dev)
[Test worker] INFO io.github.bonigarcia.wdm.WebDriverManager - Using chromedriver 137.0.7151.68 (resolved driver for Chrome 137)
[Test worker] INFO io.github.bonigarcia.wdm.WebDriverManager - Exporting webdriver.chrome.driver as C:\Users\azka1\.cache\selenium\chromedriver\win64\137.0.7151.68\chromedriver.exe
[Test worker] INFO com.kestrel.utils.DriverManager - ? Chrome binary path set to: C:\Program Files\Google\Chrome\Application\chrome.exe
Jun 08, 2025 4:01:45 AM org.openqa.selenium.devtools.CdpVersionFinder findNearestMatch
WARNING: Unable to find CDP implementation matching 137
Jun 08, 2025 4:01:45 AM org.openqa.selenium.chromium.ChromiumDriver lambda$new$5
WARNING: Unable to find version of CDP to use for 137.0.7151.69. You may need to include a dependency on a specific version of the CDP using something similar to `org.seleniumhq.selenium:selenium-devtools-v86:4.16.1` where the version ("v86") matches the version of the chromium-based browser you're using and the version number of the artifact is the same as Selenium's.
[Test worker] INFO com.kestrel.utils.DriverManager - ? Kestrel driver ready for hunt on thread: Test worker
[Test worker] INFO com.kestrel.utils.DriverManager - ? Kestrel navigating to: https://www.demoblaze.com (attempt: 1)
[Test worker] INFO com.kestrel.utils.Hooks - ? Web hunt initiated at: https://www.demoblaze.com
[Test worker] INFO com.kestrel.utils.Hooks - ? Kestrel E2E Hunt Starting: Checkout with invalid payment details [Thread: Test worker]
[Test worker] INFO com.kestrel.utils.Hooks - ? Kestrel Web Hunt Starting: Checkout with invalid payment details [Thread: Test worker]
[Test worker] WARN com.kestrel.utils.DriverManager - ? Driver already initialized for thread: Test worker
[Test worker] INFO com.kestrel.utils.DriverManager - ? Kestrel navigating to: https://www.demoblaze.com (attempt: 1)
[Test worker] INFO com.kestrel.utils.Hooks - ? Web hunt initiated at: https://www.demoblaze.com
[Test worker] INFO com.kestrel.utils.Hooks - ? End-to-End hunt preparation complete
[Test worker] INFO com.kestrel.web.stepdefs.WebStepDefinitions - ? Kestrel Web Hunt: Positioning at Demoblaze homepage
[Test worker] INFO com.kestrel.web.pages.HomePage - ? Navigated to Demoblaze homepage
[Test worker] WARN com.kestrel.utils.Hooks - ? Target missed! Capturing failure evidence...
[Test worker] INFO com.kestrel.utils.ScreenshotCapture - ? Kestrel captured evidence at: 2025-06-08_04-01-59
[Test worker] INFO com.kestrel.utils.ScreenshotCapture - ? Kestrel captured evidence at: 2025-06-08_04-02-00
[Test worker] INFO com.kestrel.utils.ScreenshotCapture - ? Kestrel captured evidence at: 2025-06-08_04-02-00
[Test worker] INFO com.kestrel.utils.ScreenshotCapture - ? Screenshot saved: C:\Users\azka1\Projects\kestrel-engine\build\screenshots\FAILURE_Checkout_with_invalid_payment_details_2025-06-08_04-02-00.png
[Test worker] ERROR com.kestrel.utils.Hooks - ? E2E hunt failed: Checkout with invalid payment details [Thread: Test worker]
[Test worker] INFO com.kestrel.utils.ScreenshotCapture - ? Kestrel captured evidence at: 2025-06-08_04-02-01
[Test worker] INFO com.kestrel.utils.Hooks - ? End-to-End hunt complete for: Checkout with invalid payment details
[Test worker] ERROR com.kestrel.utils.Hooks - ? Web hunt failed: Checkout with invalid payment details [Thread: Test worker]
[Test worker] INFO com.kestrel.utils.ScreenshotCapture - ? Kestrel captured evidence at: 2025-06-08_04-02-01
[Test worker] INFO com.kestrel.utils.ScreenshotCapture - ? Kestrel captured evidence at: 2025-06-08_04-02-01
[Test worker] INFO com.kestrel.utils.ScreenshotCapture - ? Screenshot saved: C:\Users\azka1\Projects\kestrel-engine\build\screenshots\FAILURE_FINAL_Checkout_with_invalid_payment_details_2025-06-08_04-02-01.png
[Test worker] INFO com.kestrel.utils.DriverManager - ? Kestrel driver mission complete on thread: Test worker, shutting down
[Test worker] INFO com.kestrel.utils.Hooks - ? Kestrel Web Hunt Starting: Product reconnaissance and acquisition [Thread: Test worker]
[Test worker] INFO com.kestrel.utils.DriverManager - ? Kestrel initializing chrome driver (headless: false, env: dev)
[Test worker] INFO io.github.bonigarcia.wdm.WebDriverManager - Using chromedriver 137.0.7151.68 (resolved driver for Chrome 137)
[Test worker] INFO io.github.bonigarcia.wdm.WebDriverManager - Exporting webdriver.chrome.driver as C:\Users\azka1\.cache\selenium\chromedriver\win64\137.0.7151.68\chromedriver.exe
[Test worker] INFO com.kestrel.utils.DriverManager - ? Chrome binary path set to: C:\Program Files\Google\Chrome\Application\chrome.exe
Jun 08, 2025 4:02:03 AM org.openqa.selenium.devtools.CdpVersionFinder findNearestMatch
WARNING: Unable to find CDP implementation matching 137
Jun 08, 2025 4:02:03 AM org.openqa.selenium.chromium.ChromiumDriver lambda$new$5
WARNING: Unable to find version of CDP to use for 137.0.7151.69. You may need to include a dependency on a specific version of the CDP using something similar to `org.seleniumhq.selenium:selenium-devtools-v86:4.16.1` where the version ("v86") matches the version of the chromium-based browser you're using and the version number of the artifact is the same as Selenium's.
[Test worker] INFO com.kestrel.utils.DriverManager - ? Kestrel driver ready for hunt on thread: Test worker
[Test worker] INFO com.kestrel.utils.DriverManager - ? Kestrel navigating to: https://www.demoblaze.com (attempt: 1)
[Test worker] INFO com.kestrel.utils.Hooks - ? Web hunt initiated at: https://www.demoblaze.com
[Test worker] INFO com.kestrel.web.stepdefs.WebStepDefinitions - ? Kestrel Web Hunt: Positioning at Demoblaze homepage
[Test worker] INFO com.kestrel.web.pages.HomePage - ? Navigated to Demoblaze homepage
[Test worker] WARN com.kestrel.utils.Hooks - ? Target missed! Capturing failure evidence...
[Test worker] INFO com.kestrel.utils.ScreenshotCapture - ? Kestrel captured evidence at: 2025-06-08_04-02-16
[Test worker] INFO com.kestrel.utils.ScreenshotCapture - ? Kestrel captured evidence at: 2025-06-08_04-02-16
[Test worker] INFO com.kestrel.utils.ScreenshotCapture - ? Kestrel captured evidence at: 2025-06-08_04-02-17
[Test worker] INFO com.kestrel.utils.ScreenshotCapture - ? Screenshot saved: C:\Users\azka1\Projects\kestrel-engine\build\screenshots\FAILURE_Product_reconnaissance_and_acquisition_2025-06-08_04-02-17.png
[Test worker] ERROR com.kestrel.utils.Hooks - ? Web hunt failed: Product reconnaissance and acquisition [Thread: Test worker]
[Test worker] INFO com.kestrel.utils.ScreenshotCapture - ? Kestrel captured evidence at: 2025-06-08_04-02-17
[Test worker] INFO com.kestrel.utils.ScreenshotCapture - ? Kestrel captured evidence at: 2025-06-08_04-02-18
[Test worker] INFO com.kestrel.utils.ScreenshotCapture - ? Screenshot saved: C:\Users\azka1\Projects\kestrel-engine\build\screenshots\FAILURE_FINAL_Product_reconnaissance_and_acquisition_2025-06-08_04-02-18.png
[Test worker] INFO com.kestrel.utils.DriverManager - ? Kestrel driver mission complete on thread: Test worker, shutting down
Jun 08, 2025 4:02:18 AM org.openqa.selenium.remote.http.WebSocket$Listener onError
WARNING: Connection reset
java.net.SocketException: Connection reset
	at java.base/sun.nio.ch.SocketChannelImpl.throwConnectionReset(SocketChannelImpl.java:394)
	at java.base/sun.nio.ch.SocketChannelImpl.read(SocketChannelImpl.java:426)
	at java.net.http/jdk.internal.net.http.SocketTube.readAvailable(SocketTube.java:1170)
	at java.net.http/jdk.internal.net.http.SocketTube$InternalReadPublisher$InternalReadSubscription.read(SocketTube.java:833)
	at java.net.http/jdk.internal.net.http.SocketTube$SocketFlowTask.run(SocketTube.java:181)
	at java.net.http/jdk.internal.net.http.common.SequentialScheduler$SchedulableTask.run(SequentialScheduler.java:230)
	at java.net.http/jdk.internal.net.http.common.SequentialScheduler.runOrSchedule(SequentialScheduler.java:303)
	at java.net.http/jdk.internal.net.http.common.SequentialScheduler.runOrSchedule(SequentialScheduler.java:256)
	at java.net.http/jdk.internal.net.http.SocketTube$InternalReadPublisher$InternalReadSubscription.signalReadable(SocketTube.java:774)
	at java.net.http/jdk.internal.net.http.SocketTube$InternalReadPublisher$ReadEvent.signalEvent(SocketTube.java:957)
	at java.net.http/jdk.internal.net.http.SocketTube$SocketFlowEvent.handle(SocketTube.java:253)
	at java.net.http/jdk.internal.net.http.HttpClientImpl$SelectorManager.handleEvent(HttpClientImpl.java:982)
	at java.net.http/jdk.internal.net.http.HttpClientImpl$SelectorManager.lambda$run$3(HttpClientImpl.java:937)
	at java.base/java.util.ArrayList.forEach(ArrayList.java:1511)
	at java.net.http/jdk.internal.net.http.HttpClientImpl$SelectorManager.run(HttpClientImpl.java:937)

[Test worker] INFO com.kestrel.utils.Hooks - ? Kestrel Web Hunt Starting: Multi-product cart assembly [Thread: Test worker]
[Test worker] INFO com.kestrel.utils.DriverManager - ? Kestrel initializing chrome driver (headless: false, env: dev)
[Test worker] INFO io.github.bonigarcia.wdm.WebDriverManager - Using chromedriver 137.0.7151.68 (resolved driver for Chrome 137)
[Test worker] INFO io.github.bonigarcia.wdm.WebDriverManager - Exporting webdriver.chrome.driver as C:\Users\azka1\.cache\selenium\chromedriver\win64\137.0.7151.68\chromedriver.exe
[Test worker] INFO com.kestrel.utils.DriverManager - ? Chrome binary path set to: C:\Program Files\Google\Chrome\Application\chrome.exe
Jun 08, 2025 4:02:19 AM org.openqa.selenium.devtools.CdpVersionFinder findNearestMatch
WARNING: Unable to find CDP implementation matching 137
Jun 08, 2025 4:02:19 AM org.openqa.selenium.chromium.ChromiumDriver lambda$new$5
WARNING: Unable to find version of CDP to use for 137.0.7151.69. You may need to include a dependency on a specific version of the CDP using something similar to `org.seleniumhq.selenium:selenium-devtools-v86:4.16.1` where the version ("v86") matches the version of the chromium-based browser you're using and the version number of the artifact is the same as Selenium's.
[Test worker] INFO com.kestrel.utils.DriverManager - ? Kestrel driver ready for hunt on thread: Test worker
[Test worker] INFO com.kestrel.utils.DriverManager - ? Kestrel navigating to: https://www.demoblaze.com (attempt: 1)
[Test worker] INFO com.kestrel.utils.Hooks - ? Web hunt initiated at: https://www.demoblaze.com
[Test worker] INFO com.kestrel.web.stepdefs.WebStepDefinitions - ? Kestrel Web Hunt: Positioning at Demoblaze homepage
[Test worker] INFO com.kestrel.web.pages.HomePage - ? Navigated to Demoblaze homepage
[Test worker] INFO com.kestrel.web.stepdefs.WebStepDefinitions - ? Kestrel positioned and ready for web hunt
[Test worker] INFO com.kestrel.utils.ScreenshotCapture - ? Kestrel captured evidence at: 2025-06-08_04-02-23
[Test worker] INFO com.kestrel.web.pages.HomePage - ? Login button clicked
[Test worker] INFO com.kestrel.web.pages.LoginPage - ? Username entered: testuser
[Test worker] INFO com.kestrel.web.pages.LoginPage - ? Password entered: [HIDDEN]
[Test worker] INFO com.kestrel.web.pages.LoginPage - ? Login submit clicked
[Test worker] WARN com.kestrel.utils.Hooks - ? Target missed! Capturing failure evidence...
[Test worker] INFO com.kestrel.utils.ScreenshotCapture - ? Kestrel captured evidence at: 2025-06-08_04-02-25
[Test worker] INFO com.kestrel.utils.ScreenshotCapture - ? Kestrel captured evidence at: 2025-06-08_04-02-25
[Test worker] INFO com.kestrel.utils.ScreenshotCapture - ? Kestrel captured evidence at: 2025-06-08_04-02-25
[Test worker] INFO com.kestrel.utils.ScreenshotCapture - ? Screenshot saved: C:\Users\azka1\Projects\kestrel-engine\build\screenshots\FAILURE_Multi-product_cart_assembly_2025-06-08_04-02-25.png
[Test worker] ERROR com.kestrel.utils.Hooks - ? Web hunt failed: Multi-product cart assembly [Thread: Test worker]
[Test worker] INFO com.kestrel.utils.ScreenshotCapture - ? Kestrel captured evidence at: 2025-06-08_04-02-26
[Test worker] INFO com.kestrel.utils.ScreenshotCapture - ? Kestrel captured evidence at: 2025-06-08_04-02-26
[Test worker] INFO com.kestrel.utils.ScreenshotCapture - ? Screenshot saved: C:\Users\azka1\Projects\kestrel-engine\build\screenshots\FAILURE_FINAL_Multi-product_cart_assembly_2025-06-08_04-02-26.png
[Test worker] INFO com.kestrel.utils.DriverManager - ? Kestrel driver mission complete on thread: Test worker, shutting down
[Test worker] INFO com.kestrel.utils.Hooks - ? Kestrel Web Hunt Starting: Cart modification operations [Thread: Test worker]
[Test worker] INFO com.kestrel.utils.DriverManager - ? Kestrel initializing chrome driver (headless: false, env: dev)
[Test worker] INFO io.github.bonigarcia.wdm.WebDriverManager - Using chromedriver 137.0.7151.68 (resolved driver for Chrome 137)
[Test worker] INFO io.github.bonigarcia.wdm.WebDriverManager - Exporting webdriver.chrome.driver as C:\Users\azka1\.cache\selenium\chromedriver\win64\137.0.7151.68\chromedriver.exe
[Test worker] INFO com.kestrel.utils.DriverManager - ? Chrome binary path set to: C:\Program Files\Google\Chrome\Application\chrome.exe
Jun 08, 2025 4:02:27 AM org.openqa.selenium.devtools.CdpVersionFinder findNearestMatch
WARNING: Unable to find CDP implementation matching 137
Jun 08, 2025 4:02:27 AM org.openqa.selenium.chromium.ChromiumDriver lambda$new$5
WARNING: Unable to find version of CDP to use for 137.0.7151.69. You may need to include a dependency on a specific version of the CDP using something similar to `org.seleniumhq.selenium:selenium-devtools-v86:4.16.1` where the version ("v86") matches the version of the chromium-based browser you're using and the version number of the artifact is the same as Selenium's.
[Test worker] INFO com.kestrel.utils.DriverManager - ? Kestrel driver ready for hunt on thread: Test worker
[Test worker] INFO com.kestrel.utils.DriverManager - ? Kestrel navigating to: https://www.demoblaze.com (attempt: 1)
[Test worker] INFO com.kestrel.utils.Hooks - ? Web hunt initiated at: https://www.demoblaze.com
[Test worker] INFO com.kestrel.web.stepdefs.WebStepDefinitions - ? Kestrel Web Hunt: Positioning at Demoblaze homepage
[Test worker] INFO com.kestrel.web.pages.HomePage - ? Navigated to Demoblaze homepage
[Test worker] INFO com.kestrel.web.stepdefs.WebStepDefinitions - ? Kestrel positioned and ready for web hunt
[Test worker] INFO com.kestrel.utils.ScreenshotCapture - ? Kestrel captured evidence at: 2025-06-08_04-02-31
[Test worker] INFO com.kestrel.web.pages.HomePage - ? Login button clicked
[Test worker] INFO com.kestrel.web.pages.LoginPage - ? Username entered: testuser
[Test worker] INFO com.kestrel.web.pages.LoginPage - ? Password entered: [HIDDEN]
[Test worker] INFO com.kestrel.web.pages.LoginPage - ? Login submit clicked
[Test worker] WARN com.kestrel.utils.Hooks - ? Target missed! Capturing failure evidence...
[Test worker] INFO com.kestrel.utils.ScreenshotCapture - ? Kestrel captured evidence at: 2025-06-08_04-02-34
[Test worker] INFO com.kestrel.utils.ScreenshotCapture - ? Kestrel captured evidence at: 2025-06-08_04-02-34
[Test worker] INFO com.kestrel.utils.ScreenshotCapture - ? Kestrel captured evidence at: 2025-06-08_04-02-34
[Test worker] INFO com.kestrel.utils.ScreenshotCapture - ? Screenshot saved: C:\Users\azka1\Projects\kestrel-engine\build\screenshots\FAILURE_Cart_modification_operations_2025-06-08_04-02-34.png
[Test worker] ERROR com.kestrel.utils.Hooks - ? Web hunt failed: Cart modification operations [Thread: Test worker]
[Test worker] INFO com.kestrel.utils.ScreenshotCapture - ? Kestrel captured evidence at: 2025-06-08_04-02-35
[Test worker] INFO com.kestrel.utils.ScreenshotCapture - ? Kestrel captured evidence at: 2025-06-08_04-02-35
[Test worker] INFO com.kestrel.utils.ScreenshotCapture - ? Screenshot saved: C:\Users\azka1\Projects\kestrel-engine\build\screenshots\FAILURE_FINAL_Cart_modification_operations_2025-06-08_04-02-35.png
[Test worker] INFO com.kestrel.utils.DriverManager - ? Kestrel driver mission complete on thread: Test worker, shutting down
Jun 08, 2025 4:02:35 AM org.openqa.selenium.remote.http.WebSocket$Listener onError
WARNING: Connection reset
java.net.SocketException: Connection reset
	at java.base/sun.nio.ch.SocketChannelImpl.throwConnectionReset(SocketChannelImpl.java:394)
	at java.base/sun.nio.ch.SocketChannelImpl.read(SocketChannelImpl.java:426)
	at java.net.http/jdk.internal.net.http.SocketTube.readAvailable(SocketTube.java:1170)
	at java.net.http/jdk.internal.net.http.SocketTube$InternalReadPublisher$InternalReadSubscription.read(SocketTube.java:833)
	at java.net.http/jdk.internal.net.http.SocketTube$SocketFlowTask.run(SocketTube.java:181)
	at java.net.http/jdk.internal.net.http.common.SequentialScheduler$SchedulableTask.run(SequentialScheduler.java:230)
	at java.net.http/jdk.internal.net.http.common.SequentialScheduler.runOrSchedule(SequentialScheduler.java:303)
	at java.net.http/jdk.internal.net.http.common.SequentialScheduler.runOrSchedule(SequentialScheduler.java:256)
	at java.net.http/jdk.internal.net.http.SocketTube$InternalReadPublisher$InternalReadSubscription.signalReadable(SocketTube.java:774)
	at java.net.http/jdk.internal.net.http.SocketTube$InternalReadPublisher$ReadEvent.signalEvent(SocketTube.java:957)
	at java.net.http/jdk.internal.net.http.SocketTube$SocketFlowEvent.handle(SocketTube.java:253)
	at java.net.http/jdk.internal.net.http.HttpClientImpl$SelectorManager.handleEvent(HttpClientImpl.java:982)
	at java.net.http/jdk.internal.net.http.HttpClientImpl$SelectorManager.lambda$run$3(HttpClientImpl.java:937)
	at java.base/java.util.ArrayList.forEach(ArrayList.java:1511)
	at java.net.http/jdk.internal.net.http.HttpClientImpl$SelectorManager.run(HttpClientImpl.java:937)

[Test worker] INFO com.kestrel.utils.Hooks - ? Kestrel Web Hunt Starting: Product details verification [Thread: Test worker]
[Test worker] INFO com.kestrel.utils.DriverManager - ? Kestrel initializing chrome driver (headless: false, env: dev)
[Test worker] INFO io.github.bonigarcia.wdm.WebDriverManager - Using chromedriver 137.0.7151.68 (resolved driver for Chrome 137)
[Test worker] INFO io.github.bonigarcia.wdm.WebDriverManager - Exporting webdriver.chrome.driver as C:\Users\azka1\.cache\selenium\chromedriver\win64\137.0.7151.68\chromedriver.exe
[Test worker] INFO com.kestrel.utils.DriverManager - ? Chrome binary path set to: C:\Program Files\Google\Chrome\Application\chrome.exe
Jun 08, 2025 4:02:36 AM org.openqa.selenium.devtools.CdpVersionFinder findNearestMatch
WARNING: Unable to find CDP implementation matching 137
Jun 08, 2025 4:02:36 AM org.openqa.selenium.chromium.ChromiumDriver lambda$new$5
WARNING: Unable to find version of CDP to use for 137.0.7151.69. You may need to include a dependency on a specific version of the CDP using something similar to `org.seleniumhq.selenium:selenium-devtools-v86:4.16.1` where the version ("v86") matches the version of the chromium-based browser you're using and the version number of the artifact is the same as Selenium's.
[Test worker] INFO com.kestrel.utils.DriverManager - ? Kestrel driver ready for hunt on thread: Test worker
[Test worker] INFO com.kestrel.utils.DriverManager - ? Kestrel navigating to: https://www.demoblaze.com (attempt: 1)
[Test worker] INFO com.kestrel.utils.Hooks - ? Web hunt initiated at: https://www.demoblaze.com
[Test worker] INFO com.kestrel.web.stepdefs.WebStepDefinitions - ? Kestrel Web Hunt: Positioning at Demoblaze homepage
[Test worker] INFO com.kestrel.web.pages.HomePage - ? Navigated to Demoblaze homepage
[Test worker] WARN com.kestrel.utils.Hooks - ? Target missed! Capturing failure evidence...
[Test worker] INFO com.kestrel.utils.ScreenshotCapture - ? Kestrel captured evidence at: 2025-06-08_04-02-49
[Test worker] INFO com.kestrel.utils.ScreenshotCapture - ? Kestrel captured evidence at: 2025-06-08_04-02-50
[Test worker] INFO com.kestrel.utils.ScreenshotCapture - ? Kestrel captured evidence at: 2025-06-08_04-02-50
[Test worker] INFO com.kestrel.utils.ScreenshotCapture - ? Screenshot saved: C:\Users\azka1\Projects\kestrel-engine\build\screenshots\FAILURE_Product_details_verification_2025-06-08_04-02-50.png
[Test worker] ERROR com.kestrel.utils.Hooks - ? Web hunt failed: Product details verification [Thread: Test worker]
[Test worker] INFO com.kestrel.utils.ScreenshotCapture - ? Kestrel captured evidence at: 2025-06-08_04-02-50
[Test worker] INFO com.kestrel.utils.ScreenshotCapture - ? Kestrel captured evidence at: 2025-06-08_04-02-51
[Test worker] INFO com.kestrel.utils.ScreenshotCapture - ? Screenshot saved: C:\Users\azka1\Projects\kestrel-engine\build\screenshots\FAILURE_FINAL_Product_details_verification_2025-06-08_04-02-51.png
[Test worker] INFO com.kestrel.utils.DriverManager - ? Kestrel driver mission complete on thread: Test worker, shutting down
Jun 08, 2025 4:02:51 AM org.openqa.selenium.remote.http.WebSocket$Listener onError
WARNING: Connection reset
java.net.SocketException: Connection reset
	at java.base/sun.nio.ch.SocketChannelImpl.throwConnectionReset(SocketChannelImpl.java:394)
	at java.base/sun.nio.ch.SocketChannelImpl.read(SocketChannelImpl.java:426)
	at java.net.http/jdk.internal.net.http.SocketTube.readAvailable(SocketTube.java:1170)
	at java.net.http/jdk.internal.net.http.SocketTube$InternalReadPublisher$InternalReadSubscription.read(SocketTube.java:833)
	at java.net.http/jdk.internal.net.http.SocketTube$SocketFlowTask.run(SocketTube.java:181)
	at java.net.http/jdk.internal.net.http.common.SequentialScheduler$SchedulableTask.run(SequentialScheduler.java:230)
	at java.net.http/jdk.internal.net.http.common.SequentialScheduler.runOrSchedule(SequentialScheduler.java:303)
	at java.net.http/jdk.internal.net.http.common.SequentialScheduler.runOrSchedule(SequentialScheduler.java:256)
	at java.net.http/jdk.internal.net.http.SocketTube$InternalReadPublisher$InternalReadSubscription.signalReadable(SocketTube.java:774)
	at java.net.http/jdk.internal.net.http.SocketTube$InternalReadPublisher$ReadEvent.signalEvent(SocketTube.java:957)
	at java.net.http/jdk.internal.net.http.SocketTube$SocketFlowEvent.handle(SocketTube.java:253)
	at java.net.http/jdk.internal.net.http.HttpClientImpl$SelectorManager.handleEvent(HttpClientImpl.java:982)
	at java.net.http/jdk.internal.net.http.HttpClientImpl$SelectorManager.lambda$run$3(HttpClientImpl.java:937)
	at java.base/java.util.ArrayList.forEach(ArrayList.java:1511)
	at java.net.http/jdk.internal.net.http.HttpClientImpl$SelectorManager.run(HttpClientImpl.java:937)

[Test worker] INFO com.kestrel.utils.Hooks - ? Kestrel Web Hunt Starting: Cart operations without authentication [Thread: Test worker]
[Test worker] INFO com.kestrel.utils.DriverManager - ? Kestrel initializing chrome driver (headless: false, env: dev)
[Test worker] INFO io.github.bonigarcia.wdm.WebDriverManager - Using chromedriver 137.0.7151.68 (resolved driver for Chrome 137)
[Test worker] INFO io.github.bonigarcia.wdm.WebDriverManager - Exporting webdriver.chrome.driver as C:\Users\azka1\.cache\selenium\chromedriver\win64\137.0.7151.68\chromedriver.exe
[Test worker] INFO com.kestrel.utils.DriverManager - ? Chrome binary path set to: C:\Program Files\Google\Chrome\Application\chrome.exe
Jun 08, 2025 4:02:52 AM org.openqa.selenium.devtools.CdpVersionFinder findNearestMatch
WARNING: Unable to find CDP implementation matching 137
Jun 08, 2025 4:02:52 AM org.openqa.selenium.chromium.ChromiumDriver lambda$new$5
WARNING: Unable to find version of CDP to use for 137.0.7151.69. You may need to include a dependency on a specific version of the CDP using something similar to `org.seleniumhq.selenium:selenium-devtools-v86:4.16.1` where the version ("v86") matches the version of the chromium-based browser you're using and the version number of the artifact is the same as Selenium's.
[Test worker] INFO com.kestrel.utils.DriverManager - ? Kestrel driver ready for hunt on thread: Test worker
[Test worker] INFO com.kestrel.utils.DriverManager - ? Kestrel navigating to: https://www.demoblaze.com (attempt: 1)
[Test worker] WARN com.kestrel.utils.DriverManager - ?? Navigation attempt 1 failed: timeout: Timed out receiving message from renderer: -0.005
  (Session info: chrome=137.0.7151.69)
Build info: version: '4.16.1', revision: '9b4c83354e'
System info: os.name: 'Windows 11', os.arch: 'amd64', os.version: '10.0', java.version: '17.0.12'
Driver info: org.openqa.selenium.chrome.ChromeDriver
Command: [f2a8a9ce5683ebd7a85d734e03acbc98, get {url=https://www.demoblaze.com}]
Capabilities {acceptInsecureCerts: false, browserName: chrome, browserVersion: 137.0.7151.69, chrome: {chromedriverVersion: 137.0.7151.68 (2989ffee9373..., userDataDir: C:\Users\azka1\AppData\Loca...}, fedcm:accounts: true, goog:chromeOptions: {debuggerAddress: localhost:57510}, networkConnectionEnabled: false, pageLoadStrategy: normal, platformName: windows, proxy: Proxy(), se:cdp: ws://localhost:57510/devtoo..., se:cdpVersion: 137.0.7151.69, setWindowRect: true, strictFileInteractability: false, timeouts: {implicit: 0, pageLoad: 300000, script: 30000}, unhandledPromptBehavior: dismiss and notify, webauthn:extension:credBlob: true, webauthn:extension:largeBlob: true, webauthn:extension:minPinLength: true, webauthn:extension:prf: true, webauthn:virtualAuthenticators: true}
Session ID: f2a8a9ce5683ebd7a85d734e03acbc98
[Test worker] INFO com.kestrel.utils.DriverManager - ? Kestrel navigating to: https://www.demoblaze.com (attempt: 2)
[Test worker] WARN com.kestrel.utils.DriverManager - ?? Navigation attempt 2 failed: timeout: Timed out receiving message from renderer: 30.000
  (Session info: chrome=137.0.7151.69)
Build info: version: '4.16.1', revision: '9b4c83354e'
System info: os.name: 'Windows 11', os.arch: 'amd64', os.version: '10.0', java.version: '17.0.12'
Driver info: org.openqa.selenium.chrome.ChromeDriver
Command: [f2a8a9ce5683ebd7a85d734e03acbc98, get {url=https://www.demoblaze.com}]
Capabilities {acceptInsecureCerts: false, browserName: chrome, browserVersion: 137.0.7151.69, chrome: {chromedriverVersion: 137.0.7151.68 (2989ffee9373..., userDataDir: C:\Users\azka1\AppData\Loca...}, fedcm:accounts: true, goog:chromeOptions: {debuggerAddress: localhost:57510}, networkConnectionEnabled: false, pageLoadStrategy: normal, platformName: windows, proxy: Proxy(), se:cdp: ws://localhost:57510/devtoo..., se:cdpVersion: 137.0.7151.69, setWindowRect: true, strictFileInteractability: false, timeouts: {implicit: 0, pageLoad: 300000, script: 30000}, unhandledPromptBehavior: dismiss and notify, webauthn:extension:credBlob: true, webauthn:extension:largeBlob: true, webauthn:extension:minPinLength: true, webauthn:extension:prf: true, webauthn:virtualAuthenticators: true}
Session ID: f2a8a9ce5683ebd7a85d734e03acbc98
[Test worker] INFO com.kestrel.utils.DriverManager - ? Kestrel navigating to: https://www.demoblaze.com (attempt: 3)
[Test worker] INFO com.kestrel.utils.Hooks - ? Web hunt initiated at: https://www.demoblaze.com
[Test worker] INFO com.kestrel.web.stepdefs.WebStepDefinitions - ? Kestrel Web Hunt: Positioning at Demoblaze homepage
[Test worker] INFO com.kestrel.web.pages.HomePage - ? Navigated to Demoblaze homepage
[Test worker] INFO com.kestrel.web.stepdefs.WebStepDefinitions - ? Kestrel positioned and ready for web hunt
[Test worker] INFO com.kestrel.utils.ScreenshotCapture - ? Kestrel captured evidence at: 2025-06-08_04-03-59
[Test worker] INFO com.kestrel.web.pages.HomePage - ? Login button clicked
[Test worker] INFO com.kestrel.web.pages.LoginPage - ? Username entered: testuser
[Test worker] INFO com.kestrel.web.pages.LoginPage - ? Password entered: [HIDDEN]
[Test worker] INFO com.kestrel.web.pages.LoginPage - ? Login submit clicked
[Test worker] WARN com.kestrel.utils.Hooks - ? Target missed! Capturing failure evidence...
[Test worker] INFO com.kestrel.utils.ScreenshotCapture - ? Kestrel captured evidence at: 2025-06-08_04-04-02
[Test worker] INFO com.kestrel.utils.ScreenshotCapture - ? Kestrel captured evidence at: 2025-06-08_04-04-02
[Test worker] INFO com.kestrel.utils.ScreenshotCapture - ? Kestrel captured evidence at: 2025-06-08_04-04-02
[Test worker] INFO com.kestrel.utils.ScreenshotCapture - ? Screenshot saved: C:\Users\azka1\Projects\kestrel-engine\build\screenshots\FAILURE_Cart_operations_without_authentication_2025-06-08_04-04-02.png
[Test worker] ERROR com.kestrel.utils.Hooks - ? Web hunt failed: Cart operations without authentication [Thread: Test worker]
[Test worker] INFO com.kestrel.utils.ScreenshotCapture - ? Kestrel captured evidence at: 2025-06-08_04-04-03
[Test worker] INFO com.kestrel.utils.ScreenshotCapture - ? Kestrel captured evidence at: 2025-06-08_04-04-03
[Test worker] INFO com.kestrel.utils.ScreenshotCapture - ? Screenshot saved: C:\Users\azka1\Projects\kestrel-engine\build\screenshots\FAILURE_FINAL_Cart_operations_without_authentication_2025-06-08_04-04-03.png
[Test worker] INFO com.kestrel.utils.DriverManager - ? Kestrel driver mission complete on thread: Test worker, shutting down
Jun 08, 2025 4:04:03 AM org.openqa.selenium.remote.http.WebSocket$Listener onError
WARNING: Connection reset
java.net.SocketException: Connection reset
	at java.base/sun.nio.ch.SocketChannelImpl.throwConnectionReset(SocketChannelImpl.java:394)
	at java.base/sun.nio.ch.SocketChannelImpl.read(SocketChannelImpl.java:426)
	at java.net.http/jdk.internal.net.http.SocketTube.readAvailable(SocketTube.java:1170)
	at java.net.http/jdk.internal.net.http.SocketTube$InternalReadPublisher$InternalReadSubscription.read(SocketTube.java:833)
	at java.net.http/jdk.internal.net.http.SocketTube$SocketFlowTask.run(SocketTube.java:181)
	at java.net.http/jdk.internal.net.http.common.SequentialScheduler$SchedulableTask.run(SequentialScheduler.java:230)
	at java.net.http/jdk.internal.net.http.common.SequentialScheduler.runOrSchedule(SequentialScheduler.java:303)
	at java.net.http/jdk.internal.net.http.common.SequentialScheduler.runOrSchedule(SequentialScheduler.java:256)
	at java.net.http/jdk.internal.net.http.SocketTube$InternalReadPublisher$InternalReadSubscription.signalReadable(SocketTube.java:774)
	at java.net.http/jdk.internal.net.http.SocketTube$InternalReadPublisher$ReadEvent.signalEvent(SocketTube.java:957)
	at java.net.http/jdk.internal.net.http.SocketTube$SocketFlowEvent.handle(SocketTube.java:253)
	at java.net.http/jdk.internal.net.http.HttpClientImpl$SelectorManager.handleEvent(HttpClientImpl.java:982)
	at java.net.http/jdk.internal.net.http.HttpClientImpl$SelectorManager.lambda$run$3(HttpClientImpl.java:937)
	at java.base/java.util.ArrayList.forEach(ArrayList.java:1511)
	at java.net.http/jdk.internal.net.http.HttpClientImpl$SelectorManager.run(HttpClientImpl.java:937)

[Test worker] INFO com.kestrel.utils.Hooks - ? Kestrel Web Hunt Starting: Empty cart checkout attempt [Thread: Test worker]
[Test worker] INFO com.kestrel.utils.DriverManager - ? Kestrel initializing chrome driver (headless: false, env: dev)
[Test worker] INFO io.github.bonigarcia.wdm.WebDriverManager - Using chromedriver 137.0.7151.68 (resolved driver for Chrome 137)
[Test worker] INFO io.github.bonigarcia.wdm.WebDriverManager - Exporting webdriver.chrome.driver as C:\Users\azka1\.cache\selenium\chromedriver\win64\137.0.7151.68\chromedriver.exe
[Test worker] INFO com.kestrel.utils.DriverManager - ? Chrome binary path set to: C:\Program Files\Google\Chrome\Application\chrome.exe
Jun 08, 2025 4:04:05 AM org.openqa.selenium.devtools.CdpVersionFinder findNearestMatch
WARNING: Unable to find CDP implementation matching 137
Jun 08, 2025 4:04:05 AM org.openqa.selenium.chromium.ChromiumDriver lambda$new$5
WARNING: Unable to find version of CDP to use for 137.0.7151.69. You may need to include a dependency on a specific version of the CDP using something similar to `org.seleniumhq.selenium:selenium-devtools-v86:4.16.1` where the version ("v86") matches the version of the chromium-based browser you're using and the version number of the artifact is the same as Selenium's.
[Test worker] INFO com.kestrel.utils.DriverManager - ? Kestrel driver ready for hunt on thread: Test worker
[Test worker] INFO com.kestrel.utils.DriverManager - ? Kestrel navigating to: https://www.demoblaze.com (attempt: 1)
[Test worker] WARN com.kestrel.utils.DriverManager - ?? Navigation attempt 1 failed: timeout: Timed out receiving message from renderer: -0.011
  (Session info: chrome=137.0.7151.69)
Build info: version: '4.16.1', revision: '9b4c83354e'
System info: os.name: 'Windows 11', os.arch: 'amd64', os.version: '10.0', java.version: '17.0.12'
Driver info: org.openqa.selenium.chrome.ChromeDriver
Command: [e0235987f4f8759f11cc6a03be77d95d, get {url=https://www.demoblaze.com}]
Capabilities {acceptInsecureCerts: false, browserName: chrome, browserVersion: 137.0.7151.69, chrome: {chromedriverVersion: 137.0.7151.68 (2989ffee9373..., userDataDir: C:\Users\azka1\AppData\Loca...}, fedcm:accounts: true, goog:chromeOptions: {debuggerAddress: localhost:57562}, networkConnectionEnabled: false, pageLoadStrategy: normal, platformName: windows, proxy: Proxy(), se:cdp: ws://localhost:57562/devtoo..., se:cdpVersion: 137.0.7151.69, setWindowRect: true, strictFileInteractability: false, timeouts: {implicit: 0, pageLoad: 300000, script: 30000}, unhandledPromptBehavior: dismiss and notify, webauthn:extension:credBlob: true, webauthn:extension:largeBlob: true, webauthn:extension:minPinLength: true, webauthn:extension:prf: true, webauthn:virtualAuthenticators: true}
Session ID: e0235987f4f8759f11cc6a03be77d95d
[Test worker] INFO com.kestrel.utils.DriverManager - ? Kestrel navigating to: https://www.demoblaze.com (attempt: 2)
[Test worker] WARN com.kestrel.utils.DriverManager - ?? Navigation attempt 2 failed: timeout: Timed out receiving message from renderer: 30.000
  (Session info: chrome=137.0.7151.69)
Build info: version: '4.16.1', revision: '9b4c83354e'
System info: os.name: 'Windows 11', os.arch: 'amd64', os.version: '10.0', java.version: '17.0.12'
Driver info: org.openqa.selenium.chrome.ChromeDriver
Command: [e0235987f4f8759f11cc6a03be77d95d, get {url=https://www.demoblaze.com}]
Capabilities {acceptInsecureCerts: false, browserName: chrome, browserVersion: 137.0.7151.69, chrome: {chromedriverVersion: 137.0.7151.68 (2989ffee9373..., userDataDir: C:\Users\azka1\AppData\Loca...}, fedcm:accounts: true, goog:chromeOptions: {debuggerAddress: localhost:57562}, networkConnectionEnabled: false, pageLoadStrategy: normal, platformName: windows, proxy: Proxy(), se:cdp: ws://localhost:57562/devtoo..., se:cdpVersion: 137.0.7151.69, setWindowRect: true, strictFileInteractability: false, timeouts: {implicit: 0, pageLoad: 300000, script: 30000}, unhandledPromptBehavior: dismiss and notify, webauthn:extension:credBlob: true, webauthn:extension:largeBlob: true, webauthn:extension:minPinLength: true, webauthn:extension:prf: true, webauthn:virtualAuthenticators: true}
Session ID: e0235987f4f8759f11cc6a03be77d95d
[Test worker] INFO com.kestrel.utils.DriverManager - ? Kestrel navigating to: https://www.demoblaze.com (attempt: 3)
[Test worker] WARN com.kestrel.utils.DriverManager - ?? Navigation attempt 3 failed: timeout: Timed out receiving message from renderer: 30.000
  (Session info: chrome=137.0.7151.69)
Build info: version: '4.16.1', revision: '9b4c83354e'
System info: os.name: 'Windows 11', os.arch: 'amd64', os.version: '10.0', java.version: '17.0.12'
Driver info: org.openqa.selenium.chrome.ChromeDriver
Command: [e0235987f4f8759f11cc6a03be77d95d, get {url=https://www.demoblaze.com}]
Capabilities {acceptInsecureCerts: false, browserName: chrome, browserVersion: 137.0.7151.69, chrome: {chromedriverVersion: 137.0.7151.68 (2989ffee9373..., userDataDir: C:\Users\azka1\AppData\Loca...}, fedcm:accounts: true, goog:chromeOptions: {debuggerAddress: localhost:57562}, networkConnectionEnabled: false, pageLoadStrategy: normal, platformName: windows, proxy: Proxy(), se:cdp: ws://localhost:57562/devtoo..., se:cdpVersion: 137.0.7151.69, setWindowRect: true, strictFileInteractability: false, timeouts: {implicit: 0, pageLoad: 300000, script: 30000}, unhandledPromptBehavior: dismiss and notify, webauthn:extension:credBlob: true, webauthn:extension:largeBlob: true, webauthn:extension:minPinLength: true, webauthn:extension:prf: true, webauthn:virtualAuthenticators: true}
Session ID: e0235987f4f8759f11cc6a03be77d95d
[Test worker] ERROR com.kestrel.utils.DriverManager - ? Navigation failed after 3 attempts to: https://www.demoblaze.com
[Test worker] ERROR com.kestrel.utils.Hooks - ? Failed to initialize web hunt: Navigation failed after retries
[Test worker] ERROR com.kestrel.utils.Hooks - ? Web hunt failed: Empty cart checkout attempt [Thread: Test worker]
[Test worker] INFO com.kestrel.utils.ScreenshotCapture - ? Kestrel captured evidence at: 2025-06-08_04-05-39
[Test worker] INFO com.kestrel.utils.ScreenshotCapture - ? Kestrel captured evidence at: 2025-06-08_04-05-40
[Test worker] INFO com.kestrel.utils.ScreenshotCapture - ? Screenshot saved: C:\Users\azka1\Projects\kestrel-engine\build\screenshots\FAILURE_FINAL_Empty_cart_checkout_attempt_2025-06-08_04-05-40.png
[Test worker] INFO com.kestrel.utils.DriverManager - ? Kestrel driver mission complete on thread: Test worker, shutting down
Jun 08, 2025 4:05:40 AM org.openqa.selenium.remote.http.WebSocket$Listener onError
WARNING: Connection reset
java.net.SocketException: Connection reset
	at java.base/sun.nio.ch.SocketChannelImpl.throwConnectionReset(SocketChannelImpl.java:394)
	at java.base/sun.nio.ch.SocketChannelImpl.read(SocketChannelImpl.java:426)
	at java.net.http/jdk.internal.net.http.SocketTube.readAvailable(SocketTube.java:1170)
	at java.net.http/jdk.internal.net.http.SocketTube$InternalReadPublisher$InternalReadSubscription.read(SocketTube.java:833)
	at java.net.http/jdk.internal.net.http.SocketTube$SocketFlowTask.run(SocketTube.java:181)
	at java.net.http/jdk.internal.net.http.common.SequentialScheduler$SchedulableTask.run(SequentialScheduler.java:230)
	at java.net.http/jdk.internal.net.http.common.SequentialScheduler.runOrSchedule(SequentialScheduler.java:303)
	at java.net.http/jdk.internal.net.http.common.SequentialScheduler.runOrSchedule(SequentialScheduler.java:256)
	at java.net.http/jdk.internal.net.http.SocketTube$InternalReadPublisher$InternalReadSubscription.signalReadable(SocketTube.java:774)
	at java.net.http/jdk.internal.net.http.SocketTube$InternalReadPublisher$ReadEvent.signalEvent(SocketTube.java:957)
	at java.net.http/jdk.internal.net.http.SocketTube$SocketFlowEvent.handle(SocketTube.java:253)
	at java.net.http/jdk.internal.net.http.HttpClientImpl$SelectorManager.handleEvent(HttpClientImpl.java:982)
	at java.net.http/jdk.internal.net.http.HttpClientImpl$SelectorManager.lambda$run$3(HttpClientImpl.java:937)
	at java.base/java.util.ArrayList.forEach(ArrayList.java:1511)
	at java.net.http/jdk.internal.net.http.HttpClientImpl$SelectorManager.run(HttpClientImpl.java:937)

[Test worker] INFO com.kestrel.utils.Hooks - ? Kestrel Web Hunt Starting: Product reconnaissance and acquisition [Thread: Test worker]
[Test worker] INFO com.kestrel.utils.DriverManager - ? Kestrel initializing chrome driver (headless: false, env: dev)
[Test worker] INFO io.github.bonigarcia.wdm.WebDriverManager - Using chromedriver 137.0.7151.68 (resolved driver for Chrome 137)
[Test worker] INFO io.github.bonigarcia.wdm.WebDriverManager - Exporting webdriver.chrome.driver as C:\Users\azka1\.cache\selenium\chromedriver\win64\137.0.7151.68\chromedriver.exe
[Test worker] INFO com.kestrel.utils.DriverManager - ? Chrome binary path set to: C:\Program Files\Google\Chrome\Application\chrome.exe
Jun 08, 2025 4:05:42 AM org.openqa.selenium.devtools.CdpVersionFinder findNearestMatch
WARNING: Unable to find CDP implementation matching 137
Jun 08, 2025 4:05:42 AM org.openqa.selenium.chromium.ChromiumDriver lambda$new$5
WARNING: Unable to find version of CDP to use for 137.0.7151.69. You may need to include a dependency on a specific version of the CDP using something similar to `org.seleniumhq.selenium:selenium-devtools-v86:4.16.1` where the version ("v86") matches the version of the chromium-based browser you're using and the version number of the artifact is the same as Selenium's.
[Test worker] INFO com.kestrel.utils.DriverManager - ? Kestrel driver ready for hunt on thread: Test worker
[Test worker] INFO com.kestrel.utils.DriverManager - ? Kestrel navigating to: https://www.demoblaze.com (attempt: 1)
[Test worker] INFO com.kestrel.utils.Hooks - ? Web hunt initiated at: https://www.demoblaze.com
[Test worker] INFO com.kestrel.web.stepdefs.WebStepDefinitions - ? Kestrel Web Hunt: Positioning at Demoblaze homepage
[Test worker] INFO com.kestrel.web.pages.HomePage - ? Navigated to Demoblaze homepage
[Test worker] INFO com.kestrel.web.stepdefs.WebStepDefinitions - ? Kestrel positioned and ready for web hunt
[Test worker] INFO com.kestrel.utils.ScreenshotCapture - ? Kestrel captured evidence at: 2025-06-08_04-05-45
[Test worker] INFO com.kestrel.web.pages.HomePage - ? Login button clicked
[Test worker] INFO com.kestrel.web.pages.LoginPage - ? Username entered: testuser
[Test worker] INFO com.kestrel.web.pages.LoginPage - ? Password entered: [HIDDEN]
[Test worker] INFO com.kestrel.web.pages.LoginPage - ? Login submit clicked
[Test worker] WARN com.kestrel.utils.Hooks - ? Target missed! Capturing failure evidence...
[Test worker] INFO com.kestrel.utils.ScreenshotCapture - ? Kestrel captured evidence at: 2025-06-08_04-05-48
[Test worker] INFO com.kestrel.utils.ScreenshotCapture - ? Kestrel captured evidence at: 2025-06-08_04-05-48
[Test worker] INFO com.kestrel.utils.ScreenshotCapture - ? Kestrel captured evidence at: 2025-06-08_04-05-48
[Test worker] INFO com.kestrel.utils.ScreenshotCapture - ? Screenshot saved: C:\Users\azka1\Projects\kestrel-engine\build\screenshots\FAILURE_Product_reconnaissance_and_acquisition_2025-06-08_04-05-48.png
[Test worker] ERROR com.kestrel.utils.Hooks - ? Web hunt failed: Product reconnaissance and acquisition [Thread: Test worker]
[Test worker] INFO com.kestrel.utils.ScreenshotCapture - ? Kestrel captured evidence at: 2025-06-08_04-05-49
[Test worker] INFO com.kestrel.utils.ScreenshotCapture - ? Kestrel captured evidence at: 2025-06-08_04-05-49
[Test worker] INFO com.kestrel.utils.ScreenshotCapture - ? Screenshot saved: C:\Users\azka1\Projects\kestrel-engine\build\screenshots\FAILURE_FINAL_Product_reconnaissance_and_acquisition_2025-06-08_04-05-49.png
[Test worker] INFO com.kestrel.utils.DriverManager - ? Kestrel driver mission complete on thread: Test worker, shutting down
Jun 08, 2025 4:05:49 AM org.openqa.selenium.remote.http.WebSocket$Listener onError
WARNING: Connection reset
java.net.SocketException: Connection reset
	at java.base/sun.nio.ch.SocketChannelImpl.throwConnectionReset(SocketChannelImpl.java:394)
	at java.base/sun.nio.ch.SocketChannelImpl.read(SocketChannelImpl.java:426)
	at java.net.http/jdk.internal.net.http.SocketTube.readAvailable(SocketTube.java:1170)
	at java.net.http/jdk.internal.net.http.SocketTube$InternalReadPublisher$InternalReadSubscription.read(SocketTube.java:833)
	at java.net.http/jdk.internal.net.http.SocketTube$SocketFlowTask.run(SocketTube.java:181)
	at java.net.http/jdk.internal.net.http.common.SequentialScheduler$SchedulableTask.run(SequentialScheduler.java:230)
	at java.net.http/jdk.internal.net.http.common.SequentialScheduler.runOrSchedule(SequentialScheduler.java:303)
	at java.net.http/jdk.internal.net.http.common.SequentialScheduler.runOrSchedule(SequentialScheduler.java:256)
	at java.net.http/jdk.internal.net.http.SocketTube$InternalReadPublisher$InternalReadSubscription.signalReadable(SocketTube.java:774)
	at java.net.http/jdk.internal.net.http.SocketTube$InternalReadPublisher$ReadEvent.signalEvent(SocketTube.java:957)
	at java.net.http/jdk.internal.net.http.SocketTube$SocketFlowEvent.handle(SocketTube.java:253)
	at java.net.http/jdk.internal.net.http.HttpClientImpl$SelectorManager.handleEvent(HttpClientImpl.java:982)
	at java.net.http/jdk.internal.net.http.HttpClientImpl$SelectorManager.lambda$run$3(HttpClientImpl.java:937)
	at java.base/java.util.ArrayList.forEach(ArrayList.java:1511)
	at java.net.http/jdk.internal.net.http.HttpClientImpl$SelectorManager.run(HttpClientImpl.java:937)

[Test worker] INFO com.kestrel.utils.Hooks - ? Kestrel Web Hunt Starting: Multi-product cart assembly [Thread: Test worker]
[Test worker] INFO com.kestrel.utils.DriverManager - ? Kestrel initializing chrome driver (headless: false, env: dev)
[Test worker] INFO io.github.bonigarcia.wdm.WebDriverManager - Using chromedriver 137.0.7151.68 (resolved driver for Chrome 137)
[Test worker] INFO io.github.bonigarcia.wdm.WebDriverManager - Exporting webdriver.chrome.driver as C:\Users\azka1\.cache\selenium\chromedriver\win64\137.0.7151.68\chromedriver.exe
[Test worker] INFO com.kestrel.utils.DriverManager - ? Chrome binary path set to: C:\Program Files\Google\Chrome\Application\chrome.exe
Jun 08, 2025 4:05:50 AM org.openqa.selenium.devtools.CdpVersionFinder findNearestMatch
WARNING: Unable to find CDP implementation matching 137
Jun 08, 2025 4:05:50 AM org.openqa.selenium.chromium.ChromiumDriver lambda$new$5
WARNING: Unable to find version of CDP to use for 137.0.7151.69. You may need to include a dependency on a specific version of the CDP using something similar to `org.seleniumhq.selenium:selenium-devtools-v86:4.16.1` where the version ("v86") matches the version of the chromium-based browser you're using and the version number of the artifact is the same as Selenium's.
[Test worker] INFO com.kestrel.utils.DriverManager - ? Kestrel driver ready for hunt on thread: Test worker
[Test worker] INFO com.kestrel.utils.DriverManager - ? Kestrel navigating to: https://www.demoblaze.com (attempt: 1)
[Test worker] INFO com.kestrel.utils.Hooks - ? Web hunt initiated at: https://www.demoblaze.com
[Test worker] INFO com.kestrel.web.stepdefs.WebStepDefinitions - ? Kestrel Web Hunt: Positioning at Demoblaze homepage
[Test worker] INFO com.kestrel.web.pages.HomePage - ? Navigated to Demoblaze homepage
[Test worker] INFO com.kestrel.web.stepdefs.WebStepDefinitions - ? Kestrel positioned and ready for web hunt
[Test worker] INFO com.kestrel.utils.ScreenshotCapture - ? Kestrel captured evidence at: 2025-06-08_04-05-54
[Test worker] INFO com.kestrel.web.pages.HomePage - ? Login button clicked
[Test worker] INFO com.kestrel.web.pages.LoginPage - ? Username entered: testuser
[Test worker] INFO com.kestrel.web.pages.LoginPage - ? Password entered: [HIDDEN]
[Test worker] INFO com.kestrel.web.pages.LoginPage - ? Login submit clicked
[Test worker] WARN com.kestrel.utils.Hooks - ? Target missed! Capturing failure evidence...
[Test worker] INFO com.kestrel.utils.ScreenshotCapture - ? Kestrel captured evidence at: 2025-06-08_04-05-56
[Test worker] INFO com.kestrel.utils.ScreenshotCapture - ? Kestrel captured evidence at: 2025-06-08_04-05-56
[Test worker] INFO com.kestrel.utils.ScreenshotCapture - ? Kestrel captured evidence at: 2025-06-08_04-05-57
[Test worker] INFO com.kestrel.utils.ScreenshotCapture - ? Screenshot saved: C:\Users\azka1\Projects\kestrel-engine\build\screenshots\FAILURE_Multi-product_cart_assembly_2025-06-08_04-05-57.png
[Test worker] ERROR com.kestrel.utils.Hooks - ? Web hunt failed: Multi-product cart assembly [Thread: Test worker]
[Test worker] INFO com.kestrel.utils.ScreenshotCapture - ? Kestrel captured evidence at: 2025-06-08_04-05-57
[Test worker] INFO com.kestrel.utils.ScreenshotCapture - ? Kestrel captured evidence at: 2025-06-08_04-05-57
[Test worker] INFO com.kestrel.utils.ScreenshotCapture - ? Screenshot saved: C:\Users\azka1\Projects\kestrel-engine\build\screenshots\FAILURE_FINAL_Multi-product_cart_assembly_2025-06-08_04-05-57.png
[Test worker] INFO com.kestrel.utils.DriverManager - ? Kestrel driver mission complete on thread: Test worker, shutting down
[Test worker] INFO com.kestrel.utils.Hooks - ? Kestrel Web Hunt Starting: Cart modification operations [Thread: Test worker]
[Test worker] INFO com.kestrel.utils.DriverManager - ? Kestrel initializing chrome driver (headless: false, env: dev)
[Test worker] INFO io.github.bonigarcia.wdm.WebDriverManager - Using chromedriver 137.0.7151.68 (resolved driver for Chrome 137)
[Test worker] INFO io.github.bonigarcia.wdm.WebDriverManager - Exporting webdriver.chrome.driver as C:\Users\azka1\.cache\selenium\chromedriver\win64\137.0.7151.68\chromedriver.exe
[Test worker] INFO com.kestrel.utils.DriverManager - ? Chrome binary path set to: C:\Program Files\Google\Chrome\Application\chrome.exe
Jun 08, 2025 4:05:59 AM org.openqa.selenium.devtools.CdpVersionFinder findNearestMatch
WARNING: Unable to find CDP implementation matching 137
Jun 08, 2025 4:05:59 AM org.openqa.selenium.chromium.ChromiumDriver lambda$new$5
WARNING: Unable to find version of CDP to use for 137.0.7151.69. You may need to include a dependency on a specific version of the CDP using something similar to `org.seleniumhq.selenium:selenium-devtools-v86:4.16.1` where the version ("v86") matches the version of the chromium-based browser you're using and the version number of the artifact is the same as Selenium's.
[Test worker] INFO com.kestrel.utils.DriverManager - ? Kestrel driver ready for hunt on thread: Test worker
[Test worker] INFO com.kestrel.utils.DriverManager - ? Kestrel navigating to: https://www.demoblaze.com (attempt: 1)
[Test worker] INFO com.kestrel.utils.Hooks - ? Web hunt initiated at: https://www.demoblaze.com
[Test worker] INFO com.kestrel.web.stepdefs.WebStepDefinitions - ? Kestrel Web Hunt: Positioning at Demoblaze homepage
[Test worker] INFO com.kestrel.web.pages.HomePage - ? Navigated to Demoblaze homepage
[Test worker] WARN com.kestrel.utils.Hooks - ? Target missed! Capturing failure evidence...
[Test worker] INFO com.kestrel.utils.ScreenshotCapture - ? Kestrel captured evidence at: 2025-06-08_04-06-12
[Test worker] INFO com.kestrel.utils.ScreenshotCapture - ? Kestrel captured evidence at: 2025-06-08_04-06-13
[Test worker] INFO com.kestrel.utils.ScreenshotCapture - ? Kestrel captured evidence at: 2025-06-08_04-06-13
[Test worker] INFO com.kestrel.utils.ScreenshotCapture - ? Screenshot saved: C:\Users\azka1\Projects\kestrel-engine\build\screenshots\FAILURE_Cart_modification_operations_2025-06-08_04-06-13.png
[Test worker] ERROR com.kestrel.utils.Hooks - ? Web hunt failed: Cart modification operations [Thread: Test worker]
[Test worker] INFO com.kestrel.utils.ScreenshotCapture - ? Kestrel captured evidence at: 2025-06-08_04-06-13
[Test worker] INFO com.kestrel.utils.ScreenshotCapture - ? Kestrel captured evidence at: 2025-06-08_04-06-14
[Test worker] INFO com.kestrel.utils.ScreenshotCapture - ? Screenshot saved: C:\Users\azka1\Projects\kestrel-engine\build\screenshots\FAILURE_FINAL_Cart_modification_operations_2025-06-08_04-06-14.png
[Test worker] INFO com.kestrel.utils.DriverManager - ? Kestrel driver mission complete on thread: Test worker, shutting down
[Test worker] INFO com.kestrel.utils.Hooks - ? Kestrel Web Hunt Starting: Product details verification [Thread: Test worker]
[Test worker] INFO com.kestrel.utils.DriverManager - ? Kestrel initializing chrome driver (headless: false, env: dev)
[Test worker] INFO io.github.bonigarcia.wdm.WebDriverManager - Using chromedriver 137.0.7151.68 (resolved driver for Chrome 137)
[Test worker] INFO io.github.bonigarcia.wdm.WebDriverManager - Exporting webdriver.chrome.driver as C:\Users\azka1\.cache\selenium\chromedriver\win64\137.0.7151.68\chromedriver.exe
[Test worker] INFO com.kestrel.utils.DriverManager - ? Chrome binary path set to: C:\Program Files\Google\Chrome\Application\chrome.exe
Jun 08, 2025 4:06:16 AM org.openqa.selenium.devtools.CdpVersionFinder findNearestMatch
WARNING: Unable to find CDP implementation matching 137
Jun 08, 2025 4:06:16 AM org.openqa.selenium.chromium.ChromiumDriver lambda$new$5
WARNING: Unable to find version of CDP to use for 137.0.7151.69. You may need to include a dependency on a specific version of the CDP using something similar to `org.seleniumhq.selenium:selenium-devtools-v86:4.16.1` where the version ("v86") matches the version of the chromium-based browser you're using and the version number of the artifact is the same as Selenium's.
[Test worker] INFO com.kestrel.utils.DriverManager - ? Kestrel driver ready for hunt on thread: Test worker
[Test worker] INFO com.kestrel.utils.DriverManager - ? Kestrel navigating to: https://www.demoblaze.com (attempt: 1)
[Test worker] INFO com.kestrel.utils.Hooks - ? Web hunt initiated at: https://www.demoblaze.com
[Test worker] INFO com.kestrel.web.stepdefs.WebStepDefinitions - ? Kestrel Web Hunt: Positioning at Demoblaze homepage
[Test worker] INFO com.kestrel.web.pages.HomePage - ? Navigated to Demoblaze homepage
[Test worker] INFO com.kestrel.web.stepdefs.WebStepDefinitions - ? Kestrel positioned and ready for web hunt
[Test worker] INFO com.kestrel.utils.ScreenshotCapture - ? Kestrel captured evidence at: 2025-06-08_04-06-19
[Test worker] INFO com.kestrel.web.pages.HomePage - ? Login button clicked
[Test worker] INFO com.kestrel.web.pages.LoginPage - ? Username entered: testuser
[Test worker] INFO com.kestrel.web.pages.LoginPage - ? Password entered: [HIDDEN]
[Test worker] INFO com.kestrel.web.pages.LoginPage - ? Login submit clicked
[Test worker] WARN com.kestrel.utils.Hooks - ? Target missed! Capturing failure evidence...
[Test worker] INFO com.kestrel.utils.ScreenshotCapture - ? Kestrel captured evidence at: 2025-06-08_04-06-21
[Test worker] INFO com.kestrel.utils.ScreenshotCapture - ? Kestrel captured evidence at: 2025-06-08_04-06-22
[Test worker] INFO com.kestrel.utils.ScreenshotCapture - ? Kestrel captured evidence at: 2025-06-08_04-06-22
[Test worker] INFO com.kestrel.utils.ScreenshotCapture - ? Screenshot saved: C:\Users\azka1\Projects\kestrel-engine\build\screenshots\FAILURE_Product_details_verification_2025-06-08_04-06-22.png
[Test worker] ERROR com.kestrel.utils.Hooks - ? Web hunt failed: Product details verification [Thread: Test worker]
[Test worker] INFO com.kestrel.utils.ScreenshotCapture - ? Kestrel captured evidence at: 2025-06-08_04-06-22
[Test worker] INFO com.kestrel.utils.ScreenshotCapture - ? Kestrel captured evidence at: 2025-06-08_04-06-23
[Test worker] INFO com.kestrel.utils.ScreenshotCapture - ? Screenshot saved: C:\Users\azka1\Projects\kestrel-engine\build\screenshots\FAILURE_FINAL_Product_details_verification_2025-06-08_04-06-23.png
[Test worker] INFO com.kestrel.utils.DriverManager - ? Kestrel driver mission complete on thread: Test worker, shutting down
Jun 08, 2025 4:06:23 AM org.openqa.selenium.remote.http.WebSocket$Listener onError
WARNING: Connection reset
java.net.SocketException: Connection reset
	at java.base/sun.nio.ch.SocketChannelImpl.throwConnectionReset(SocketChannelImpl.java:394)
	at java.base/sun.nio.ch.SocketChannelImpl.read(SocketChannelImpl.java:426)
	at java.net.http/jdk.internal.net.http.SocketTube.readAvailable(SocketTube.java:1170)
	at java.net.http/jdk.internal.net.http.SocketTube$InternalReadPublisher$InternalReadSubscription.read(SocketTube.java:833)
	at java.net.http/jdk.internal.net.http.SocketTube$SocketFlowTask.run(SocketTube.java:181)
	at java.net.http/jdk.internal.net.http.common.SequentialScheduler$SchedulableTask.run(SequentialScheduler.java:230)
	at java.net.http/jdk.internal.net.http.common.SequentialScheduler.runOrSchedule(SequentialScheduler.java:303)
	at java.net.http/jdk.internal.net.http.common.SequentialScheduler.runOrSchedule(SequentialScheduler.java:256)
	at java.net.http/jdk.internal.net.http.SocketTube$InternalReadPublisher$InternalReadSubscription.signalReadable(SocketTube.java:774)
	at java.net.http/jdk.internal.net.http.SocketTube$InternalReadPublisher$ReadEvent.signalEvent(SocketTube.java:957)
	at java.net.http/jdk.internal.net.http.SocketTube$SocketFlowEvent.handle(SocketTube.java:253)
	at java.net.http/jdk.internal.net.http.HttpClientImpl$SelectorManager.handleEvent(HttpClientImpl.java:982)
	at java.net.http/jdk.internal.net.http.HttpClientImpl$SelectorManager.lambda$run$3(HttpClientImpl.java:937)
	at java.base/java.util.ArrayList.forEach(ArrayList.java:1511)
	at java.net.http/jdk.internal.net.http.HttpClientImpl$SelectorManager.run(HttpClientImpl.java:937)

[Test worker] INFO com.kestrel.utils.Hooks - ? Kestrel Web Hunt Starting: Cart operations without authentication [Thread: Test worker]
[Test worker] INFO com.kestrel.utils.DriverManager - ? Kestrel initializing chrome driver (headless: false, env: dev)
[Test worker] INFO io.github.bonigarcia.wdm.WebDriverManager - Using chromedriver 137.0.7151.68 (resolved driver for Chrome 137)
[Test worker] INFO io.github.bonigarcia.wdm.WebDriverManager - Exporting webdriver.chrome.driver as C:\Users\azka1\.cache\selenium\chromedriver\win64\137.0.7151.68\chromedriver.exe
[Test worker] INFO com.kestrel.utils.DriverManager - ? Chrome binary path set to: C:\Program Files\Google\Chrome\Application\chrome.exe
Jun 08, 2025 4:06:24 AM org.openqa.selenium.devtools.CdpVersionFinder findNearestMatch
WARNING: Unable to find CDP implementation matching 137
Jun 08, 2025 4:06:24 AM org.openqa.selenium.chromium.ChromiumDriver lambda$new$5
WARNING: Unable to find version of CDP to use for 137.0.7151.69. You may need to include a dependency on a specific version of the CDP using something similar to `org.seleniumhq.selenium:selenium-devtools-v86:4.16.1` where the version ("v86") matches the version of the chromium-based browser you're using and the version number of the artifact is the same as Selenium's.
[Test worker] INFO com.kestrel.utils.DriverManager - ? Kestrel driver ready for hunt on thread: Test worker
[Test worker] INFO com.kestrel.utils.DriverManager - ? Kestrel navigating to: https://www.demoblaze.com (attempt: 1)
[Test worker] INFO com.kestrel.utils.Hooks - ? Web hunt initiated at: https://www.demoblaze.com
[Test worker] INFO com.kestrel.web.stepdefs.WebStepDefinitions - ? Kestrel Web Hunt: Positioning at Demoblaze homepage
[Test worker] INFO com.kestrel.web.pages.HomePage - ? Navigated to Demoblaze homepage
[Test worker] INFO com.kestrel.web.stepdefs.WebStepDefinitions - ? Kestrel positioned and ready for web hunt
[Test worker] INFO com.kestrel.utils.ScreenshotCapture - ? Kestrel captured evidence at: 2025-06-08_04-06-27
[Test worker] INFO com.kestrel.web.pages.HomePage - ? Login button clicked
[Test worker] INFO com.kestrel.web.pages.LoginPage - ? Username entered: testuser
[Test worker] INFO com.kestrel.web.pages.LoginPage - ? Password entered: [HIDDEN]
[Test worker] INFO com.kestrel.web.pages.LoginPage - ? Login submit clicked
[Test worker] WARN com.kestrel.utils.Hooks - ? Target missed! Capturing failure evidence...
[Test worker] INFO com.kestrel.utils.ScreenshotCapture - ? Kestrel captured evidence at: 2025-06-08_04-06-29
[Test worker] INFO com.kestrel.utils.ScreenshotCapture - ? Kestrel captured evidence at: 2025-06-08_04-06-29
[Test worker] INFO com.kestrel.utils.ScreenshotCapture - ? Kestrel captured evidence at: 2025-06-08_04-06-30
[Test worker] INFO com.kestrel.utils.ScreenshotCapture - ? Screenshot saved: C:\Users\azka1\Projects\kestrel-engine\build\screenshots\FAILURE_Cart_operations_without_authentication_2025-06-08_04-06-30.png
[Test worker] ERROR com.kestrel.utils.Hooks - ? Web hunt failed: Cart operations without authentication [Thread: Test worker]
[Test worker] INFO com.kestrel.utils.ScreenshotCapture - ? Kestrel captured evidence at: 2025-06-08_04-06-30
[Test worker] INFO com.kestrel.utils.ScreenshotCapture - ? Kestrel captured evidence at: 2025-06-08_04-06-30
[Test worker] INFO com.kestrel.utils.ScreenshotCapture - ? Screenshot saved: C:\Users\azka1\Projects\kestrel-engine\build\screenshots\FAILURE_FINAL_Cart_operations_without_authentication_2025-06-08_04-06-30.png
[Test worker] INFO com.kestrel.utils.DriverManager - ? Kestrel driver mission complete on thread: Test worker, shutting down
Jun 08, 2025 4:06:30 AM org.openqa.selenium.remote.http.WebSocket$Listener onError
WARNING: Connection reset
java.net.SocketException: Connection reset
	at java.base/sun.nio.ch.SocketChannelImpl.throwConnectionReset(SocketChannelImpl.java:394)
	at java.base/sun.nio.ch.SocketChannelImpl.read(SocketChannelImpl.java:426)
	at java.net.http/jdk.internal.net.http.SocketTube.readAvailable(SocketTube.java:1170)
	at java.net.http/jdk.internal.net.http.SocketTube$InternalReadPublisher$InternalReadSubscription.read(SocketTube.java:833)
	at java.net.http/jdk.internal.net.http.SocketTube$SocketFlowTask.run(SocketTube.java:181)
	at java.net.http/jdk.internal.net.http.common.SequentialScheduler$SchedulableTask.run(SequentialScheduler.java:230)
	at java.net.http/jdk.internal.net.http.common.SequentialScheduler.runOrSchedule(SequentialScheduler.java:303)
	at java.net.http/jdk.internal.net.http.common.SequentialScheduler.runOrSchedule(SequentialScheduler.java:256)
	at java.net.http/jdk.internal.net.http.SocketTube$InternalReadPublisher$InternalReadSubscription.signalReadable(SocketTube.java:774)
	at java.net.http/jdk.internal.net.http.SocketTube$InternalReadPublisher$ReadEvent.signalEvent(SocketTube.java:957)
	at java.net.http/jdk.internal.net.http.SocketTube$SocketFlowEvent.handle(SocketTube.java:253)
	at java.net.http/jdk.internal.net.http.HttpClientImpl$SelectorManager.handleEvent(HttpClientImpl.java:982)
	at java.net.http/jdk.internal.net.http.HttpClientImpl$SelectorManager.lambda$run$3(HttpClientImpl.java:937)
	at java.base/java.util.ArrayList.forEach(ArrayList.java:1511)
	at java.net.http/jdk.internal.net.http.HttpClientImpl$SelectorManager.run(HttpClientImpl.java:937)

[Test worker] INFO com.kestrel.utils.Hooks - ? Kestrel Web Hunt Starting: Empty cart checkout attempt [Thread: Test worker]
[Test worker] INFO com.kestrel.utils.DriverManager - ? Kestrel initializing chrome driver (headless: false, env: dev)
[Test worker] INFO io.github.bonigarcia.wdm.WebDriverManager - Using chromedriver 137.0.7151.68 (resolved driver for Chrome 137)
[Test worker] INFO io.github.bonigarcia.wdm.WebDriverManager - Exporting webdriver.chrome.driver as C:\Users\azka1\.cache\selenium\chromedriver\win64\137.0.7151.68\chromedriver.exe
[Test worker] INFO com.kestrel.utils.DriverManager - ? Chrome binary path set to: C:\Program Files\Google\Chrome\Application\chrome.exe
Jun 08, 2025 4:06:32 AM org.openqa.selenium.devtools.CdpVersionFinder findNearestMatch
WARNING: Unable to find CDP implementation matching 137
Jun 08, 2025 4:06:32 AM org.openqa.selenium.chromium.ChromiumDriver lambda$new$5
WARNING: Unable to find version of CDP to use for 137.0.7151.69. You may need to include a dependency on a specific version of the CDP using something similar to `org.seleniumhq.selenium:selenium-devtools-v86:4.16.1` where the version ("v86") matches the version of the chromium-based browser you're using and the version number of the artifact is the same as Selenium's.
[Test worker] INFO com.kestrel.utils.DriverManager - ? Kestrel driver ready for hunt on thread: Test worker
[Test worker] INFO com.kestrel.utils.DriverManager - ? Kestrel navigating to: https://www.demoblaze.com (attempt: 1)
[Test worker] INFO com.kestrel.utils.Hooks - ? Web hunt initiated at: https://www.demoblaze.com
[Test worker] INFO com.kestrel.web.stepdefs.WebStepDefinitions - ? Kestrel Web Hunt: Positioning at Demoblaze homepage
[Test worker] INFO com.kestrel.web.pages.HomePage - ? Navigated to Demoblaze homepage
[Test worker] INFO com.kestrel.web.stepdefs.WebStepDefinitions - ? Kestrel positioned and ready for web hunt
[Test worker] INFO com.kestrel.utils.ScreenshotCapture - ? Kestrel captured evidence at: 2025-06-08_04-06-35
[Test worker] INFO com.kestrel.web.pages.HomePage - ? Login button clicked
[Test worker] INFO com.kestrel.web.pages.LoginPage - ? Username entered: testuser
[Test worker] INFO com.kestrel.web.pages.LoginPage - ? Password entered: [HIDDEN]
[Test worker] INFO com.kestrel.web.pages.LoginPage - ? Login submit clicked
[Test worker] WARN com.kestrel.utils.Hooks - ? Target missed! Capturing failure evidence...
[Test worker] INFO com.kestrel.utils.ScreenshotCapture - ? Kestrel captured evidence at: 2025-06-08_04-06-37
[Test worker] INFO com.kestrel.utils.ScreenshotCapture - ? Kestrel captured evidence at: 2025-06-08_04-06-37
[Test worker] INFO com.kestrel.utils.ScreenshotCapture - ? Kestrel captured evidence at: 2025-06-08_04-06-38
[Test worker] INFO com.kestrel.utils.ScreenshotCapture - ? Screenshot saved: C:\Users\azka1\Projects\kestrel-engine\build\screenshots\FAILURE_Empty_cart_checkout_attempt_2025-06-08_04-06-38.png
[Test worker] ERROR com.kestrel.utils.Hooks - ? Web hunt failed: Empty cart checkout attempt [Thread: Test worker]
[Test worker] INFO com.kestrel.utils.ScreenshotCapture - ? Kestrel captured evidence at: 2025-06-08_04-06-38
[Test worker] INFO com.kestrel.utils.ScreenshotCapture - ? Kestrel captured evidence at: 2025-06-08_04-06-38
[Test worker] INFO com.kestrel.utils.ScreenshotCapture - ? Screenshot saved: C:\Users\azka1\Projects\kestrel-engine\build\screenshots\FAILURE_FINAL_Empty_cart_checkout_attempt_2025-06-08_04-06-38.png
[Test worker] INFO com.kestrel.utils.DriverManager - ? Kestrel driver mission complete on thread: Test worker, shutting down
[Test worker] INFO com.kestrel.utils.Hooks - ? ================================
[Test worker] INFO com.kestrel.utils.Hooks -    KESTREL ENGINE HUNT COMPLETE
[Test worker] INFO com.kestrel.utils.Hooks - ================================
[Test worker] WARN com.kestrel.utils.DriverManager - ? Emergency driver cleanup initiated
[Test worker] INFO com.kestrel.utils.DriverManager - ? Emergency cleanup completed
[Test worker] INFO com.kestrel.utils.Hooks - ? Hunt mission accomplished!
]]></system-err>
</testsuite>
